2023-11-28 22:37:52.330 +01:00 [Information] Database query initiated: Register user with username: pavlovicachilleas@gmail.com
2023-11-28 22:37:53.116 +01:00 [Information] Database register operation succesfull with username: pavlovicachilleas@gmail.com
2023-11-28 22:37:53.119 +01:00 [Information] Database query initiated: Register user with username: kincetube30@gmail.com
2023-11-28 22:37:53.138 +01:00 [Information] Database register operation succesfull with username: kincetube30@gmail.com
2023-11-28 22:37:53.138 +01:00 [Information] Database query initiated: Register user with username: lilchilleas@gmail.com
2023-11-28 22:37:53.142 +01:00 [Information] Database register operation succesfull with username: lilchilleas@gmail.com
2023-11-28 22:37:54.074 +01:00 [Information] User profile is available. Using '"C:\Users\pavlo\AppData\Local\ASP.NET\DataProtection-Keys"' as key repository and Windows DPAPI to encrypt keys at rest.
2023-11-28 22:37:54.208 +01:00 [Information] Now listening on: "http://localhost:5000"
2023-11-28 22:37:54.209 +01:00 [Information] Application started. Press Ctrl+C to shut down.
2023-11-28 22:37:54.213 +01:00 [Information] Hosting environment: "Development"
2023-11-28 22:37:54.213 +01:00 [Information] Content root path: "C:\Users\pavlo\Downloads\Oblig-2\Oblig-2\Oblig2.API"
2023-11-28 22:39:58.066 +01:00 [Information] Request starting HTTP/1.1 OPTIONS http://localhost:5000/api/discussion - -
2023-11-28 22:39:58.247 +01:00 [Information] CORS policy execution successful.
2023-11-28 22:39:58.257 +01:00 [Information] Request finished HTTP/1.1 OPTIONS http://localhost:5000/api/discussion - - - 204 - - 190.6430ms
2023-11-28 22:39:58.270 +01:00 [Information] Request starting HTTP/1.1 GET http://localhost:5000/api/discussion - -
2023-11-28 22:39:58.285 +01:00 [Information] CORS policy execution successful.
2023-11-28 22:39:58.580 +01:00 [Warning] Failed to determine the https port for redirect.
2023-11-28 22:39:58.586 +01:00 [Information] Executing endpoint '"Oblig2.API.Controllers.DiscussionController.GetDiscussions (Oblig2.API)"'
2023-11-28 22:39:58.632 +01:00 [Information] Route matched with "{action = \"GetDiscussions\", controller = \"Discussion\"}". Executing controller action with signature "System.Threading.Tasks.Task`1[Microsoft.AspNetCore.Mvc.ActionResult] GetDiscussions()" on controller "Oblig2.API.Controllers.DiscussionController" ("Oblig2.API").
2023-11-28 22:39:58.736 +01:00 [Information] Acquiring to get all discussions
2023-11-28 22:39:58.739 +01:00 [Information] Database query initiated: Fetching all discussions
2023-11-28 22:39:58.859 +01:00 [Information] Database get operation succesfull
2023-11-28 22:39:58.862 +01:00 [Information] Retrieved all discussions | Amount: 2 discussions
2023-11-28 22:39:58.881 +01:00 [Information] Executing "OkObjectResult", writing value of type '"System.Collections.Generic.List`1[[Oblig2.API.DTO.DiscussionDto, Oblig2.API, Version=1.0.0.0, Culture=neutral, PublicKeyToken=null]]"'.
2023-11-28 22:39:58.958 +01:00 [Information] Executed action "Oblig2.API.Controllers.DiscussionController.GetDiscussions (Oblig2.API)" in 313.2274ms
2023-11-28 22:39:58.958 +01:00 [Information] Executed endpoint '"Oblig2.API.Controllers.DiscussionController.GetDiscussions (Oblig2.API)"'
2023-11-28 22:39:58.976 +01:00 [Information] Request finished HTTP/1.1 GET http://localhost:5000/api/discussion - - - 200 - application/json;+charset=utf-8 706.3700ms
2023-11-28 22:40:12.671 +01:00 [Information] Request starting HTTP/1.1 OPTIONS http://localhost:5000/api/discussion - -
2023-11-28 22:40:12.674 +01:00 [Information] CORS policy execution successful.
2023-11-28 22:40:12.675 +01:00 [Information] Request finished HTTP/1.1 OPTIONS http://localhost:5000/api/discussion - - - 204 - - 3.7644ms
2023-11-28 22:40:12.680 +01:00 [Information] Request starting HTTP/1.1 GET http://localhost:5000/api/discussion - -
2023-11-28 22:40:12.681 +01:00 [Information] CORS policy execution successful.
2023-11-28 22:40:12.692 +01:00 [Information] Executing endpoint '"Oblig2.API.Controllers.DiscussionController.GetDiscussions (Oblig2.API)"'
2023-11-28 22:40:12.693 +01:00 [Information] Route matched with "{action = \"GetDiscussions\", controller = \"Discussion\"}". Executing controller action with signature "System.Threading.Tasks.Task`1[Microsoft.AspNetCore.Mvc.ActionResult] GetDiscussions()" on controller "Oblig2.API.Controllers.DiscussionController" ("Oblig2.API").
2023-11-28 22:40:12.695 +01:00 [Information] Acquiring to get all discussions
2023-11-28 22:40:12.696 +01:00 [Information] Database query initiated: Fetching all discussions
2023-11-28 22:40:12.863 +01:00 [Information] Database get operation succesfull
2023-11-28 22:40:12.863 +01:00 [Information] Retrieved all discussions | Amount: 2 discussions
2023-11-28 22:40:12.870 +01:00 [Information] Executing "OkObjectResult", writing value of type '"System.Collections.Generic.List`1[[Oblig2.API.DTO.DiscussionDto, Oblig2.API, Version=1.0.0.0, Culture=neutral, PublicKeyToken=null]]"'.
2023-11-28 22:40:12.873 +01:00 [Information] Executed action "Oblig2.API.Controllers.DiscussionController.GetDiscussions (Oblig2.API)" in 179.6657ms
2023-11-28 22:40:12.874 +01:00 [Information] Executed endpoint '"Oblig2.API.Controllers.DiscussionController.GetDiscussions (Oblig2.API)"'
2023-11-28 22:40:12.875 +01:00 [Information] Request finished HTTP/1.1 GET http://localhost:5000/api/discussion - - - 200 - application/json;+charset=utf-8 195.3819ms
2023-11-28 22:40:13.855 +01:00 [Information] Request starting HTTP/1.1 OPTIONS http://localhost:5000/api/discussion/1 - -
2023-11-28 22:40:13.856 +01:00 [Information] CORS policy execution successful.
2023-11-28 22:40:13.856 +01:00 [Information] Request finished HTTP/1.1 OPTIONS http://localhost:5000/api/discussion/1 - - - 204 - - 0.5887ms
2023-11-28 22:40:13.859 +01:00 [Information] Request starting HTTP/1.1 GET http://localhost:5000/api/discussion/1 - -
2023-11-28 22:40:13.859 +01:00 [Information] CORS policy execution successful.
2023-11-28 22:40:13.864 +01:00 [Information] Executing endpoint '"Oblig2.API.Controllers.DiscussionController.GetDiscussion (Oblig2.API)"'
2023-11-28 22:40:13.882 +01:00 [Information] Route matched with "{action = \"GetDiscussion\", controller = \"Discussion\"}". Executing controller action with signature "System.Threading.Tasks.Task`1[Microsoft.AspNetCore.Mvc.ActionResult`1[Oblig2.API.Models.Discussion]] GetDiscussion(Int32)" on controller "Oblig2.API.Controllers.DiscussionController" ("Oblig2.API").
2023-11-28 22:40:13.897 +01:00 [Information] Acquiring to get discussion with Id: 1
2023-11-28 22:40:13.901 +01:00 [Information] Database query initiated: Fetching discussion with ID: 1
2023-11-28 22:40:14.091 +01:00 [Warning] Compiling a query which loads related collections for more than one collection navigation, either via 'Include' or through projection, but no 'QuerySplittingBehavior' has been configured. By default, Entity Framework will use 'QuerySplittingBehavior.SingleQuery', which can potentially result in slow query performance. See https://go.microsoft.com/fwlink/?linkid=2134277 for more information. To identify the query that's triggering this warning call 'ConfigureWarnings(w => w.Throw(RelationalEventId.MultipleCollectionIncludeWarning))'.
2023-11-28 22:40:14.175 +01:00 [Information] Database get operation succesfull with Id: 1
2023-11-28 22:40:14.180 +01:00 [Information] Retrieved discussion with Id: 1
2023-11-28 22:40:14.182 +01:00 [Information] Executing "OkObjectResult", writing value of type '"Oblig2.API.DTO.DiscussionDto"'.
2023-11-28 22:40:14.199 +01:00 [Information] Executed action "Oblig2.API.Controllers.DiscussionController.GetDiscussion (Oblig2.API)" in 317.4221ms
2023-11-28 22:40:14.200 +01:00 [Information] Executed endpoint '"Oblig2.API.Controllers.DiscussionController.GetDiscussion (Oblig2.API)"'
2023-11-28 22:40:14.201 +01:00 [Information] Request finished HTTP/1.1 GET http://localhost:5000/api/discussion/1 - - - 200 - application/json;+charset=utf-8 342.1392ms
2023-11-28 22:40:15.697 +01:00 [Information] Request starting HTTP/1.1 GET http://localhost:5000/api/discussion - -
2023-11-28 22:40:15.697 +01:00 [Information] CORS policy execution successful.
2023-11-28 22:40:15.698 +01:00 [Information] Executing endpoint '"Oblig2.API.Controllers.DiscussionController.GetDiscussions (Oblig2.API)"'
2023-11-28 22:40:15.700 +01:00 [Information] Route matched with "{action = \"GetDiscussions\", controller = \"Discussion\"}". Executing controller action with signature "System.Threading.Tasks.Task`1[Microsoft.AspNetCore.Mvc.ActionResult] GetDiscussions()" on controller "Oblig2.API.Controllers.DiscussionController" ("Oblig2.API").
2023-11-28 22:40:15.700 +01:00 [Information] Acquiring to get all discussions
2023-11-28 22:40:15.701 +01:00 [Information] Database query initiated: Fetching all discussions
2023-11-28 22:40:15.722 +01:00 [Information] Database get operation succesfull
2023-11-28 22:40:15.722 +01:00 [Information] Retrieved all discussions | Amount: 2 discussions
2023-11-28 22:40:15.722 +01:00 [Information] Executing "OkObjectResult", writing value of type '"System.Collections.Generic.List`1[[Oblig2.API.DTO.DiscussionDto, Oblig2.API, Version=1.0.0.0, Culture=neutral, PublicKeyToken=null]]"'.
2023-11-28 22:40:15.724 +01:00 [Information] Executed action "Oblig2.API.Controllers.DiscussionController.GetDiscussions (Oblig2.API)" in 23.9986ms
2023-11-28 22:40:15.724 +01:00 [Information] Executed endpoint '"Oblig2.API.Controllers.DiscussionController.GetDiscussions (Oblig2.API)"'
2023-11-28 22:40:15.724 +01:00 [Information] Request finished HTTP/1.1 GET http://localhost:5000/api/discussion - - - 200 - application/json;+charset=utf-8 27.7283ms
2023-11-28 22:41:34.255 +01:00 [Information] Request starting HTTP/1.1 OPTIONS http://localhost:5000/api/discussion - -
2023-11-28 22:41:34.256 +01:00 [Information] CORS policy execution successful.
2023-11-28 22:41:34.256 +01:00 [Information] Request finished HTTP/1.1 OPTIONS http://localhost:5000/api/discussion - - - 204 - - 1.7903ms
2023-11-28 22:41:34.260 +01:00 [Information] Request starting HTTP/1.1 GET http://localhost:5000/api/discussion - -
2023-11-28 22:41:34.261 +01:00 [Information] CORS policy execution successful.
2023-11-28 22:41:34.261 +01:00 [Information] Executing endpoint '"Oblig2.API.Controllers.DiscussionController.GetDiscussions (Oblig2.API)"'
2023-11-28 22:41:34.261 +01:00 [Information] Route matched with "{action = \"GetDiscussions\", controller = \"Discussion\"}". Executing controller action with signature "System.Threading.Tasks.Task`1[Microsoft.AspNetCore.Mvc.ActionResult] GetDiscussions()" on controller "Oblig2.API.Controllers.DiscussionController" ("Oblig2.API").
2023-11-28 22:41:34.289 +01:00 [Information] Acquiring to get all discussions
2023-11-28 22:41:34.290 +01:00 [Information] Database query initiated: Fetching all discussions
2023-11-28 22:41:34.296 +01:00 [Information] Database get operation succesfull
2023-11-28 22:41:34.296 +01:00 [Information] Retrieved all discussions | Amount: 2 discussions
2023-11-28 22:41:34.296 +01:00 [Information] Executing "OkObjectResult", writing value of type '"System.Collections.Generic.List`1[[Oblig2.API.DTO.DiscussionDto, Oblig2.API, Version=1.0.0.0, Culture=neutral, PublicKeyToken=null]]"'.
2023-11-28 22:41:34.299 +01:00 [Information] Executed action "Oblig2.API.Controllers.DiscussionController.GetDiscussions (Oblig2.API)" in 37.5572ms
2023-11-28 22:41:34.299 +01:00 [Information] Executed endpoint '"Oblig2.API.Controllers.DiscussionController.GetDiscussions (Oblig2.API)"'
2023-11-28 22:41:34.300 +01:00 [Information] Request finished HTTP/1.1 GET http://localhost:5000/api/discussion - - - 200 - application/json;+charset=utf-8 39.4063ms
2023-11-28 22:42:22.582 +01:00 [Information] Request starting HTTP/1.1 OPTIONS http://localhost:5000/api/discussion - -
2023-11-28 22:42:22.582 +01:00 [Information] CORS policy execution successful.
2023-11-28 22:42:22.583 +01:00 [Information] Request finished HTTP/1.1 OPTIONS http://localhost:5000/api/discussion - - - 204 - - 0.5051ms
2023-11-28 22:42:22.590 +01:00 [Information] Request starting HTTP/1.1 GET http://localhost:5000/api/discussion - -
2023-11-28 22:42:22.591 +01:00 [Information] CORS policy execution successful.
2023-11-28 22:42:22.591 +01:00 [Information] Executing endpoint '"Oblig2.API.Controllers.DiscussionController.GetDiscussions (Oblig2.API)"'
2023-11-28 22:42:22.592 +01:00 [Information] Route matched with "{action = \"GetDiscussions\", controller = \"Discussion\"}". Executing controller action with signature "System.Threading.Tasks.Task`1[Microsoft.AspNetCore.Mvc.ActionResult] GetDiscussions()" on controller "Oblig2.API.Controllers.DiscussionController" ("Oblig2.API").
2023-11-28 22:42:22.592 +01:00 [Information] Acquiring to get all discussions
2023-11-28 22:42:22.592 +01:00 [Information] Database query initiated: Fetching all discussions
2023-11-28 22:42:22.597 +01:00 [Information] Database get operation succesfull
2023-11-28 22:42:22.598 +01:00 [Information] Retrieved all discussions | Amount: 2 discussions
2023-11-28 22:42:22.598 +01:00 [Information] Executing "OkObjectResult", writing value of type '"System.Collections.Generic.List`1[[Oblig2.API.DTO.DiscussionDto, Oblig2.API, Version=1.0.0.0, Culture=neutral, PublicKeyToken=null]]"'.
2023-11-28 22:42:22.600 +01:00 [Information] Executed action "Oblig2.API.Controllers.DiscussionController.GetDiscussions (Oblig2.API)" in 7.9209ms
2023-11-28 22:42:22.601 +01:00 [Information] Executed endpoint '"Oblig2.API.Controllers.DiscussionController.GetDiscussions (Oblig2.API)"'
2023-11-28 22:42:22.602 +01:00 [Information] Request finished HTTP/1.1 GET http://localhost:5000/api/discussion - - - 200 - application/json;+charset=utf-8 11.6489ms
2023-11-28 22:43:44.779 +01:00 [Information] Request starting HTTP/1.1 OPTIONS http://localhost:5000/api/discussion - -
2023-11-28 22:43:44.779 +01:00 [Information] CORS policy execution successful.
2023-11-28 22:43:44.779 +01:00 [Information] Request finished HTTP/1.1 OPTIONS http://localhost:5000/api/discussion - - - 204 - - 0.4947ms
2023-11-28 22:43:44.783 +01:00 [Information] Request starting HTTP/1.1 GET http://localhost:5000/api/discussion - -
2023-11-28 22:43:44.783 +01:00 [Information] CORS policy execution successful.
2023-11-28 22:43:44.783 +01:00 [Information] Executing endpoint '"Oblig2.API.Controllers.DiscussionController.GetDiscussions (Oblig2.API)"'
2023-11-28 22:43:44.784 +01:00 [Information] Route matched with "{action = \"GetDiscussions\", controller = \"Discussion\"}". Executing controller action with signature "System.Threading.Tasks.Task`1[Microsoft.AspNetCore.Mvc.ActionResult] GetDiscussions()" on controller "Oblig2.API.Controllers.DiscussionController" ("Oblig2.API").
2023-11-28 22:43:44.784 +01:00 [Information] Acquiring to get all discussions
2023-11-28 22:43:44.784 +01:00 [Information] Database query initiated: Fetching all discussions
2023-11-28 22:43:44.787 +01:00 [Information] Database get operation succesfull
2023-11-28 22:43:44.787 +01:00 [Information] Retrieved all discussions | Amount: 2 discussions
2023-11-28 22:43:44.787 +01:00 [Information] Executing "OkObjectResult", writing value of type '"System.Collections.Generic.List`1[[Oblig2.API.DTO.DiscussionDto, Oblig2.API, Version=1.0.0.0, Culture=neutral, PublicKeyToken=null]]"'.
2023-11-28 22:43:44.788 +01:00 [Information] Executed action "Oblig2.API.Controllers.DiscussionController.GetDiscussions (Oblig2.API)" in 3.9316ms
2023-11-28 22:43:44.788 +01:00 [Information] Executed endpoint '"Oblig2.API.Controllers.DiscussionController.GetDiscussions (Oblig2.API)"'
2023-11-28 22:43:44.788 +01:00 [Information] Request finished HTTP/1.1 GET http://localhost:5000/api/discussion - - - 200 - application/json;+charset=utf-8 5.5174ms
2023-11-28 22:45:02.570 +01:00 [Information] Request starting HTTP/1.1 OPTIONS http://localhost:5000/api/discussion - -
2023-11-28 22:45:02.570 +01:00 [Information] CORS policy execution successful.
2023-11-28 22:45:02.570 +01:00 [Information] Request finished HTTP/1.1 OPTIONS http://localhost:5000/api/discussion - - - 204 - - 0.9592ms
2023-11-28 22:45:02.579 +01:00 [Information] Request starting HTTP/1.1 GET http://localhost:5000/api/discussion - -
2023-11-28 22:45:02.579 +01:00 [Information] CORS policy execution successful.
2023-11-28 22:45:02.583 +01:00 [Information] Executing endpoint '"Oblig2.API.Controllers.DiscussionController.GetDiscussions (Oblig2.API)"'
2023-11-28 22:45:02.583 +01:00 [Information] Route matched with "{action = \"GetDiscussions\", controller = \"Discussion\"}". Executing controller action with signature "System.Threading.Tasks.Task`1[Microsoft.AspNetCore.Mvc.ActionResult] GetDiscussions()" on controller "Oblig2.API.Controllers.DiscussionController" ("Oblig2.API").
2023-11-28 22:45:02.584 +01:00 [Information] Acquiring to get all discussions
2023-11-28 22:45:02.584 +01:00 [Information] Database query initiated: Fetching all discussions
2023-11-28 22:45:02.588 +01:00 [Information] Database get operation succesfull
2023-11-28 22:45:02.588 +01:00 [Information] Retrieved all discussions | Amount: 2 discussions
2023-11-28 22:45:02.595 +01:00 [Information] Executing "OkObjectResult", writing value of type '"System.Collections.Generic.List`1[[Oblig2.API.DTO.DiscussionDto, Oblig2.API, Version=1.0.0.0, Culture=neutral, PublicKeyToken=null]]"'.
2023-11-28 22:45:02.596 +01:00 [Information] Executed action "Oblig2.API.Controllers.DiscussionController.GetDiscussions (Oblig2.API)" in 12.4373ms
2023-11-28 22:45:02.596 +01:00 [Information] Executed endpoint '"Oblig2.API.Controllers.DiscussionController.GetDiscussions (Oblig2.API)"'
2023-11-28 22:45:02.597 +01:00 [Information] Request finished HTTP/1.1 GET http://localhost:5000/api/discussion - - - 200 - application/json;+charset=utf-8 18.0985ms
2023-11-28 22:50:25.178 +01:00 [Information] Application is shutting down...
