2023-11-28 22:16:54.698 +01:00 [Information] Database query initiated: Register user with username: pavlovicachilleas@gmail.com
2023-11-28 22:16:55.423 +01:00 [Information] Database register operation succesfull with username: pavlovicachilleas@gmail.com
2023-11-28 22:16:55.424 +01:00 [Information] Database query initiated: Register user with username: kincetube30@gmail.com
2023-11-28 22:16:55.434 +01:00 [Information] Database register operation succesfull with username: kincetube30@gmail.com
2023-11-28 22:16:55.434 +01:00 [Information] Database query initiated: Register user with username: lilchilleas@gmail.com
2023-11-28 22:16:55.441 +01:00 [Information] Database register operation succesfull with username: lilchilleas@gmail.com
2023-11-28 22:16:56.496 +01:00 [Information] User profile is available. Using '"C:\Users\pavlo\AppData\Local\ASP.NET\DataProtection-Keys"' as key repository and Windows DPAPI to encrypt keys at rest.
2023-11-28 22:16:56.826 +01:00 [Information] Now listening on: "http://localhost:5000"
2023-11-28 22:16:56.826 +01:00 [Information] Application started. Press Ctrl+C to shut down.
2023-11-28 22:16:56.826 +01:00 [Information] Hosting environment: "Development"
2023-11-28 22:16:56.826 +01:00 [Information] Content root path: "C:\Users\pavlo\Downloads\Oblig-2\Oblig-2\Oblig2.API"
2023-11-28 22:31:38.324 +01:00 [Information] Request starting HTTP/1.1 OPTIONS http://localhost:5000/api/discussion - -
2023-11-28 22:31:38.405 +01:00 [Information] CORS policy execution successful.
2023-11-28 22:31:38.410 +01:00 [Information] Request finished HTTP/1.1 OPTIONS http://localhost:5000/api/discussion - - - 204 - - 91.5474ms
2023-11-28 22:31:38.421 +01:00 [Information] Request starting HTTP/1.1 GET http://localhost:5000/api/discussion - -
2023-11-28 22:31:38.429 +01:00 [Information] CORS policy execution successful.
2023-11-28 22:31:39.637 +01:00 [Warning] Failed to determine the https port for redirect.
2023-11-28 22:31:39.643 +01:00 [Information] Executing endpoint '"Oblig2.API.Controllers.DiscussionController.GetDiscussions (Oblig2.API)"'
2023-11-28 22:31:39.665 +01:00 [Information] Route matched with "{action = \"GetDiscussions\", controller = \"Discussion\"}". Executing controller action with signature "System.Threading.Tasks.Task`1[Microsoft.AspNetCore.Mvc.ActionResult] GetDiscussions()" on controller "Oblig2.API.Controllers.DiscussionController" ("Oblig2.API").
2023-11-28 22:31:39.741 +01:00 [Information] Acquiring to get all discussions
2023-11-28 22:31:39.742 +01:00 [Information] Database query initiated: Fetching all discussions
2023-11-28 22:31:39.816 +01:00 [Information] Database get operation succesfull
2023-11-28 22:31:39.818 +01:00 [Information] Retrieved all discussions | Amount: 2 discussions
2023-11-28 22:31:39.827 +01:00 [Information] Executing "OkObjectResult", writing value of type '"System.Collections.Generic.List`1[[Oblig2.API.DTO.DiscussionDto, Oblig2.API, Version=1.0.0.0, Culture=neutral, PublicKeyToken=null]]"'.
2023-11-28 22:31:39.998 +01:00 [Information] Executed action "Oblig2.API.Controllers.DiscussionController.GetDiscussions (Oblig2.API)" in 304.8415ms
2023-11-28 22:31:39.998 +01:00 [Information] Executed endpoint '"Oblig2.API.Controllers.DiscussionController.GetDiscussions (Oblig2.API)"'
2023-11-28 22:31:40.006 +01:00 [Information] Request finished HTTP/1.1 GET http://localhost:5000/api/discussion - - - 200 - application/json;+charset=utf-8 1584.7084ms
2023-11-28 22:31:43.522 +01:00 [Information] Request starting HTTP/1.1 OPTIONS http://localhost:5000/api/discussion/1 - -
2023-11-28 22:31:43.529 +01:00 [Information] CORS policy execution successful.
2023-11-28 22:31:43.529 +01:00 [Information] Request finished HTTP/1.1 OPTIONS http://localhost:5000/api/discussion/1 - - - 204 - - 7.1568ms
2023-11-28 22:31:43.532 +01:00 [Information] Request starting HTTP/1.1 GET http://localhost:5000/api/discussion/1 - -
2023-11-28 22:31:43.538 +01:00 [Information] CORS policy execution successful.
2023-11-28 22:31:43.550 +01:00 [Information] Executing endpoint '"Oblig2.API.Controllers.DiscussionController.GetDiscussion (Oblig2.API)"'
2023-11-28 22:31:43.582 +01:00 [Information] Route matched with "{action = \"GetDiscussion\", controller = \"Discussion\"}". Executing controller action with signature "System.Threading.Tasks.Task`1[Microsoft.AspNetCore.Mvc.ActionResult`1[Oblig2.API.Models.Discussion]] GetDiscussion(Int32)" on controller "Oblig2.API.Controllers.DiscussionController" ("Oblig2.API").
2023-11-28 22:31:43.651 +01:00 [Information] Acquiring to get discussion with Id: 1
2023-11-28 22:31:43.656 +01:00 [Information] Database query initiated: Fetching discussion with ID: 1
2023-11-28 22:31:43.990 +01:00 [Warning] Compiling a query which loads related collections for more than one collection navigation, either via 'Include' or through projection, but no 'QuerySplittingBehavior' has been configured. By default, Entity Framework will use 'QuerySplittingBehavior.SingleQuery', which can potentially result in slow query performance. See https://go.microsoft.com/fwlink/?linkid=2134277 for more information. To identify the query that's triggering this warning call 'ConfigureWarnings(w => w.Throw(RelationalEventId.MultipleCollectionIncludeWarning))'.
2023-11-28 22:31:44.042 +01:00 [Information] Database get operation succesfull with Id: 1
2023-11-28 22:31:44.048 +01:00 [Information] Retrieved discussion with Id: 1
2023-11-28 22:31:44.051 +01:00 [Information] Executing "OkObjectResult", writing value of type '"Oblig2.API.DTO.DiscussionDto"'.
2023-11-28 22:31:44.067 +01:00 [Information] Executed action "Oblig2.API.Controllers.DiscussionController.GetDiscussion (Oblig2.API)" in 485.2925ms
2023-11-28 22:31:44.068 +01:00 [Information] Executed endpoint '"Oblig2.API.Controllers.DiscussionController.GetDiscussion (Oblig2.API)"'
2023-11-28 22:31:44.069 +01:00 [Information] Request finished HTTP/1.1 GET http://localhost:5000/api/discussion/1 - - - 200 - application/json;+charset=utf-8 536.7973ms
2023-11-28 22:31:57.377 +01:00 [Information] Request starting HTTP/1.1 OPTIONS http://localhost:5000/api/discussion/1 - -
2023-11-28 22:31:57.377 +01:00 [Information] CORS policy execution successful.
2023-11-28 22:31:57.378 +01:00 [Information] Request finished HTTP/1.1 OPTIONS http://localhost:5000/api/discussion/1 - - - 204 - - 0.5306ms
2023-11-28 22:31:57.465 +01:00 [Information] Request starting HTTP/1.1 GET http://localhost:5000/api/discussion/1 - -
2023-11-28 22:31:57.466 +01:00 [Information] CORS policy execution successful.
2023-11-28 22:31:57.601 +01:00 [Information] Executing endpoint '"Oblig2.API.Controllers.DiscussionController.GetDiscussion (Oblig2.API)"'
2023-11-28 22:31:57.601 +01:00 [Information] Route matched with "{action = \"GetDiscussion\", controller = \"Discussion\"}". Executing controller action with signature "System.Threading.Tasks.Task`1[Microsoft.AspNetCore.Mvc.ActionResult`1[Oblig2.API.Models.Discussion]] GetDiscussion(Int32)" on controller "Oblig2.API.Controllers.DiscussionController" ("Oblig2.API").
2023-11-28 22:31:57.614 +01:00 [Information] Acquiring to get discussion with Id: 1
2023-11-28 22:31:57.614 +01:00 [Information] Database query initiated: Fetching discussion with ID: 1
2023-11-28 22:31:57.630 +01:00 [Information] Database get operation succesfull with Id: 1
2023-11-28 22:31:57.630 +01:00 [Information] Retrieved discussion with Id: 1
2023-11-28 22:31:57.631 +01:00 [Information] Executing "OkObjectResult", writing value of type '"Oblig2.API.DTO.DiscussionDto"'.
2023-11-28 22:31:57.631 +01:00 [Information] Executed action "Oblig2.API.Controllers.DiscussionController.GetDiscussion (Oblig2.API)" in 29.866ms
2023-11-28 22:31:57.631 +01:00 [Information] Executed endpoint '"Oblig2.API.Controllers.DiscussionController.GetDiscussion (Oblig2.API)"'
2023-11-28 22:31:57.632 +01:00 [Information] Request finished HTTP/1.1 GET http://localhost:5000/api/discussion/1 - - - 200 - application/json;+charset=utf-8 166.0967ms
2023-11-28 22:34:30.033 +01:00 [Information] Request starting HTTP/1.1 OPTIONS http://localhost:5000/api/discussion/1 - -
2023-11-28 22:34:30.034 +01:00 [Information] CORS policy execution successful.
2023-11-28 22:34:30.035 +01:00 [Information] Request finished HTTP/1.1 OPTIONS http://localhost:5000/api/discussion/1 - - - 204 - - 1.5464ms
2023-11-28 22:34:30.044 +01:00 [Information] Request starting HTTP/1.1 GET http://localhost:5000/api/discussion/1 - -
2023-11-28 22:34:30.045 +01:00 [Information] CORS policy execution successful.
2023-11-28 22:34:30.046 +01:00 [Information] Executing endpoint '"Oblig2.API.Controllers.DiscussionController.GetDiscussion (Oblig2.API)"'
2023-11-28 22:34:30.047 +01:00 [Information] Route matched with "{action = \"GetDiscussion\", controller = \"Discussion\"}". Executing controller action with signature "System.Threading.Tasks.Task`1[Microsoft.AspNetCore.Mvc.ActionResult`1[Oblig2.API.Models.Discussion]] GetDiscussion(Int32)" on controller "Oblig2.API.Controllers.DiscussionController" ("Oblig2.API").
2023-11-28 22:34:30.051 +01:00 [Information] Acquiring to get discussion with Id: 1
2023-11-28 22:34:30.065 +01:00 [Information] Database query initiated: Fetching discussion with ID: 1
2023-11-28 22:34:30.075 +01:00 [Information] Database get operation succesfull with Id: 1
2023-11-28 22:34:30.076 +01:00 [Information] Retrieved discussion with Id: 1
2023-11-28 22:34:30.077 +01:00 [Information] Executing "OkObjectResult", writing value of type '"Oblig2.API.DTO.DiscussionDto"'.
2023-11-28 22:34:30.077 +01:00 [Information] Executed action "Oblig2.API.Controllers.DiscussionController.GetDiscussion (Oblig2.API)" in 30.3771ms
2023-11-28 22:34:30.077 +01:00 [Information] Executed endpoint '"Oblig2.API.Controllers.DiscussionController.GetDiscussion (Oblig2.API)"'
2023-11-28 22:34:30.078 +01:00 [Information] Request finished HTTP/1.1 GET http://localhost:5000/api/discussion/1 - - - 200 - application/json;+charset=utf-8 33.3084ms
2023-11-28 22:34:33.580 +01:00 [Information] Request starting HTTP/1.1 OPTIONS http://localhost:5000/api/discussion - -
2023-11-28 22:34:33.581 +01:00 [Information] CORS policy execution successful.
2023-11-28 22:34:33.581 +01:00 [Information] Request finished HTTP/1.1 OPTIONS http://localhost:5000/api/discussion - - - 204 - - 0.7172ms
2023-11-28 22:34:33.584 +01:00 [Information] Request starting HTTP/1.1 GET http://localhost:5000/api/discussion - -
2023-11-28 22:34:33.584 +01:00 [Information] CORS policy execution successful.
2023-11-28 22:34:33.585 +01:00 [Information] Executing endpoint '"Oblig2.API.Controllers.DiscussionController.GetDiscussions (Oblig2.API)"'
2023-11-28 22:34:33.585 +01:00 [Information] Route matched with "{action = \"GetDiscussions\", controller = \"Discussion\"}". Executing controller action with signature "System.Threading.Tasks.Task`1[Microsoft.AspNetCore.Mvc.ActionResult] GetDiscussions()" on controller "Oblig2.API.Controllers.DiscussionController" ("Oblig2.API").
2023-11-28 22:34:33.585 +01:00 [Information] Acquiring to get all discussions
2023-11-28 22:34:33.586 +01:00 [Information] Database query initiated: Fetching all discussions
2023-11-28 22:34:33.589 +01:00 [Information] Database get operation succesfull
2023-11-28 22:34:33.591 +01:00 [Information] Retrieved all discussions | Amount: 2 discussions
2023-11-28 22:34:33.596 +01:00 [Information] Executing "OkObjectResult", writing value of type '"System.Collections.Generic.List`1[[Oblig2.API.DTO.DiscussionDto, Oblig2.API, Version=1.0.0.0, Culture=neutral, PublicKeyToken=null]]"'.
2023-11-28 22:34:33.596 +01:00 [Information] Executed action "Oblig2.API.Controllers.DiscussionController.GetDiscussions (Oblig2.API)" in 11.5032ms
2023-11-28 22:34:33.597 +01:00 [Information] Executed endpoint '"Oblig2.API.Controllers.DiscussionController.GetDiscussions (Oblig2.API)"'
2023-11-28 22:34:33.597 +01:00 [Information] Request finished HTTP/1.1 GET http://localhost:5000/api/discussion - - - 200 - application/json;+charset=utf-8 13.0451ms
2023-11-28 22:34:39.303 +01:00 [Information] Request starting HTTP/1.1 OPTIONS http://localhost:5000/api/discussion - -
2023-11-28 22:34:39.304 +01:00 [Information] CORS policy execution successful.
2023-11-28 22:34:39.304 +01:00 [Information] Request finished HTTP/1.1 OPTIONS http://localhost:5000/api/discussion - - - 204 - - 1.7551ms
2023-11-28 22:34:39.307 +01:00 [Information] Request starting HTTP/1.1 GET http://localhost:5000/api/discussion - -
2023-11-28 22:34:39.307 +01:00 [Information] CORS policy execution successful.
2023-11-28 22:34:39.308 +01:00 [Information] Executing endpoint '"Oblig2.API.Controllers.DiscussionController.GetDiscussions (Oblig2.API)"'
2023-11-28 22:34:39.309 +01:00 [Information] Route matched with "{action = \"GetDiscussions\", controller = \"Discussion\"}". Executing controller action with signature "System.Threading.Tasks.Task`1[Microsoft.AspNetCore.Mvc.ActionResult] GetDiscussions()" on controller "Oblig2.API.Controllers.DiscussionController" ("Oblig2.API").
2023-11-28 22:34:39.312 +01:00 [Information] Acquiring to get all discussions
2023-11-28 22:34:39.312 +01:00 [Information] Database query initiated: Fetching all discussions
2023-11-28 22:34:39.314 +01:00 [Information] Database get operation succesfull
2023-11-28 22:34:39.314 +01:00 [Information] Retrieved all discussions | Amount: 2 discussions
2023-11-28 22:34:39.314 +01:00 [Information] Executing "OkObjectResult", writing value of type '"System.Collections.Generic.List`1[[Oblig2.API.DTO.DiscussionDto, Oblig2.API, Version=1.0.0.0, Culture=neutral, PublicKeyToken=null]]"'.
2023-11-28 22:34:39.317 +01:00 [Information] Executed action "Oblig2.API.Controllers.DiscussionController.GetDiscussions (Oblig2.API)" in 7.6952ms
2023-11-28 22:34:39.317 +01:00 [Information] Executed endpoint '"Oblig2.API.Controllers.DiscussionController.GetDiscussions (Oblig2.API)"'
2023-11-28 22:34:39.318 +01:00 [Information] Request finished HTTP/1.1 GET http://localhost:5000/api/discussion - - - 200 - application/json;+charset=utf-8 10.2873ms
2023-11-28 22:35:38.468 +01:00 [Information] Application is shutting down...
