2023-11-25 04:45:08.340 +01:00 [Information] Database query initiated: Register user with username: pavlovicachilleas@gmail.com
2023-11-25 04:45:08.817 +01:00 [Information] Database register operation succesfull with username: pavlovicachilleas@gmail.com
2023-11-25 04:45:08.818 +01:00 [Information] Database query initiated: Register user with username: kincetube30@gmail.com
2023-11-25 04:45:08.836 +01:00 [Information] Database register operation succesfull with username: kincetube30@gmail.com
2023-11-25 04:45:08.836 +01:00 [Information] Database query initiated: Register user with username: lilchilleas@gmail.com
2023-11-25 04:45:08.841 +01:00 [Information] Database register operation succesfull with username: lilchilleas@gmail.com
2023-11-25 04:45:09.818 +01:00 [Information] User profile is available. Using '"C:\Users\pavlo\AppData\Local\ASP.NET\DataProtection-Keys"' as key repository and Windows DPAPI to encrypt keys at rest.
2023-11-25 04:45:09.942 +01:00 [Information] Now listening on: "http://localhost:5000"
2023-11-25 04:45:09.943 +01:00 [Information] Application started. Press Ctrl+C to shut down.
2023-11-25 04:45:09.943 +01:00 [Information] Hosting environment: "Development"
2023-11-25 04:45:09.943 +01:00 [Information] Content root path: "C:\Users\pavlo\Downloads\Oblig-2\Oblig2.API"
2023-11-25 04:45:12.458 +01:00 [Information] Request starting HTTP/1.1 OPTIONS http://localhost:5000/api/discussion/1 - -
2023-11-25 04:45:12.560 +01:00 [Information] CORS policy execution successful.
2023-11-25 04:45:12.569 +01:00 [Information] Request finished HTTP/1.1 OPTIONS http://localhost:5000/api/discussion/1 - - - 204 - - 114.6925ms
2023-11-25 04:45:12.584 +01:00 [Information] Request starting HTTP/1.1 GET http://localhost:5000/api/discussion/1 - -
2023-11-25 04:45:12.592 +01:00 [Information] CORS policy execution successful.
2023-11-25 04:45:12.785 +01:00 [Warning] Failed to determine the https port for redirect.
2023-11-25 04:45:12.792 +01:00 [Information] Executing endpoint '"Oblig2.API.Controllers.DiscussionController.GetDiscussion (Oblig2.API)"'
2023-11-25 04:45:12.869 +01:00 [Information] Route matched with "{action = \"GetDiscussion\", controller = \"Discussion\"}". Executing controller action with signature "System.Threading.Tasks.Task`1[Microsoft.AspNetCore.Mvc.ActionResult`1[Oblig2.API.Models.Discussion]] GetDiscussion(Int32)" on controller "Oblig2.API.Controllers.DiscussionController" ("Oblig2.API").
2023-11-25 04:45:13.011 +01:00 [Information] Acquiring to get discussion with Id: 1
2023-11-25 04:45:13.018 +01:00 [Information] Database query initiated: Fetching discussion with ID: 1
2023-11-25 04:45:13.220 +01:00 [Warning] Compiling a query which loads related collections for more than one collection navigation, either via 'Include' or through projection, but no 'QuerySplittingBehavior' has been configured. By default, Entity Framework will use 'QuerySplittingBehavior.SingleQuery', which can potentially result in slow query performance. See https://go.microsoft.com/fwlink/?linkid=2134277 for more information. To identify the query that's triggering this warning call 'ConfigureWarnings(w => w.Throw(RelationalEventId.MultipleCollectionIncludeWarning))'.
2023-11-25 04:45:13.291 +01:00 [Information] Database get operation succesfull with Id: 1
2023-11-25 04:45:13.299 +01:00 [Information] Retrieved discussion with Id: 1
2023-11-25 04:45:13.310 +01:00 [Information] Executing "OkObjectResult", writing value of type '"Oblig2.API.Models.Discussion"'.
2023-11-25 04:45:13.393 +01:00 [Information] Executed action "Oblig2.API.Controllers.DiscussionController.GetDiscussion (Oblig2.API)" in 514.1306ms
2023-11-25 04:45:13.393 +01:00 [Information] Executed endpoint '"Oblig2.API.Controllers.DiscussionController.GetDiscussion (Oblig2.API)"'
2023-11-25 04:45:13.407 +01:00 [Information] Request finished HTTP/1.1 GET http://localhost:5000/api/discussion/1 - - - 200 - application/json;+charset=utf-8 822.9307ms
2023-11-25 04:45:15.087 +01:00 [Information] Request starting HTTP/1.1 OPTIONS http://localhost:5000/api/discussion/1/CreateComment - -
2023-11-25 04:45:15.089 +01:00 [Information] CORS policy execution successful.
2023-11-25 04:45:15.090 +01:00 [Information] Request finished HTTP/1.1 OPTIONS http://localhost:5000/api/discussion/1/CreateComment - - - 204 - - 2.7902ms
2023-11-25 04:45:15.092 +01:00 [Information] Request starting HTTP/1.1 POST http://localhost:5000/api/discussion/1/CreateComment application/json 52
2023-11-25 04:45:15.093 +01:00 [Information] CORS policy execution successful.
2023-11-25 04:45:15.117 +01:00 [Information] Executing endpoint '"Oblig2.API.Controllers.DiscussionController.CreateComment (Oblig2.API)"'
2023-11-25 04:45:15.130 +01:00 [Information] Route matched with "{action = \"CreateComment\", controller = \"Discussion\"}". Executing controller action with signature "System.Threading.Tasks.Task`1[Microsoft.AspNetCore.Mvc.ActionResult`1[Oblig2.API.Models.Comment]] CreateComment(Int32, Oblig2.API.Models.Comment)" on controller "Oblig2.API.Controllers.DiscussionController" ("Oblig2.API").
2023-11-25 04:45:15.178 +01:00 [Information] Acquiring to create a commment initiated by the UserId: 2
2023-11-25 04:45:15.181 +01:00 [Information] Database query initiated: Creating comment with discussion ID: 1
2023-11-25 04:45:15.342 +01:00 [Information] DiscussionId: 1
2023-11-25 04:45:15.344 +01:00 [Information] Uusername: kincetube30@gmail.com
2023-11-25 04:45:15.344 +01:00 [Information] CommentContent | CommentId: f | 0
2023-11-25 04:45:15.345 +01:00 [Information] Inside the check
2023-11-25 04:45:15.375 +01:00 [Information] After parentComment: 3
2023-11-25 04:45:15.390 +01:00 [Information] Database creation of comment operation succesfull for Discussion Id: 1 by User 2
2023-11-25 04:45:15.390 +01:00 [Information] Comment created successfully
2023-11-25 04:45:15.397 +01:00 [Information] Executing StatusCodeResult, setting HTTP status code 201
2023-11-25 04:45:15.398 +01:00 [Information] Executed action "Oblig2.API.Controllers.DiscussionController.CreateComment (Oblig2.API)" in 267.6748ms
2023-11-25 04:45:15.398 +01:00 [Information] Executed endpoint '"Oblig2.API.Controllers.DiscussionController.CreateComment (Oblig2.API)"'
2023-11-25 04:45:15.398 +01:00 [Information] Request finished HTTP/1.1 POST http://localhost:5000/api/discussion/1/CreateComment application/json 52 - 201 0 - 306.3355ms
2023-11-25 04:45:17.781 +01:00 [Information] Request starting HTTP/1.1 OPTIONS http://localhost:5000/api/discussion/1 - -
2023-11-25 04:45:17.781 +01:00 [Information] CORS policy execution successful.
2023-11-25 04:45:17.781 +01:00 [Information] Request finished HTTP/1.1 OPTIONS http://localhost:5000/api/discussion/1 - - - 204 - - 0.5244ms
2023-11-25 04:45:17.784 +01:00 [Information] Request starting HTTP/1.1 GET http://localhost:5000/api/discussion/1 - -
2023-11-25 04:45:17.785 +01:00 [Information] CORS policy execution successful.
2023-11-25 04:45:17.796 +01:00 [Information] Executing endpoint '"Oblig2.API.Controllers.DiscussionController.GetDiscussion (Oblig2.API)"'
2023-11-25 04:45:17.796 +01:00 [Information] Route matched with "{action = \"GetDiscussion\", controller = \"Discussion\"}". Executing controller action with signature "System.Threading.Tasks.Task`1[Microsoft.AspNetCore.Mvc.ActionResult`1[Oblig2.API.Models.Discussion]] GetDiscussion(Int32)" on controller "Oblig2.API.Controllers.DiscussionController" ("Oblig2.API").
2023-11-25 04:45:17.801 +01:00 [Information] Acquiring to get discussion with Id: 1
2023-11-25 04:45:17.801 +01:00 [Information] Database query initiated: Fetching discussion with ID: 1
2023-11-25 04:45:17.838 +01:00 [Information] Database get operation succesfull with Id: 1
2023-11-25 04:45:17.839 +01:00 [Information] Retrieved discussion with Id: 1
2023-11-25 04:45:17.841 +01:00 [Information] Executing "OkObjectResult", writing value of type '"Oblig2.API.Models.Discussion"'.
2023-11-25 04:45:17.842 +01:00 [Information] Executed action "Oblig2.API.Controllers.DiscussionController.GetDiscussion (Oblig2.API)" in 45.6102ms
2023-11-25 04:45:17.842 +01:00 [Information] Executed endpoint '"Oblig2.API.Controllers.DiscussionController.GetDiscussion (Oblig2.API)"'
2023-11-25 04:45:17.843 +01:00 [Information] Request finished HTTP/1.1 GET http://localhost:5000/api/discussion/1 - - - 200 - application/json;+charset=utf-8 58.9823ms
2023-11-25 04:48:53.132 +01:00 [Information] Application is shutting down...
