2023-11-23 22:50:46.449 +01:00 [Information] User profile is available. Using '"C:\Users\pavlo\AppData\Local\ASP.NET\DataProtection-Keys"' as key repository and Windows DPAPI to encrypt keys at rest.
2023-11-23 22:50:47.565 +01:00 [Information] Now listening on: "http://localhost:5000"
2023-11-23 22:50:47.572 +01:00 [Information] Application started. Press Ctrl+C to shut down.
2023-11-23 22:50:47.573 +01:00 [Information] Hosting environment: "Development"
2023-11-23 22:50:47.573 +01:00 [Information] Content root path: "C:\Users\pavlo\Downloads\Oblig-2\Oblig2.API"
2023-11-23 22:51:54.129 +01:00 [Information] Request starting HTTP/1.1 OPTIONS http://localhost:5000/api/discussion - -
2023-11-23 22:51:54.206 +01:00 [Information] CORS policy execution successful.
2023-11-23 22:51:54.216 +01:00 [Information] Request finished HTTP/1.1 OPTIONS http://localhost:5000/api/discussion - - - 204 - - 90.5849ms
2023-11-23 22:51:54.228 +01:00 [Information] Request starting HTTP/1.1 GET http://localhost:5000/api/discussion - -
2023-11-23 22:51:54.240 +01:00 [Information] CORS policy execution successful.
2023-11-23 22:51:54.630 +01:00 [Warning] Failed to determine the https port for redirect.
2023-11-23 22:51:54.635 +01:00 [Information] Executing endpoint '"Oblig2.API.Controllers.DiscussionController.GetDiscussions (Oblig2.API)"'
2023-11-23 22:51:54.654 +01:00 [Information] Route matched with "{action = \"GetDiscussions\", controller = \"Discussion\"}". Executing controller action with signature "System.Threading.Tasks.Task`1[Microsoft.AspNetCore.Mvc.ActionResult] GetDiscussions()" on controller "Oblig2.API.Controllers.DiscussionController" ("Oblig2.API").
2023-11-23 22:51:54.742 +01:00 [Information] Acquiring to get all discussions
2023-11-23 22:51:54.802 +01:00 [Information] Retrieved all discussions | Amount: 2 discussions
2023-11-23 22:51:54.810 +01:00 [Information] Executing "OkObjectResult", writing value of type '"System.Collections.Generic.List`1[[Oblig2.API.Models.Discussion, Oblig2.API, Version=1.0.0.0, Culture=neutral, PublicKeyToken=null]]"'.
2023-11-23 22:51:54.874 +01:00 [Information] Executed action "Oblig2.API.Controllers.DiscussionController.GetDiscussions (Oblig2.API)" in 213.6624ms
2023-11-23 22:51:54.874 +01:00 [Information] Executed endpoint '"Oblig2.API.Controllers.DiscussionController.GetDiscussions (Oblig2.API)"'
2023-11-23 22:51:54.882 +01:00 [Information] Request finished HTTP/1.1 GET http://localhost:5000/api/discussion - - - 200 - application/json;+charset=utf-8 653.9080ms
2023-11-23 22:51:56.214 +01:00 [Information] Request starting HTTP/1.1 OPTIONS http://localhost:5000/api/discussion/1 - -
2023-11-23 22:51:56.217 +01:00 [Information] CORS policy execution successful.
2023-11-23 22:51:56.218 +01:00 [Information] Request finished HTTP/1.1 OPTIONS http://localhost:5000/api/discussion/1 - - - 204 - - 3.8453ms
2023-11-23 22:51:56.222 +01:00 [Information] Request starting HTTP/1.1 GET http://localhost:5000/api/discussion/1 - -
2023-11-23 22:51:56.222 +01:00 [Information] CORS policy execution successful.
2023-11-23 22:51:56.227 +01:00 [Information] Executing endpoint '"Oblig2.API.Controllers.DiscussionController.GetDiscussion (Oblig2.API)"'
2023-11-23 22:51:56.246 +01:00 [Information] Route matched with "{action = \"GetDiscussion\", controller = \"Discussion\"}". Executing controller action with signature "System.Threading.Tasks.Task`1[Microsoft.AspNetCore.Mvc.ActionResult`1[Oblig2.API.Models.Discussion]] GetDiscussion(Int32)" on controller "Oblig2.API.Controllers.DiscussionController" ("Oblig2.API").
2023-11-23 22:51:56.259 +01:00 [Information] Acquiring to get discussion with Id: 1
2023-11-23 22:51:56.475 +01:00 [Warning] Compiling a query which loads related collections for more than one collection navigation, either via 'Include' or through projection, but no 'QuerySplittingBehavior' has been configured. By default, Entity Framework will use 'QuerySplittingBehavior.SingleQuery', which can potentially result in slow query performance. See https://go.microsoft.com/fwlink/?linkid=2134277 for more information. To identify the query that's triggering this warning call 'ConfigureWarnings(w => w.Throw(RelationalEventId.MultipleCollectionIncludeWarning))'.
2023-11-23 22:51:56.515 +01:00 [Information] Retrieved discussion with Id: 1
2023-11-23 22:51:56.516 +01:00 [Information] Executing "OkObjectResult", writing value of type '"Oblig2.API.Models.Discussion"'.
2023-11-23 22:51:56.531 +01:00 [Information] Executed action "Oblig2.API.Controllers.DiscussionController.GetDiscussion (Oblig2.API)" in 284.7247ms
2023-11-23 22:51:56.531 +01:00 [Information] Executed endpoint '"Oblig2.API.Controllers.DiscussionController.GetDiscussion (Oblig2.API)"'
2023-11-23 22:51:56.531 +01:00 [Information] Request finished HTTP/1.1 GET http://localhost:5000/api/discussion/1 - - - 200 - application/json;+charset=utf-8 309.7536ms
2023-11-23 22:51:59.055 +01:00 [Information] Request starting HTTP/1.1 GET http://localhost:5000/api/discussion - -
2023-11-23 22:51:59.055 +01:00 [Information] CORS policy execution successful.
2023-11-23 22:51:59.060 +01:00 [Information] Executing endpoint '"Oblig2.API.Controllers.DiscussionController.GetDiscussions (Oblig2.API)"'
2023-11-23 22:51:59.060 +01:00 [Information] Route matched with "{action = \"GetDiscussions\", controller = \"Discussion\"}". Executing controller action with signature "System.Threading.Tasks.Task`1[Microsoft.AspNetCore.Mvc.ActionResult] GetDiscussions()" on controller "Oblig2.API.Controllers.DiscussionController" ("Oblig2.API").
2023-11-23 22:51:59.064 +01:00 [Information] Acquiring to get all discussions
2023-11-23 22:51:59.066 +01:00 [Information] Retrieved all discussions | Amount: 2 discussions
2023-11-23 22:51:59.066 +01:00 [Information] Executing "OkObjectResult", writing value of type '"System.Collections.Generic.List`1[[Oblig2.API.Models.Discussion, Oblig2.API, Version=1.0.0.0, Culture=neutral, PublicKeyToken=null]]"'.
2023-11-23 22:51:59.067 +01:00 [Information] Executed action "Oblig2.API.Controllers.DiscussionController.GetDiscussions (Oblig2.API)" in 6.4663ms
2023-11-23 22:51:59.067 +01:00 [Information] Executed endpoint '"Oblig2.API.Controllers.DiscussionController.GetDiscussions (Oblig2.API)"'
2023-11-23 22:51:59.068 +01:00 [Information] Request finished HTTP/1.1 GET http://localhost:5000/api/discussion - - - 200 - application/json;+charset=utf-8 14.6651ms
2023-11-23 22:52:42.197 +01:00 [Information] Request starting HTTP/1.1 OPTIONS http://localhost:5000/api/discussion/CreateDiscussion - -
2023-11-23 22:52:42.198 +01:00 [Information] CORS policy execution successful.
2023-11-23 22:52:42.198 +01:00 [Information] Request finished HTTP/1.1 OPTIONS http://localhost:5000/api/discussion/CreateDiscussion - - - 204 - - 1.0559ms
2023-11-23 22:52:42.200 +01:00 [Information] Request starting HTTP/1.1 POST http://localhost:5000/api/discussion/CreateDiscussion application/json 40
2023-11-23 22:52:42.200 +01:00 [Information] CORS policy execution successful.
2023-11-23 22:52:42.205 +01:00 [Information] Executing endpoint '"Oblig2.API.Controllers.DiscussionController.CreateDiscussion (Oblig2.API)"'
2023-11-23 22:52:42.210 +01:00 [Information] Route matched with "{action = \"CreateDiscussion\", controller = \"Discussion\"}". Executing controller action with signature "System.Threading.Tasks.Task`1[Microsoft.AspNetCore.Mvc.ActionResult`1[Oblig2.API.Models.Discussion]] CreateDiscussion(Oblig2.API.Models.Discussion)" on controller "Oblig2.API.Controllers.DiscussionController" ("Oblig2.API").
2023-11-23 22:52:42.240 +01:00 [Information] Acquiring to create a discussion initiated by the UserId: 2
2023-11-23 22:52:42.274 +01:00 [Information] Discussion created successfully
2023-11-23 22:52:42.281 +01:00 [Information] Executing StatusCodeResult, setting HTTP status code 201
2023-11-23 22:52:42.281 +01:00 [Information] Executed action "Oblig2.API.Controllers.DiscussionController.CreateDiscussion (Oblig2.API)" in 71.0802ms
2023-11-23 22:52:42.281 +01:00 [Information] Executed endpoint '"Oblig2.API.Controllers.DiscussionController.CreateDiscussion (Oblig2.API)"'
2023-11-23 22:52:42.282 +01:00 [Information] Request finished HTTP/1.1 POST http://localhost:5000/api/discussion/CreateDiscussion application/json 40 - 201 0 - 81.5480ms
2023-11-23 22:52:42.320 +01:00 [Information] Request starting HTTP/1.1 OPTIONS http://localhost:5000/api/discussion - -
2023-11-23 22:52:42.320 +01:00 [Information] CORS policy execution successful.
2023-11-23 22:52:42.320 +01:00 [Information] Request finished HTTP/1.1 OPTIONS http://localhost:5000/api/discussion - - - 204 - - 0.6473ms
2023-11-23 22:52:42.323 +01:00 [Information] Request starting HTTP/1.1 GET http://localhost:5000/api/discussion - -
2023-11-23 22:52:42.323 +01:00 [Information] CORS policy execution successful.
2023-11-23 22:52:42.324 +01:00 [Information] Executing endpoint '"Oblig2.API.Controllers.DiscussionController.GetDiscussions (Oblig2.API)"'
2023-11-23 22:52:42.324 +01:00 [Information] Route matched with "{action = \"GetDiscussions\", controller = \"Discussion\"}". Executing controller action with signature "System.Threading.Tasks.Task`1[Microsoft.AspNetCore.Mvc.ActionResult] GetDiscussions()" on controller "Oblig2.API.Controllers.DiscussionController" ("Oblig2.API").
2023-11-23 22:52:42.325 +01:00 [Information] Acquiring to get all discussions
2023-11-23 22:52:42.327 +01:00 [Information] Retrieved all discussions | Amount: 3 discussions
2023-11-23 22:52:42.330 +01:00 [Information] Executing "OkObjectResult", writing value of type '"System.Collections.Generic.List`1[[Oblig2.API.Models.Discussion, Oblig2.API, Version=1.0.0.0, Culture=neutral, PublicKeyToken=null]]"'.
2023-11-23 22:52:42.330 +01:00 [Information] Executed action "Oblig2.API.Controllers.DiscussionController.GetDiscussions (Oblig2.API)" in 5.7998ms
2023-11-23 22:52:42.330 +01:00 [Information] Executed endpoint '"Oblig2.API.Controllers.DiscussionController.GetDiscussions (Oblig2.API)"'
2023-11-23 22:52:42.331 +01:00 [Information] Request finished HTTP/1.1 GET http://localhost:5000/api/discussion - - - 200 - application/json;+charset=utf-8 7.9551ms
2023-11-23 23:06:27.592 +01:00 [Information] Application is shutting down...
