2023-11-28 22:03:56.530 +01:00 [Information] Database query initiated: Register user with username: pavlovicachilleas@gmail.com
2023-11-28 22:03:57.600 +01:00 [Information] Database register operation succesfull with username: pavlovicachilleas@gmail.com
2023-11-28 22:03:57.602 +01:00 [Information] Database query initiated: Register user with username: kincetube30@gmail.com
2023-11-28 22:03:57.660 +01:00 [Information] Database register operation succesfull with username: kincetube30@gmail.com
2023-11-28 22:03:57.661 +01:00 [Information] Database query initiated: Register user with username: lilchilleas@gmail.com
2023-11-28 22:03:57.665 +01:00 [Information] Database register operation succesfull with username: lilchilleas@gmail.com
2023-11-28 22:03:59.159 +01:00 [Information] User profile is available. Using '"C:\Users\pavlo\AppData\Local\ASP.NET\DataProtection-Keys"' as key repository and Windows DPAPI to encrypt keys at rest.
2023-11-28 22:03:59.394 +01:00 [Information] Now listening on: "http://localhost:5000"
2023-11-28 22:03:59.394 +01:00 [Information] Application started. Press Ctrl+C to shut down.
2023-11-28 22:03:59.394 +01:00 [Information] Hosting environment: "Development"
2023-11-28 22:03:59.394 +01:00 [Information] Content root path: "C:\Users\pavlo\Downloads\Oblig-2\Oblig-2\Oblig2.API"
2023-11-28 22:04:46.844 +01:00 [Information] Request starting HTTP/1.1 OPTIONS http://localhost:5000/api/discussion - -
2023-11-28 22:04:46.934 +01:00 [Information] CORS policy execution successful.
2023-11-28 22:04:46.942 +01:00 [Information] Request finished HTTP/1.1 OPTIONS http://localhost:5000/api/discussion - - - 204 - - 103.8102ms
2023-11-28 22:04:46.951 +01:00 [Information] Request starting HTTP/1.1 GET http://localhost:5000/api/discussion - -
2023-11-28 22:04:46.960 +01:00 [Information] CORS policy execution successful.
2023-11-28 22:04:47.125 +01:00 [Warning] Failed to determine the https port for redirect.
2023-11-28 22:04:47.131 +01:00 [Information] Executing endpoint '"Oblig2.API.Controllers.DiscussionController.GetDiscussions (Oblig2.API)"'
2023-11-28 22:04:47.163 +01:00 [Information] Route matched with "{action = \"GetDiscussions\", controller = \"Discussion\"}". Executing controller action with signature "System.Threading.Tasks.Task`1[Microsoft.AspNetCore.Mvc.ActionResult] GetDiscussions()" on controller "Oblig2.API.Controllers.DiscussionController" ("Oblig2.API").
2023-11-28 22:04:47.253 +01:00 [Information] Acquiring to get all discussions
2023-11-28 22:04:47.255 +01:00 [Information] Database query initiated: Fetching all discussions
2023-11-28 22:04:47.331 +01:00 [Information] Database get operation succesfull
2023-11-28 22:04:47.332 +01:00 [Information] Retrieved all discussions | Amount: 2 discussions
2023-11-28 22:04:47.339 +01:00 [Information] Executing "OkObjectResult", writing value of type '"System.Collections.Generic.List`1[[Oblig2.API.DTO.DiscussionDto, Oblig2.API, Version=1.0.0.0, Culture=neutral, PublicKeyToken=null]]"'.
2023-11-28 22:04:47.419 +01:00 [Information] Executed action "Oblig2.API.Controllers.DiscussionController.GetDiscussions (Oblig2.API)" in 247.3979ms
2023-11-28 22:04:47.419 +01:00 [Information] Executed endpoint '"Oblig2.API.Controllers.DiscussionController.GetDiscussions (Oblig2.API)"'
2023-11-28 22:04:47.430 +01:00 [Information] Request finished HTTP/1.1 GET http://localhost:5000/api/discussion - - - 200 - application/json;+charset=utf-8 478.9241ms
2023-11-28 22:16:26.597 +01:00 [Information] Application is shutting down...
