2023-11-25 09:35:03.238 +01:00 [Information] Database query initiated: Register user with username: pavlovicachilleas@gmail.com
2023-11-25 09:35:03.877 +01:00 [Information] Database register operation succesfull with username: pavlovicachilleas@gmail.com
2023-11-25 09:35:03.877 +01:00 [Information] Database query initiated: Register user with username: kincetube30@gmail.com
2023-11-25 09:35:03.912 +01:00 [Information] Database register operation succesfull with username: kincetube30@gmail.com
2023-11-25 09:35:03.912 +01:00 [Information] Database query initiated: Register user with username: lilchilleas@gmail.com
2023-11-25 09:35:03.916 +01:00 [Information] Database register operation succesfull with username: lilchilleas@gmail.com
2023-11-25 09:35:04.766 +01:00 [Information] User profile is available. Using '"C:\Users\pavlo\AppData\Local\ASP.NET\DataProtection-Keys"' as key repository and Windows DPAPI to encrypt keys at rest.
2023-11-25 09:35:04.899 +01:00 [Information] Now listening on: "http://localhost:5000"
2023-11-25 09:35:04.899 +01:00 [Information] Application started. Press Ctrl+C to shut down.
2023-11-25 09:35:04.899 +01:00 [Information] Hosting environment: "Development"
2023-11-25 09:35:04.899 +01:00 [Information] Content root path: "C:\Users\pavlo\Downloads\Oblig-2-1\Oblig2.API"
2023-11-25 09:35:35.214 +01:00 [Information] Request starting HTTP/1.1 OPTIONS http://localhost:5000/api/auth/register - -
2023-11-25 09:35:35.280 +01:00 [Information] CORS policy execution successful.
2023-11-25 09:35:35.284 +01:00 [Information] Request finished HTTP/1.1 OPTIONS http://localhost:5000/api/auth/register - - - 204 - - 72.8729ms
2023-11-25 09:35:35.294 +01:00 [Information] Request starting HTTP/1.1 POST http://localhost:5000/api/auth/register application/json 29
2023-11-25 09:35:35.297 +01:00 [Information] CORS policy execution successful.
2023-11-25 09:35:35.337 +01:00 [Warning] Failed to determine the https port for redirect.
2023-11-25 09:35:35.340 +01:00 [Information] Executing endpoint '"Oblig2.API.Controllers.AuthController.Register (Oblig2.API)"'
2023-11-25 09:35:35.369 +01:00 [Information] Route matched with "{action = \"Register\", controller = \"Auth\"}". Executing controller action with signature "System.Threading.Tasks.Task`1[Microsoft.AspNetCore.Mvc.IActionResult] Register(Oblig2.API.DTO.UserRegistrationDto)" on controller "Oblig2.API.Controllers.AuthController" ("Oblig2.API").
2023-11-25 09:35:35.427 +01:00 [Information] Executing "BadRequestObjectResult", writing value of type '"Microsoft.AspNetCore.Mvc.ValidationProblemDetails"'.
2023-11-25 09:35:35.450 +01:00 [Information] Executed action "Oblig2.API.Controllers.AuthController.Register (Oblig2.API)" in 73.2646ms
2023-11-25 09:35:35.451 +01:00 [Information] Executed endpoint '"Oblig2.API.Controllers.AuthController.Register (Oblig2.API)"'
2023-11-25 09:35:35.456 +01:00 [Information] Request finished HTTP/1.1 POST http://localhost:5000/api/auth/register application/json 29 - 400 - application/problem+json;+charset=utf-8 161.9052ms
2023-11-25 09:35:40.985 +01:00 [Information] Request starting HTTP/1.1 OPTIONS http://localhost:5000/api/auth/register - -
2023-11-25 09:35:40.987 +01:00 [Information] CORS policy execution successful.
2023-11-25 09:35:40.988 +01:00 [Information] Request finished HTTP/1.1 OPTIONS http://localhost:5000/api/auth/register - - - 204 - - 2.6800ms
2023-11-25 09:35:40.989 +01:00 [Information] Request starting HTTP/1.1 POST http://localhost:5000/api/auth/register application/json 62
2023-11-25 09:35:40.990 +01:00 [Information] CORS policy execution successful.
2023-11-25 09:35:40.994 +01:00 [Information] Executing endpoint '"Oblig2.API.Controllers.AuthController.Register (Oblig2.API)"'
2023-11-25 09:35:40.995 +01:00 [Information] Route matched with "{action = \"Register\", controller = \"Auth\"}". Executing controller action with signature "System.Threading.Tasks.Task`1[Microsoft.AspNetCore.Mvc.IActionResult] Register(Oblig2.API.DTO.UserRegistrationDto)" on controller "Oblig2.API.Controllers.AuthController" ("Oblig2.API").
2023-11-25 09:35:41.024 +01:00 [Information] Registration attempt to create a user with the Username: kincetube30@gmail.com
2023-11-25 09:35:41.028 +01:00 [Information] Database query initiated: Checking existence of username: kincetube30@gmail.com in database
2023-11-25 09:35:41.094 +01:00 [Information] Database user exists operation succesfull with username: kincetube30@gmail.com
2023-11-25 09:35:41.099 +01:00 [Warning] Registration failed: Username kincetube30@gmail.com already exists
2023-11-25 09:35:41.100 +01:00 [Information] Executing "BadRequestObjectResult", writing value of type '"System.String"'.
2023-11-25 09:35:41.102 +01:00 [Information] Executed action "Oblig2.API.Controllers.AuthController.Register (Oblig2.API)" in 106.6959ms
2023-11-25 09:35:41.102 +01:00 [Information] Executed endpoint '"Oblig2.API.Controllers.AuthController.Register (Oblig2.API)"'
2023-11-25 09:35:41.110 +01:00 [Information] Request finished HTTP/1.1 POST http://localhost:5000/api/auth/register application/json 62 - 400 - text/plain;+charset=utf-8 120.6435ms
