2023-11-28 23:16:20.836 +01:00 [Information] Database query initiated: Register user with username: pavlovicachilleas@gmail.com
2023-11-28 23:16:21.345 +01:00 [Information] Database register operation succesfull with username: pavlovicachilleas@gmail.com
2023-11-28 23:16:21.346 +01:00 [Information] Database query initiated: Register user with username: kincetube30@gmail.com
2023-11-28 23:16:21.382 +01:00 [Information] Database register operation succesfull with username: kincetube30@gmail.com
2023-11-28 23:16:21.382 +01:00 [Information] Database query initiated: Register user with username: lilchilleas@gmail.com
2023-11-28 23:16:21.394 +01:00 [Information] Database register operation succesfull with username: lilchilleas@gmail.com
2023-11-28 23:16:22.103 +01:00 [Information] User profile is available. Using '"C:\Users\pavlo\AppData\Local\ASP.NET\DataProtection-Keys"' as key repository and Windows DPAPI to encrypt keys at rest.
2023-11-28 23:16:22.217 +01:00 [Information] Now listening on: "http://localhost:5000"
2023-11-28 23:16:22.217 +01:00 [Information] Application started. Press Ctrl+C to shut down.
2023-11-28 23:16:22.218 +01:00 [Information] Hosting environment: "Development"
2023-11-28 23:16:22.218 +01:00 [Information] Content root path: "C:\Users\pavlo\Downloads\Oblig-2\Oblig-2\Oblig2.API"
2023-11-28 23:23:08.953 +01:00 [Information] Request starting HTTP/1.1 OPTIONS http://localhost:5000/api/discussion - -
2023-11-28 23:23:09.037 +01:00 [Information] CORS policy execution successful.
2023-11-28 23:23:09.047 +01:00 [Information] Request finished HTTP/1.1 OPTIONS http://localhost:5000/api/discussion - - - 204 - - 96.2877ms
2023-11-28 23:23:09.055 +01:00 [Information] Request starting HTTP/1.1 GET http://localhost:5000/api/discussion - -
2023-11-28 23:23:09.064 +01:00 [Information] CORS policy execution successful.
2023-11-28 23:23:09.222 +01:00 [Warning] Failed to determine the https port for redirect.
2023-11-28 23:23:09.227 +01:00 [Information] Executing endpoint '"Oblig2.API.Controllers.DiscussionController.GetDiscussions (Oblig2.API)"'
2023-11-28 23:23:09.254 +01:00 [Information] Route matched with "{action = \"GetDiscussions\", controller = \"Discussion\"}". Executing controller action with signature "System.Threading.Tasks.Task`1[Microsoft.AspNetCore.Mvc.ActionResult] GetDiscussions()" on controller "Oblig2.API.Controllers.DiscussionController" ("Oblig2.API").
2023-11-28 23:23:09.343 +01:00 [Information] Acquiring to get all discussions
2023-11-28 23:23:09.346 +01:00 [Information] Database query initiated: Fetching all discussions
2023-11-28 23:23:09.412 +01:00 [Information] Database get operation succesfull
2023-11-28 23:23:09.414 +01:00 [Information] Retrieved all discussions | Amount: 2 discussions
2023-11-28 23:23:09.423 +01:00 [Information] Executing "OkObjectResult", writing value of type '"System.Collections.Generic.List`1[[Oblig2.API.DTO.DiscussionDto, Oblig2.API, Version=1.0.0.0, Culture=neutral, PublicKeyToken=null]]"'.
2023-11-28 23:23:09.480 +01:00 [Information] Executed action "Oblig2.API.Controllers.DiscussionController.GetDiscussions (Oblig2.API)" in 219.1728ms
2023-11-28 23:23:09.481 +01:00 [Information] Executed endpoint '"Oblig2.API.Controllers.DiscussionController.GetDiscussions (Oblig2.API)"'
2023-11-28 23:23:09.489 +01:00 [Information] Request finished HTTP/1.1 GET http://localhost:5000/api/discussion - - - 200 - application/json;+charset=utf-8 433.5381ms
2023-11-28 23:28:03.132 +01:00 [Information] Request starting HTTP/1.1 OPTIONS http://localhost:5000/api/discussion - -
2023-11-28 23:28:03.136 +01:00 [Information] CORS policy execution successful.
2023-11-28 23:28:03.137 +01:00 [Information] Request finished HTTP/1.1 OPTIONS http://localhost:5000/api/discussion - - - 204 - - 4.8106ms
2023-11-28 23:28:03.140 +01:00 [Information] Request starting HTTP/1.1 GET http://localhost:5000/api/discussion - -
2023-11-28 23:28:03.142 +01:00 [Information] CORS policy execution successful.
2023-11-28 23:28:03.153 +01:00 [Information] Executing endpoint '"Oblig2.API.Controllers.DiscussionController.GetDiscussions (Oblig2.API)"'
2023-11-28 23:28:03.155 +01:00 [Information] Route matched with "{action = \"GetDiscussions\", controller = \"Discussion\"}". Executing controller action with signature "System.Threading.Tasks.Task`1[Microsoft.AspNetCore.Mvc.ActionResult] GetDiscussions()" on controller "Oblig2.API.Controllers.DiscussionController" ("Oblig2.API").
2023-11-28 23:28:03.157 +01:00 [Information] Acquiring to get all discussions
2023-11-28 23:28:03.157 +01:00 [Information] Database query initiated: Fetching all discussions
2023-11-28 23:28:03.378 +01:00 [Information] Database get operation succesfull
2023-11-28 23:28:03.378 +01:00 [Information] Retrieved all discussions | Amount: 2 discussions
2023-11-28 23:28:03.380 +01:00 [Information] Executing "OkObjectResult", writing value of type '"System.Collections.Generic.List`1[[Oblig2.API.DTO.DiscussionDto, Oblig2.API, Version=1.0.0.0, Culture=neutral, PublicKeyToken=null]]"'.
2023-11-28 23:28:03.383 +01:00 [Information] Executed action "Oblig2.API.Controllers.DiscussionController.GetDiscussions (Oblig2.API)" in 227.4649ms
2023-11-28 23:28:03.383 +01:00 [Information] Executed endpoint '"Oblig2.API.Controllers.DiscussionController.GetDiscussions (Oblig2.API)"'
2023-11-28 23:28:03.383 +01:00 [Information] Request finished HTTP/1.1 GET http://localhost:5000/api/discussion - - - 200 - application/json;+charset=utf-8 243.0306ms
2023-11-28 23:28:05.800 +01:00 [Information] Request starting HTTP/1.1 OPTIONS http://localhost:5000/api/discussion/1 - -
2023-11-28 23:28:05.801 +01:00 [Information] CORS policy execution successful.
2023-11-28 23:28:05.801 +01:00 [Information] Request finished HTTP/1.1 OPTIONS http://localhost:5000/api/discussion/1 - - - 204 - - 0.7491ms
2023-11-28 23:28:05.826 +01:00 [Information] Request starting HTTP/1.1 GET http://localhost:5000/api/discussion/1 - -
2023-11-28 23:28:05.827 +01:00 [Information] CORS policy execution successful.
2023-11-28 23:28:05.834 +01:00 [Information] Executing endpoint '"Oblig2.API.Controllers.DiscussionController.GetDiscussion (Oblig2.API)"'
2023-11-28 23:28:05.858 +01:00 [Information] Route matched with "{action = \"GetDiscussion\", controller = \"Discussion\"}". Executing controller action with signature "System.Threading.Tasks.Task`1[Microsoft.AspNetCore.Mvc.ActionResult`1[Oblig2.API.Models.Discussion]] GetDiscussion(Int32)" on controller "Oblig2.API.Controllers.DiscussionController" ("Oblig2.API").
2023-11-28 23:28:05.890 +01:00 [Information] Acquiring to get discussion with Id: 1
2023-11-28 23:28:05.896 +01:00 [Information] Database query initiated: Fetching discussion with ID: 1
2023-11-28 23:28:06.193 +01:00 [Warning] Compiling a query which loads related collections for more than one collection navigation, either via 'Include' or through projection, but no 'QuerySplittingBehavior' has been configured. By default, Entity Framework will use 'QuerySplittingBehavior.SingleQuery', which can potentially result in slow query performance. See https://go.microsoft.com/fwlink/?linkid=2134277 for more information. To identify the query that's triggering this warning call 'ConfigureWarnings(w => w.Throw(RelationalEventId.MultipleCollectionIncludeWarning))'.
2023-11-28 23:28:06.249 +01:00 [Information] Database get operation succesfull with Id: 1
2023-11-28 23:28:06.260 +01:00 [Information] Retrieved discussion with Id: 1
2023-11-28 23:28:06.260 +01:00 [Information] Executing "OkObjectResult", writing value of type '"Oblig2.API.DTO.DiscussionDto"'.
2023-11-28 23:28:06.280 +01:00 [Information] Executed action "Oblig2.API.Controllers.DiscussionController.GetDiscussion (Oblig2.API)" in 421.8124ms
2023-11-28 23:28:06.281 +01:00 [Information] Executed endpoint '"Oblig2.API.Controllers.DiscussionController.GetDiscussion (Oblig2.API)"'
2023-11-28 23:28:06.281 +01:00 [Information] Request finished HTTP/1.1 GET http://localhost:5000/api/discussion/1 - - - 200 - application/json;+charset=utf-8 454.4452ms
2023-11-28 23:28:50.386 +01:00 [Information] Request starting HTTP/1.1 OPTIONS http://localhost:5000/api/discussion/1 - -
2023-11-28 23:28:50.387 +01:00 [Information] CORS policy execution successful.
2023-11-28 23:28:50.388 +01:00 [Information] Request finished HTTP/1.1 OPTIONS http://localhost:5000/api/discussion/1 - - - 204 - - 1.8925ms
2023-11-28 23:28:50.391 +01:00 [Information] Request starting HTTP/1.1 GET http://localhost:5000/api/discussion/1 - -
2023-11-28 23:28:50.391 +01:00 [Information] CORS policy execution successful.
2023-11-28 23:28:50.392 +01:00 [Information] Executing endpoint '"Oblig2.API.Controllers.DiscussionController.GetDiscussion (Oblig2.API)"'
2023-11-28 23:28:50.392 +01:00 [Information] Route matched with "{action = \"GetDiscussion\", controller = \"Discussion\"}". Executing controller action with signature "System.Threading.Tasks.Task`1[Microsoft.AspNetCore.Mvc.ActionResult`1[Oblig2.API.Models.Discussion]] GetDiscussion(Int32)" on controller "Oblig2.API.Controllers.DiscussionController" ("Oblig2.API").
2023-11-28 23:28:50.395 +01:00 [Information] Acquiring to get discussion with Id: 1
2023-11-28 23:28:50.395 +01:00 [Information] Database query initiated: Fetching discussion with ID: 1
2023-11-28 23:28:50.407 +01:00 [Information] Database get operation succesfull with Id: 1
2023-11-28 23:28:50.407 +01:00 [Information] Retrieved discussion with Id: 1
2023-11-28 23:28:50.408 +01:00 [Information] Executing "OkObjectResult", writing value of type '"Oblig2.API.DTO.DiscussionDto"'.
2023-11-28 23:28:50.409 +01:00 [Information] Executed action "Oblig2.API.Controllers.DiscussionController.GetDiscussion (Oblig2.API)" in 16.5119ms
2023-11-28 23:28:50.409 +01:00 [Information] Executed endpoint '"Oblig2.API.Controllers.DiscussionController.GetDiscussion (Oblig2.API)"'
2023-11-28 23:28:50.409 +01:00 [Information] Request finished HTTP/1.1 GET http://localhost:5000/api/discussion/1 - - - 200 - application/json;+charset=utf-8 18.0812ms
2023-11-28 23:29:07.687 +01:00 [Information] Request starting HTTP/1.1 OPTIONS http://localhost:5000/api/discussion/1 - -
2023-11-28 23:29:07.687 +01:00 [Information] CORS policy execution successful.
2023-11-28 23:29:07.687 +01:00 [Information] Request finished HTTP/1.1 OPTIONS http://localhost:5000/api/discussion/1 - - - 204 - - 0.7900ms
2023-11-28 23:29:07.690 +01:00 [Information] Request starting HTTP/1.1 GET http://localhost:5000/api/discussion/1 - -
2023-11-28 23:29:07.690 +01:00 [Information] CORS policy execution successful.
2023-11-28 23:29:07.691 +01:00 [Information] Executing endpoint '"Oblig2.API.Controllers.DiscussionController.GetDiscussion (Oblig2.API)"'
2023-11-28 23:29:07.691 +01:00 [Information] Route matched with "{action = \"GetDiscussion\", controller = \"Discussion\"}". Executing controller action with signature "System.Threading.Tasks.Task`1[Microsoft.AspNetCore.Mvc.ActionResult`1[Oblig2.API.Models.Discussion]] GetDiscussion(Int32)" on controller "Oblig2.API.Controllers.DiscussionController" ("Oblig2.API").
2023-11-28 23:29:07.691 +01:00 [Information] Acquiring to get discussion with Id: 1
2023-11-28 23:29:07.692 +01:00 [Information] Database query initiated: Fetching discussion with ID: 1
2023-11-28 23:29:07.703 +01:00 [Information] Database get operation succesfull with Id: 1
2023-11-28 23:29:07.703 +01:00 [Information] Retrieved discussion with Id: 1
2023-11-28 23:29:07.703 +01:00 [Information] Executing "OkObjectResult", writing value of type '"Oblig2.API.DTO.DiscussionDto"'.
2023-11-28 23:29:07.703 +01:00 [Information] Executed action "Oblig2.API.Controllers.DiscussionController.GetDiscussion (Oblig2.API)" in 12.645ms
2023-11-28 23:29:07.704 +01:00 [Information] Executed endpoint '"Oblig2.API.Controllers.DiscussionController.GetDiscussion (Oblig2.API)"'
2023-11-28 23:29:07.704 +01:00 [Information] Request finished HTTP/1.1 GET http://localhost:5000/api/discussion/1 - - - 200 - application/json;+charset=utf-8 14.0385ms
2023-11-28 23:29:40.680 +01:00 [Information] Request starting HTTP/1.1 OPTIONS http://localhost:5000/api/discussion/1 - -
2023-11-28 23:29:40.681 +01:00 [Information] CORS policy execution successful.
2023-11-28 23:29:40.681 +01:00 [Information] Request finished HTTP/1.1 OPTIONS http://localhost:5000/api/discussion/1 - - - 204 - - 0.7010ms
2023-11-28 23:29:40.690 +01:00 [Information] Request starting HTTP/1.1 GET http://localhost:5000/api/discussion/1 - -
2023-11-28 23:29:40.690 +01:00 [Information] CORS policy execution successful.
2023-11-28 23:29:40.691 +01:00 [Information] Executing endpoint '"Oblig2.API.Controllers.DiscussionController.GetDiscussion (Oblig2.API)"'
2023-11-28 23:29:40.691 +01:00 [Information] Route matched with "{action = \"GetDiscussion\", controller = \"Discussion\"}". Executing controller action with signature "System.Threading.Tasks.Task`1[Microsoft.AspNetCore.Mvc.ActionResult`1[Oblig2.API.Models.Discussion]] GetDiscussion(Int32)" on controller "Oblig2.API.Controllers.DiscussionController" ("Oblig2.API").
2023-11-28 23:29:40.691 +01:00 [Information] Acquiring to get discussion with Id: 1
2023-11-28 23:29:40.691 +01:00 [Information] Database query initiated: Fetching discussion with ID: 1
2023-11-28 23:29:40.705 +01:00 [Information] Database get operation succesfull with Id: 1
2023-11-28 23:29:40.706 +01:00 [Information] Retrieved discussion with Id: 1
2023-11-28 23:29:40.706 +01:00 [Information] Executing "OkObjectResult", writing value of type '"Oblig2.API.DTO.DiscussionDto"'.
2023-11-28 23:29:40.706 +01:00 [Information] Executed action "Oblig2.API.Controllers.DiscussionController.GetDiscussion (Oblig2.API)" in 15.4055ms
2023-11-28 23:29:40.706 +01:00 [Information] Executed endpoint '"Oblig2.API.Controllers.DiscussionController.GetDiscussion (Oblig2.API)"'
2023-11-28 23:29:40.706 +01:00 [Information] Request finished HTTP/1.1 GET http://localhost:5000/api/discussion/1 - - - 200 - application/json;+charset=utf-8 16.6846ms
2023-11-28 23:29:52.864 +01:00 [Information] Request starting HTTP/1.1 OPTIONS http://localhost:5000/api/discussion/1 - -
2023-11-28 23:29:52.864 +01:00 [Information] CORS policy execution successful.
2023-11-28 23:29:52.864 +01:00 [Information] Request finished HTTP/1.1 OPTIONS http://localhost:5000/api/discussion/1 - - - 204 - - 0.6362ms
2023-11-28 23:29:52.866 +01:00 [Information] Request starting HTTP/1.1 GET http://localhost:5000/api/discussion/1 - -
2023-11-28 23:29:52.867 +01:00 [Information] CORS policy execution successful.
2023-11-28 23:29:52.867 +01:00 [Information] Executing endpoint '"Oblig2.API.Controllers.DiscussionController.GetDiscussion (Oblig2.API)"'
2023-11-28 23:29:52.868 +01:00 [Information] Route matched with "{action = \"GetDiscussion\", controller = \"Discussion\"}". Executing controller action with signature "System.Threading.Tasks.Task`1[Microsoft.AspNetCore.Mvc.ActionResult`1[Oblig2.API.Models.Discussion]] GetDiscussion(Int32)" on controller "Oblig2.API.Controllers.DiscussionController" ("Oblig2.API").
2023-11-28 23:29:52.868 +01:00 [Information] Acquiring to get discussion with Id: 1
2023-11-28 23:29:52.868 +01:00 [Information] Database query initiated: Fetching discussion with ID: 1
2023-11-28 23:29:52.876 +01:00 [Information] Database get operation succesfull with Id: 1
2023-11-28 23:29:52.877 +01:00 [Information] Retrieved discussion with Id: 1
2023-11-28 23:29:52.878 +01:00 [Information] Executing "OkObjectResult", writing value of type '"Oblig2.API.DTO.DiscussionDto"'.
2023-11-28 23:29:52.879 +01:00 [Information] Executed action "Oblig2.API.Controllers.DiscussionController.GetDiscussion (Oblig2.API)" in 11.2942ms
2023-11-28 23:29:52.879 +01:00 [Information] Executed endpoint '"Oblig2.API.Controllers.DiscussionController.GetDiscussion (Oblig2.API)"'
2023-11-28 23:29:52.879 +01:00 [Information] Request finished HTTP/1.1 GET http://localhost:5000/api/discussion/1 - - - 200 - application/json;+charset=utf-8 13.0160ms
2023-11-28 23:30:02.596 +01:00 [Information] Request starting HTTP/1.1 OPTIONS http://localhost:5000/api/discussion/1 - -
2023-11-28 23:30:02.597 +01:00 [Information] CORS policy execution successful.
2023-11-28 23:30:02.597 +01:00 [Information] Request finished HTTP/1.1 OPTIONS http://localhost:5000/api/discussion/1 - - - 204 - - 0.3949ms
2023-11-28 23:30:02.603 +01:00 [Information] Request starting HTTP/1.1 GET http://localhost:5000/api/discussion/1 - -
2023-11-28 23:30:02.603 +01:00 [Information] CORS policy execution successful.
2023-11-28 23:30:02.606 +01:00 [Information] Executing endpoint '"Oblig2.API.Controllers.DiscussionController.GetDiscussion (Oblig2.API)"'
2023-11-28 23:30:02.606 +01:00 [Information] Route matched with "{action = \"GetDiscussion\", controller = \"Discussion\"}". Executing controller action with signature "System.Threading.Tasks.Task`1[Microsoft.AspNetCore.Mvc.ActionResult`1[Oblig2.API.Models.Discussion]] GetDiscussion(Int32)" on controller "Oblig2.API.Controllers.DiscussionController" ("Oblig2.API").
2023-11-28 23:30:02.607 +01:00 [Information] Acquiring to get discussion with Id: 1
2023-11-28 23:30:02.607 +01:00 [Information] Database query initiated: Fetching discussion with ID: 1
2023-11-28 23:30:02.633 +01:00 [Information] Database get operation succesfull with Id: 1
2023-11-28 23:30:02.633 +01:00 [Information] Retrieved discussion with Id: 1
2023-11-28 23:30:02.633 +01:00 [Information] Executing "OkObjectResult", writing value of type '"Oblig2.API.DTO.DiscussionDto"'.
2023-11-28 23:30:02.634 +01:00 [Information] Executed action "Oblig2.API.Controllers.DiscussionController.GetDiscussion (Oblig2.API)" in 27.8646ms
2023-11-28 23:30:02.634 +01:00 [Information] Executed endpoint '"Oblig2.API.Controllers.DiscussionController.GetDiscussion (Oblig2.API)"'
2023-11-28 23:30:02.634 +01:00 [Information] Request finished HTTP/1.1 GET http://localhost:5000/api/discussion/1 - - - 200 - application/json;+charset=utf-8 31.5323ms
2023-11-28 23:30:27.019 +01:00 [Information] Request starting HTTP/1.1 OPTIONS http://localhost:5000/api/discussion - -
2023-11-28 23:30:27.019 +01:00 [Information] CORS policy execution successful.
2023-11-28 23:30:27.020 +01:00 [Information] Request finished HTTP/1.1 OPTIONS http://localhost:5000/api/discussion - - - 204 - - 0.8859ms
2023-11-28 23:30:27.022 +01:00 [Information] Request starting HTTP/1.1 GET http://localhost:5000/api/discussion - -
2023-11-28 23:30:27.022 +01:00 [Information] CORS policy execution successful.
2023-11-28 23:30:27.023 +01:00 [Information] Executing endpoint '"Oblig2.API.Controllers.DiscussionController.GetDiscussions (Oblig2.API)"'
2023-11-28 23:30:27.023 +01:00 [Information] Route matched with "{action = \"GetDiscussions\", controller = \"Discussion\"}". Executing controller action with signature "System.Threading.Tasks.Task`1[Microsoft.AspNetCore.Mvc.ActionResult] GetDiscussions()" on controller "Oblig2.API.Controllers.DiscussionController" ("Oblig2.API").
2023-11-28 23:30:27.023 +01:00 [Information] Acquiring to get all discussions
2023-11-28 23:30:27.024 +01:00 [Information] Database query initiated: Fetching all discussions
2023-11-28 23:30:27.025 +01:00 [Information] Database get operation succesfull
2023-11-28 23:30:27.025 +01:00 [Information] Retrieved all discussions | Amount: 2 discussions
2023-11-28 23:30:27.026 +01:00 [Information] Executing "OkObjectResult", writing value of type '"System.Collections.Generic.List`1[[Oblig2.API.DTO.DiscussionDto, Oblig2.API, Version=1.0.0.0, Culture=neutral, PublicKeyToken=null]]"'.
2023-11-28 23:30:27.027 +01:00 [Information] Executed action "Oblig2.API.Controllers.DiscussionController.GetDiscussions (Oblig2.API)" in 3.481ms
2023-11-28 23:30:27.027 +01:00 [Information] Executed endpoint '"Oblig2.API.Controllers.DiscussionController.GetDiscussions (Oblig2.API)"'
2023-11-28 23:30:27.027 +01:00 [Information] Request finished HTTP/1.1 GET http://localhost:5000/api/discussion - - - 200 - application/json;+charset=utf-8 5.4089ms
2023-11-28 23:31:45.791 +01:00 [Information] Request starting HTTP/1.1 OPTIONS http://localhost:5000/api/discussion - -
2023-11-28 23:31:45.791 +01:00 [Information] CORS policy execution successful.
2023-11-28 23:31:45.791 +01:00 [Information] Request finished HTTP/1.1 OPTIONS http://localhost:5000/api/discussion - - - 204 - - 0.5479ms
2023-11-28 23:31:45.794 +01:00 [Information] Request starting HTTP/1.1 GET http://localhost:5000/api/discussion - -
2023-11-28 23:31:45.794 +01:00 [Information] CORS policy execution successful.
2023-11-28 23:31:45.795 +01:00 [Information] Executing endpoint '"Oblig2.API.Controllers.DiscussionController.GetDiscussions (Oblig2.API)"'
2023-11-28 23:31:45.795 +01:00 [Information] Route matched with "{action = \"GetDiscussions\", controller = \"Discussion\"}". Executing controller action with signature "System.Threading.Tasks.Task`1[Microsoft.AspNetCore.Mvc.ActionResult] GetDiscussions()" on controller "Oblig2.API.Controllers.DiscussionController" ("Oblig2.API").
2023-11-28 23:31:45.795 +01:00 [Information] Acquiring to get all discussions
2023-11-28 23:31:45.796 +01:00 [Information] Database query initiated: Fetching all discussions
2023-11-28 23:31:45.799 +01:00 [Information] Database get operation succesfull
2023-11-28 23:31:45.799 +01:00 [Information] Retrieved all discussions | Amount: 2 discussions
2023-11-28 23:31:45.800 +01:00 [Information] Executing "OkObjectResult", writing value of type '"System.Collections.Generic.List`1[[Oblig2.API.DTO.DiscussionDto, Oblig2.API, Version=1.0.0.0, Culture=neutral, PublicKeyToken=null]]"'.
2023-11-28 23:31:45.800 +01:00 [Information] Executed action "Oblig2.API.Controllers.DiscussionController.GetDiscussions (Oblig2.API)" in 5.2118ms
2023-11-28 23:31:45.800 +01:00 [Information] Executed endpoint '"Oblig2.API.Controllers.DiscussionController.GetDiscussions (Oblig2.API)"'
2023-11-28 23:31:45.801 +01:00 [Information] Request finished HTTP/1.1 GET http://localhost:5000/api/discussion - - - 200 - application/json;+charset=utf-8 7.1386ms
2023-11-28 23:32:30.945 +01:00 [Information] Request starting HTTP/1.1 GET http://localhost:5000/api/discussion - -
2023-11-28 23:32:30.945 +01:00 [Information] CORS policy execution successful.
2023-11-28 23:32:30.946 +01:00 [Information] Executing endpoint '"Oblig2.API.Controllers.DiscussionController.GetDiscussions (Oblig2.API)"'
2023-11-28 23:32:30.947 +01:00 [Information] Route matched with "{action = \"GetDiscussions\", controller = \"Discussion\"}". Executing controller action with signature "System.Threading.Tasks.Task`1[Microsoft.AspNetCore.Mvc.ActionResult] GetDiscussions()" on controller "Oblig2.API.Controllers.DiscussionController" ("Oblig2.API").
2023-11-28 23:32:30.947 +01:00 [Information] Acquiring to get all discussions
2023-11-28 23:32:30.947 +01:00 [Information] Database query initiated: Fetching all discussions
2023-11-28 23:32:30.948 +01:00 [Information] Database get operation succesfull
2023-11-28 23:32:30.948 +01:00 [Information] Retrieved all discussions | Amount: 2 discussions
2023-11-28 23:32:30.949 +01:00 [Information] Executing "OkObjectResult", writing value of type '"System.Collections.Generic.List`1[[Oblig2.API.DTO.DiscussionDto, Oblig2.API, Version=1.0.0.0, Culture=neutral, PublicKeyToken=null]]"'.
2023-11-28 23:32:30.949 +01:00 [Information] Executed action "Oblig2.API.Controllers.DiscussionController.GetDiscussions (Oblig2.API)" in 2.6622ms
2023-11-28 23:32:30.949 +01:00 [Information] Executed endpoint '"Oblig2.API.Controllers.DiscussionController.GetDiscussions (Oblig2.API)"'
2023-11-28 23:32:30.949 +01:00 [Information] Request finished HTTP/1.1 GET http://localhost:5000/api/discussion - - - 200 - application/json;+charset=utf-8 4.6551ms
2023-11-28 23:32:31.759 +01:00 [Information] Request starting HTTP/1.1 GET http://localhost:5000/api/discussion/1 - -
2023-11-28 23:32:31.759 +01:00 [Information] CORS policy execution successful.
2023-11-28 23:32:31.760 +01:00 [Information] Executing endpoint '"Oblig2.API.Controllers.DiscussionController.GetDiscussion (Oblig2.API)"'
2023-11-28 23:32:31.760 +01:00 [Information] Route matched with "{action = \"GetDiscussion\", controller = \"Discussion\"}". Executing controller action with signature "System.Threading.Tasks.Task`1[Microsoft.AspNetCore.Mvc.ActionResult`1[Oblig2.API.Models.Discussion]] GetDiscussion(Int32)" on controller "Oblig2.API.Controllers.DiscussionController" ("Oblig2.API").
2023-11-28 23:32:31.760 +01:00 [Information] Acquiring to get discussion with Id: 1
2023-11-28 23:32:31.760 +01:00 [Information] Database query initiated: Fetching discussion with ID: 1
2023-11-28 23:32:31.776 +01:00 [Information] Database get operation succesfull with Id: 1
2023-11-28 23:32:31.776 +01:00 [Information] Retrieved discussion with Id: 1
2023-11-28 23:32:31.776 +01:00 [Information] Executing "OkObjectResult", writing value of type '"Oblig2.API.DTO.DiscussionDto"'.
2023-11-28 23:32:31.777 +01:00 [Information] Executed action "Oblig2.API.Controllers.DiscussionController.GetDiscussion (Oblig2.API)" in 17.5069ms
2023-11-28 23:32:31.778 +01:00 [Information] Executed endpoint '"Oblig2.API.Controllers.DiscussionController.GetDiscussion (Oblig2.API)"'
2023-11-28 23:32:31.778 +01:00 [Information] Request finished HTTP/1.1 GET http://localhost:5000/api/discussion/1 - - - 200 - application/json;+charset=utf-8 18.5662ms
2023-11-28 23:32:36.244 +01:00 [Information] Request starting HTTP/1.1 GET http://localhost:5000/api/discussion - -
2023-11-28 23:32:36.244 +01:00 [Information] CORS policy execution successful.
2023-11-28 23:32:36.245 +01:00 [Information] Executing endpoint '"Oblig2.API.Controllers.DiscussionController.GetDiscussions (Oblig2.API)"'
2023-11-28 23:32:36.245 +01:00 [Information] Route matched with "{action = \"GetDiscussions\", controller = \"Discussion\"}". Executing controller action with signature "System.Threading.Tasks.Task`1[Microsoft.AspNetCore.Mvc.ActionResult] GetDiscussions()" on controller "Oblig2.API.Controllers.DiscussionController" ("Oblig2.API").
2023-11-28 23:32:36.246 +01:00 [Information] Acquiring to get all discussions
2023-11-28 23:32:36.246 +01:00 [Information] Database query initiated: Fetching all discussions
2023-11-28 23:32:36.251 +01:00 [Information] Database get operation succesfull
2023-11-28 23:32:36.251 +01:00 [Information] Retrieved all discussions | Amount: 2 discussions
2023-11-28 23:32:36.251 +01:00 [Information] Executing "OkObjectResult", writing value of type '"System.Collections.Generic.List`1[[Oblig2.API.DTO.DiscussionDto, Oblig2.API, Version=1.0.0.0, Culture=neutral, PublicKeyToken=null]]"'.
2023-11-28 23:32:36.251 +01:00 [Information] Executed action "Oblig2.API.Controllers.DiscussionController.GetDiscussions (Oblig2.API)" in 6.002ms
2023-11-28 23:32:36.251 +01:00 [Information] Executed endpoint '"Oblig2.API.Controllers.DiscussionController.GetDiscussions (Oblig2.API)"'
2023-11-28 23:32:36.253 +01:00 [Information] Request finished HTTP/1.1 GET http://localhost:5000/api/discussion - - - 200 - application/json;+charset=utf-8 9.3086ms
2023-11-28 23:35:18.830 +01:00 [Information] Request starting HTTP/1.1 GET http://localhost:5000/api/discussion - -
2023-11-28 23:35:18.830 +01:00 [Information] CORS policy execution successful.
2023-11-28 23:35:18.830 +01:00 [Information] Executing endpoint '"Oblig2.API.Controllers.DiscussionController.GetDiscussions (Oblig2.API)"'
2023-11-28 23:35:18.831 +01:00 [Information] Route matched with "{action = \"GetDiscussions\", controller = \"Discussion\"}". Executing controller action with signature "System.Threading.Tasks.Task`1[Microsoft.AspNetCore.Mvc.ActionResult] GetDiscussions()" on controller "Oblig2.API.Controllers.DiscussionController" ("Oblig2.API").
2023-11-28 23:35:18.831 +01:00 [Information] Acquiring to get all discussions
2023-11-28 23:35:18.831 +01:00 [Information] Database query initiated: Fetching all discussions
2023-11-28 23:35:18.833 +01:00 [Information] Database get operation succesfull
2023-11-28 23:35:18.833 +01:00 [Information] Retrieved all discussions | Amount: 2 discussions
2023-11-28 23:35:18.834 +01:00 [Information] Executing "OkObjectResult", writing value of type '"System.Collections.Generic.List`1[[Oblig2.API.DTO.DiscussionDto, Oblig2.API, Version=1.0.0.0, Culture=neutral, PublicKeyToken=null]]"'.
2023-11-28 23:35:18.834 +01:00 [Information] Executed action "Oblig2.API.Controllers.DiscussionController.GetDiscussions (Oblig2.API)" in 3.7256ms
2023-11-28 23:35:18.835 +01:00 [Information] Executed endpoint '"Oblig2.API.Controllers.DiscussionController.GetDiscussions (Oblig2.API)"'
2023-11-28 23:35:18.835 +01:00 [Information] Request finished HTTP/1.1 GET http://localhost:5000/api/discussion - - - 200 - application/json;+charset=utf-8 5.1673ms
2023-11-28 23:35:35.597 +01:00 [Information] Request starting HTTP/1.1 GET http://localhost:5000/api/discussion - -
2023-11-28 23:35:35.597 +01:00 [Information] CORS policy execution successful.
2023-11-28 23:35:35.597 +01:00 [Information] Executing endpoint '"Oblig2.API.Controllers.DiscussionController.GetDiscussions (Oblig2.API)"'
2023-11-28 23:35:35.598 +01:00 [Information] Route matched with "{action = \"GetDiscussions\", controller = \"Discussion\"}". Executing controller action with signature "System.Threading.Tasks.Task`1[Microsoft.AspNetCore.Mvc.ActionResult] GetDiscussions()" on controller "Oblig2.API.Controllers.DiscussionController" ("Oblig2.API").
2023-11-28 23:35:35.598 +01:00 [Information] Acquiring to get all discussions
2023-11-28 23:35:35.598 +01:00 [Information] Database query initiated: Fetching all discussions
2023-11-28 23:35:35.608 +01:00 [Information] Database get operation succesfull
2023-11-28 23:35:35.608 +01:00 [Information] Retrieved all discussions | Amount: 2 discussions
2023-11-28 23:35:35.609 +01:00 [Information] Executing "OkObjectResult", writing value of type '"System.Collections.Generic.List`1[[Oblig2.API.DTO.DiscussionDto, Oblig2.API, Version=1.0.0.0, Culture=neutral, PublicKeyToken=null]]"'.
2023-11-28 23:35:35.610 +01:00 [Information] Executed action "Oblig2.API.Controllers.DiscussionController.GetDiscussions (Oblig2.API)" in 11.8476ms
2023-11-28 23:35:35.612 +01:00 [Information] Executed endpoint '"Oblig2.API.Controllers.DiscussionController.GetDiscussions (Oblig2.API)"'
2023-11-28 23:35:35.613 +01:00 [Information] Request finished HTTP/1.1 GET http://localhost:5000/api/discussion - - - 200 - application/json;+charset=utf-8 15.9562ms
2023-11-28 23:35:52.802 +01:00 [Information] Request starting HTTP/1.1 GET http://localhost:5000/api/discussion - -
2023-11-28 23:35:52.802 +01:00 [Information] CORS policy execution successful.
2023-11-28 23:35:52.803 +01:00 [Information] Executing endpoint '"Oblig2.API.Controllers.DiscussionController.GetDiscussions (Oblig2.API)"'
2023-11-28 23:35:52.803 +01:00 [Information] Route matched with "{action = \"GetDiscussions\", controller = \"Discussion\"}". Executing controller action with signature "System.Threading.Tasks.Task`1[Microsoft.AspNetCore.Mvc.ActionResult] GetDiscussions()" on controller "Oblig2.API.Controllers.DiscussionController" ("Oblig2.API").
2023-11-28 23:35:52.803 +01:00 [Information] Acquiring to get all discussions
2023-11-28 23:35:52.803 +01:00 [Information] Database query initiated: Fetching all discussions
2023-11-28 23:35:52.809 +01:00 [Information] Database get operation succesfull
2023-11-28 23:35:52.809 +01:00 [Information] Retrieved all discussions | Amount: 2 discussions
2023-11-28 23:35:52.809 +01:00 [Information] Executing "OkObjectResult", writing value of type '"System.Collections.Generic.List`1[[Oblig2.API.DTO.DiscussionDto, Oblig2.API, Version=1.0.0.0, Culture=neutral, PublicKeyToken=null]]"'.
2023-11-28 23:35:52.810 +01:00 [Information] Executed action "Oblig2.API.Controllers.DiscussionController.GetDiscussions (Oblig2.API)" in 6.8784ms
2023-11-28 23:35:52.810 +01:00 [Information] Executed endpoint '"Oblig2.API.Controllers.DiscussionController.GetDiscussions (Oblig2.API)"'
2023-11-28 23:35:52.810 +01:00 [Information] Request finished HTTP/1.1 GET http://localhost:5000/api/discussion - - - 200 - application/json;+charset=utf-8 8.7821ms
2023-11-28 23:36:50.678 +01:00 [Information] Request starting HTTP/1.1 GET http://localhost:5000/api/discussion - -
2023-11-28 23:36:50.682 +01:00 [Information] CORS policy execution successful.
2023-11-28 23:36:50.683 +01:00 [Information] Executing endpoint '"Oblig2.API.Controllers.DiscussionController.GetDiscussions (Oblig2.API)"'
2023-11-28 23:36:50.685 +01:00 [Information] Route matched with "{action = \"GetDiscussions\", controller = \"Discussion\"}". Executing controller action with signature "System.Threading.Tasks.Task`1[Microsoft.AspNetCore.Mvc.ActionResult] GetDiscussions()" on controller "Oblig2.API.Controllers.DiscussionController" ("Oblig2.API").
2023-11-28 23:36:50.687 +01:00 [Information] Acquiring to get all discussions
2023-11-28 23:36:50.687 +01:00 [Information] Database query initiated: Fetching all discussions
2023-11-28 23:36:50.708 +01:00 [Information] Database get operation succesfull
2023-11-28 23:36:50.708 +01:00 [Information] Retrieved all discussions | Amount: 2 discussions
2023-11-28 23:36:50.709 +01:00 [Information] Executing "OkObjectResult", writing value of type '"System.Collections.Generic.List`1[[Oblig2.API.DTO.DiscussionDto, Oblig2.API, Version=1.0.0.0, Culture=neutral, PublicKeyToken=null]]"'.
2023-11-28 23:36:50.709 +01:00 [Information] Executed action "Oblig2.API.Controllers.DiscussionController.GetDiscussions (Oblig2.API)" in 22.9839ms
2023-11-28 23:36:50.710 +01:00 [Information] Executed endpoint '"Oblig2.API.Controllers.DiscussionController.GetDiscussions (Oblig2.API)"'
2023-11-28 23:36:50.710 +01:00 [Information] Request finished HTTP/1.1 GET http://localhost:5000/api/discussion - - - 200 - application/json;+charset=utf-8 32.0121ms
2023-11-28 23:37:21.131 +01:00 [Information] Request starting HTTP/1.1 GET http://localhost:5000/api/discussion - -
2023-11-28 23:37:21.131 +01:00 [Information] CORS policy execution successful.
2023-11-28 23:37:21.132 +01:00 [Information] Executing endpoint '"Oblig2.API.Controllers.DiscussionController.GetDiscussions (Oblig2.API)"'
2023-11-28 23:37:21.132 +01:00 [Information] Route matched with "{action = \"GetDiscussions\", controller = \"Discussion\"}". Executing controller action with signature "System.Threading.Tasks.Task`1[Microsoft.AspNetCore.Mvc.ActionResult] GetDiscussions()" on controller "Oblig2.API.Controllers.DiscussionController" ("Oblig2.API").
2023-11-28 23:37:21.132 +01:00 [Information] Acquiring to get all discussions
2023-11-28 23:37:21.132 +01:00 [Information] Database query initiated: Fetching all discussions
2023-11-28 23:37:21.134 +01:00 [Information] Database get operation succesfull
2023-11-28 23:37:21.134 +01:00 [Information] Retrieved all discussions | Amount: 2 discussions
2023-11-28 23:37:21.135 +01:00 [Information] Executing "OkObjectResult", writing value of type '"System.Collections.Generic.List`1[[Oblig2.API.DTO.DiscussionDto, Oblig2.API, Version=1.0.0.0, Culture=neutral, PublicKeyToken=null]]"'.
2023-11-28 23:37:21.135 +01:00 [Information] Executed action "Oblig2.API.Controllers.DiscussionController.GetDiscussions (Oblig2.API)" in 3.6285ms
2023-11-28 23:37:21.136 +01:00 [Information] Executed endpoint '"Oblig2.API.Controllers.DiscussionController.GetDiscussions (Oblig2.API)"'
2023-11-28 23:37:21.136 +01:00 [Information] Request finished HTTP/1.1 GET http://localhost:5000/api/discussion - - - 200 - application/json;+charset=utf-8 5.5534ms
2023-11-28 23:37:32.319 +01:00 [Information] Request starting HTTP/1.1 OPTIONS http://localhost:5000/api/auth/login - -
2023-11-28 23:37:32.320 +01:00 [Information] CORS policy execution successful.
2023-11-28 23:37:32.320 +01:00 [Information] Request finished HTTP/1.1 OPTIONS http://localhost:5000/api/auth/login - - - 204 - - 0.8085ms
2023-11-28 23:37:32.323 +01:00 [Information] Request starting HTTP/1.1 POST http://localhost:5000/api/auth/login application/json 60
2023-11-28 23:37:32.324 +01:00 [Information] CORS policy execution successful.
2023-11-28 23:37:32.324 +01:00 [Information] Executing endpoint '"Oblig2.API.Controllers.AuthController.Login (Oblig2.API)"'
2023-11-28 23:37:32.330 +01:00 [Information] Route matched with "{action = \"Login\", controller = \"Auth\"}". Executing controller action with signature "System.Threading.Tasks.Task`1[Microsoft.AspNetCore.Mvc.IActionResult] Login(Oblig2.API.DTO.UserLoginDto)" on controller "Oblig2.API.Controllers.AuthController" ("Oblig2.API").
2023-11-28 23:37:32.366 +01:00 [Information] Login attempt with Username: kincetube30@gmail.com
2023-11-28 23:37:32.368 +01:00 [Information] Database query initiated: Checking username: kincetube30@gmail.com for existence and mathcing password in database
2023-11-28 23:37:32.379 +01:00 [Information] Database login operation succesfull with username: kincetube30@gmail.com and verified password
2023-11-28 23:37:32.395 +01:00 [Information] User: kincetube30@gmail.com logged in successfully
2023-11-28 23:37:32.397 +01:00 [Information] Executing "OkObjectResult", writing value of type '"<>f__AnonymousType0`1[[System.String, System.Private.CoreLib, Version=7.0.0.0, Culture=neutral, PublicKeyToken=7cec85d7bea7798e]]"'.
2023-11-28 23:37:32.399 +01:00 [Information] Executed action "Oblig2.API.Controllers.AuthController.Login (Oblig2.API)" in 69.198ms
2023-11-28 23:37:32.399 +01:00 [Information] Executed endpoint '"Oblig2.API.Controllers.AuthController.Login (Oblig2.API)"'
2023-11-28 23:37:32.399 +01:00 [Information] Request finished HTTP/1.1 POST http://localhost:5000/api/auth/login application/json 60 - 200 - application/json;+charset=utf-8 76.5754ms
2023-11-28 23:37:32.447 +01:00 [Information] Request starting HTTP/1.1 OPTIONS http://localhost:5000/api/discussion - -
2023-11-28 23:37:32.450 +01:00 [Information] CORS policy execution successful.
2023-11-28 23:37:32.451 +01:00 [Information] Request finished HTTP/1.1 OPTIONS http://localhost:5000/api/discussion - - - 204 - - 3.3063ms
2023-11-28 23:37:32.455 +01:00 [Information] Request starting HTTP/1.1 GET http://localhost:5000/api/discussion - -
2023-11-28 23:37:32.455 +01:00 [Information] CORS policy execution successful.
2023-11-28 23:37:32.456 +01:00 [Information] Executing endpoint '"Oblig2.API.Controllers.DiscussionController.GetDiscussions (Oblig2.API)"'
2023-11-28 23:37:32.456 +01:00 [Information] Route matched with "{action = \"GetDiscussions\", controller = \"Discussion\"}". Executing controller action with signature "System.Threading.Tasks.Task`1[Microsoft.AspNetCore.Mvc.ActionResult] GetDiscussions()" on controller "Oblig2.API.Controllers.DiscussionController" ("Oblig2.API").
2023-11-28 23:37:32.456 +01:00 [Information] Acquiring to get all discussions
2023-11-28 23:37:32.456 +01:00 [Information] Database query initiated: Fetching all discussions
2023-11-28 23:37:32.463 +01:00 [Information] Database get operation succesfull
2023-11-28 23:37:32.463 +01:00 [Information] Retrieved all discussions | Amount: 2 discussions
2023-11-28 23:37:32.464 +01:00 [Information] Executing "OkObjectResult", writing value of type '"System.Collections.Generic.List`1[[Oblig2.API.DTO.DiscussionDto, Oblig2.API, Version=1.0.0.0, Culture=neutral, PublicKeyToken=null]]"'.
2023-11-28 23:37:32.465 +01:00 [Information] Executed action "Oblig2.API.Controllers.DiscussionController.GetDiscussions (Oblig2.API)" in 8.718ms
2023-11-28 23:37:32.465 +01:00 [Information] Executed endpoint '"Oblig2.API.Controllers.DiscussionController.GetDiscussions (Oblig2.API)"'
2023-11-28 23:37:32.465 +01:00 [Information] Request finished HTTP/1.1 GET http://localhost:5000/api/discussion - - - 200 - application/json;+charset=utf-8 10.5319ms
2023-11-28 23:37:46.443 +01:00 [Information] Request starting HTTP/1.1 OPTIONS http://localhost:5000/api/discussion - -
2023-11-28 23:37:46.443 +01:00 [Information] CORS policy execution successful.
2023-11-28 23:37:46.444 +01:00 [Information] Request finished HTTP/1.1 OPTIONS http://localhost:5000/api/discussion - - - 204 - - 0.4658ms
2023-11-28 23:37:46.446 +01:00 [Information] Request starting HTTP/1.1 GET http://localhost:5000/api/discussion - -
2023-11-28 23:37:46.446 +01:00 [Information] CORS policy execution successful.
2023-11-28 23:37:46.446 +01:00 [Information] Executing endpoint '"Oblig2.API.Controllers.DiscussionController.GetDiscussions (Oblig2.API)"'
2023-11-28 23:37:46.446 +01:00 [Information] Route matched with "{action = \"GetDiscussions\", controller = \"Discussion\"}". Executing controller action with signature "System.Threading.Tasks.Task`1[Microsoft.AspNetCore.Mvc.ActionResult] GetDiscussions()" on controller "Oblig2.API.Controllers.DiscussionController" ("Oblig2.API").
2023-11-28 23:37:46.447 +01:00 [Information] Acquiring to get all discussions
2023-11-28 23:37:46.449 +01:00 [Information] Database query initiated: Fetching all discussions
2023-11-28 23:37:46.463 +01:00 [Information] Database get operation succesfull
2023-11-28 23:37:46.463 +01:00 [Information] Retrieved all discussions | Amount: 2 discussions
2023-11-28 23:37:46.463 +01:00 [Information] Executing "OkObjectResult", writing value of type '"System.Collections.Generic.List`1[[Oblig2.API.DTO.DiscussionDto, Oblig2.API, Version=1.0.0.0, Culture=neutral, PublicKeyToken=null]]"'.
2023-11-28 23:37:46.466 +01:00 [Information] Executed action "Oblig2.API.Controllers.DiscussionController.GetDiscussions (Oblig2.API)" in 19.8177ms
2023-11-28 23:37:46.467 +01:00 [Information] Executed endpoint '"Oblig2.API.Controllers.DiscussionController.GetDiscussions (Oblig2.API)"'
2023-11-28 23:37:46.473 +01:00 [Information] Request finished HTTP/1.1 GET http://localhost:5000/api/discussion - - - 200 - application/json;+charset=utf-8 26.9839ms
2023-11-28 23:37:54.454 +01:00 [Information] Request starting HTTP/1.1 OPTIONS http://localhost:5000/api/discussion - -
2023-11-28 23:37:54.454 +01:00 [Information] CORS policy execution successful.
2023-11-28 23:37:54.454 +01:00 [Information] Request finished HTTP/1.1 OPTIONS http://localhost:5000/api/discussion - - - 204 - - 0.4125ms
2023-11-28 23:37:54.456 +01:00 [Information] Request starting HTTP/1.1 GET http://localhost:5000/api/discussion - -
2023-11-28 23:37:54.456 +01:00 [Information] CORS policy execution successful.
2023-11-28 23:37:54.456 +01:00 [Information] Executing endpoint '"Oblig2.API.Controllers.DiscussionController.GetDiscussions (Oblig2.API)"'
2023-11-28 23:37:54.457 +01:00 [Information] Route matched with "{action = \"GetDiscussions\", controller = \"Discussion\"}". Executing controller action with signature "System.Threading.Tasks.Task`1[Microsoft.AspNetCore.Mvc.ActionResult] GetDiscussions()" on controller "Oblig2.API.Controllers.DiscussionController" ("Oblig2.API").
2023-11-28 23:37:54.457 +01:00 [Information] Acquiring to get all discussions
2023-11-28 23:37:54.457 +01:00 [Information] Database query initiated: Fetching all discussions
2023-11-28 23:37:54.460 +01:00 [Information] Database get operation succesfull
2023-11-28 23:37:54.460 +01:00 [Information] Retrieved all discussions | Amount: 2 discussions
2023-11-28 23:37:54.461 +01:00 [Information] Executing "OkObjectResult", writing value of type '"System.Collections.Generic.List`1[[Oblig2.API.DTO.DiscussionDto, Oblig2.API, Version=1.0.0.0, Culture=neutral, PublicKeyToken=null]]"'.
2023-11-28 23:37:54.461 +01:00 [Information] Executed action "Oblig2.API.Controllers.DiscussionController.GetDiscussions (Oblig2.API)" in 4.8066ms
2023-11-28 23:37:54.462 +01:00 [Information] Executed endpoint '"Oblig2.API.Controllers.DiscussionController.GetDiscussions (Oblig2.API)"'
2023-11-28 23:37:54.462 +01:00 [Information] Request finished HTTP/1.1 GET http://localhost:5000/api/discussion - - - 200 - application/json;+charset=utf-8 6.2301ms
2023-11-28 23:38:07.005 +01:00 [Information] Request starting HTTP/1.1 OPTIONS http://localhost:5000/api/discussion - -
2023-11-28 23:38:07.005 +01:00 [Information] CORS policy execution successful.
2023-11-28 23:38:07.006 +01:00 [Information] Request finished HTTP/1.1 OPTIONS http://localhost:5000/api/discussion - - - 204 - - 0.5871ms
2023-11-28 23:38:07.011 +01:00 [Information] Request starting HTTP/1.1 GET http://localhost:5000/api/discussion - -
2023-11-28 23:38:07.011 +01:00 [Information] CORS policy execution successful.
2023-11-28 23:38:07.012 +01:00 [Information] Executing endpoint '"Oblig2.API.Controllers.DiscussionController.GetDiscussions (Oblig2.API)"'
2023-11-28 23:38:07.012 +01:00 [Information] Route matched with "{action = \"GetDiscussions\", controller = \"Discussion\"}". Executing controller action with signature "System.Threading.Tasks.Task`1[Microsoft.AspNetCore.Mvc.ActionResult] GetDiscussions()" on controller "Oblig2.API.Controllers.DiscussionController" ("Oblig2.API").
2023-11-28 23:38:07.012 +01:00 [Information] Acquiring to get all discussions
2023-11-28 23:38:07.012 +01:00 [Information] Database query initiated: Fetching all discussions
2023-11-28 23:38:07.014 +01:00 [Information] Database get operation succesfull
2023-11-28 23:38:07.014 +01:00 [Information] Retrieved all discussions | Amount: 2 discussions
2023-11-28 23:38:07.015 +01:00 [Information] Executing "OkObjectResult", writing value of type '"System.Collections.Generic.List`1[[Oblig2.API.DTO.DiscussionDto, Oblig2.API, Version=1.0.0.0, Culture=neutral, PublicKeyToken=null]]"'.
2023-11-28 23:38:07.017 +01:00 [Information] Executed action "Oblig2.API.Controllers.DiscussionController.GetDiscussions (Oblig2.API)" in 3.7046ms
2023-11-28 23:38:07.017 +01:00 [Information] Executed endpoint '"Oblig2.API.Controllers.DiscussionController.GetDiscussions (Oblig2.API)"'
2023-11-28 23:38:07.017 +01:00 [Information] Request finished HTTP/1.1 GET http://localhost:5000/api/discussion - - - 200 - application/json;+charset=utf-8 6.1887ms
2023-11-28 23:38:21.796 +01:00 [Information] Request starting HTTP/1.1 GET http://localhost:5000/api/discussion - -
2023-11-28 23:38:21.796 +01:00 [Information] CORS policy execution successful.
2023-11-28 23:38:21.796 +01:00 [Information] Executing endpoint '"Oblig2.API.Controllers.DiscussionController.GetDiscussions (Oblig2.API)"'
2023-11-28 23:38:21.796 +01:00 [Information] Route matched with "{action = \"GetDiscussions\", controller = \"Discussion\"}". Executing controller action with signature "System.Threading.Tasks.Task`1[Microsoft.AspNetCore.Mvc.ActionResult] GetDiscussions()" on controller "Oblig2.API.Controllers.DiscussionController" ("Oblig2.API").
2023-11-28 23:38:21.797 +01:00 [Information] Acquiring to get all discussions
2023-11-28 23:38:21.797 +01:00 [Information] Database query initiated: Fetching all discussions
2023-11-28 23:38:21.817 +01:00 [Information] Database get operation succesfull
2023-11-28 23:38:21.818 +01:00 [Information] Retrieved all discussions | Amount: 2 discussions
2023-11-28 23:38:21.818 +01:00 [Information] Executing "OkObjectResult", writing value of type '"System.Collections.Generic.List`1[[Oblig2.API.DTO.DiscussionDto, Oblig2.API, Version=1.0.0.0, Culture=neutral, PublicKeyToken=null]]"'.
2023-11-28 23:38:21.818 +01:00 [Information] Executed action "Oblig2.API.Controllers.DiscussionController.GetDiscussions (Oblig2.API)" in 21.9352ms
2023-11-28 23:38:21.818 +01:00 [Information] Executed endpoint '"Oblig2.API.Controllers.DiscussionController.GetDiscussions (Oblig2.API)"'
2023-11-28 23:38:21.819 +01:00 [Information] Request finished HTTP/1.1 GET http://localhost:5000/api/discussion - - - 200 - application/json;+charset=utf-8 22.9079ms
2023-11-28 23:38:25.398 +01:00 [Information] Request starting HTTP/1.1 GET http://localhost:5000/api/discussion/1 - -
2023-11-28 23:38:25.399 +01:00 [Information] CORS policy execution successful.
2023-11-28 23:38:25.399 +01:00 [Information] Executing endpoint '"Oblig2.API.Controllers.DiscussionController.GetDiscussion (Oblig2.API)"'
2023-11-28 23:38:25.399 +01:00 [Information] Route matched with "{action = \"GetDiscussion\", controller = \"Discussion\"}". Executing controller action with signature "System.Threading.Tasks.Task`1[Microsoft.AspNetCore.Mvc.ActionResult`1[Oblig2.API.Models.Discussion]] GetDiscussion(Int32)" on controller "Oblig2.API.Controllers.DiscussionController" ("Oblig2.API").
2023-11-28 23:38:25.400 +01:00 [Information] Acquiring to get discussion with Id: 1
2023-11-28 23:38:25.400 +01:00 [Information] Database query initiated: Fetching discussion with ID: 1
2023-11-28 23:38:25.411 +01:00 [Information] Database get operation succesfull with Id: 1
2023-11-28 23:38:25.412 +01:00 [Information] Retrieved discussion with Id: 1
2023-11-28 23:38:25.412 +01:00 [Information] Executing "OkObjectResult", writing value of type '"Oblig2.API.DTO.DiscussionDto"'.
2023-11-28 23:38:25.412 +01:00 [Information] Executed action "Oblig2.API.Controllers.DiscussionController.GetDiscussion (Oblig2.API)" in 13.2273ms
2023-11-28 23:38:25.412 +01:00 [Information] Executed endpoint '"Oblig2.API.Controllers.DiscussionController.GetDiscussion (Oblig2.API)"'
2023-11-28 23:38:25.413 +01:00 [Information] Request finished HTTP/1.1 GET http://localhost:5000/api/discussion/1 - - - 200 - application/json;+charset=utf-8 14.1320ms
2023-11-28 23:39:27.183 +01:00 [Information] Request starting HTTP/1.1 GET http://localhost:5000/api/discussion/1 - -
2023-11-28 23:39:27.184 +01:00 [Information] CORS policy execution successful.
2023-11-28 23:39:27.184 +01:00 [Information] Executing endpoint '"Oblig2.API.Controllers.DiscussionController.GetDiscussion (Oblig2.API)"'
2023-11-28 23:39:27.185 +01:00 [Information] Route matched with "{action = \"GetDiscussion\", controller = \"Discussion\"}". Executing controller action with signature "System.Threading.Tasks.Task`1[Microsoft.AspNetCore.Mvc.ActionResult`1[Oblig2.API.Models.Discussion]] GetDiscussion(Int32)" on controller "Oblig2.API.Controllers.DiscussionController" ("Oblig2.API").
2023-11-28 23:39:27.187 +01:00 [Information] Acquiring to get discussion with Id: 1
2023-11-28 23:39:27.187 +01:00 [Information] Database query initiated: Fetching discussion with ID: 1
2023-11-28 23:39:27.191 +01:00 [Information] Database get operation succesfull with Id: 1
2023-11-28 23:39:27.191 +01:00 [Information] Retrieved discussion with Id: 1
2023-11-28 23:39:27.192 +01:00 [Information] Executing "OkObjectResult", writing value of type '"Oblig2.API.DTO.DiscussionDto"'.
2023-11-28 23:39:27.192 +01:00 [Information] Executed action "Oblig2.API.Controllers.DiscussionController.GetDiscussion (Oblig2.API)" in 6.863ms
2023-11-28 23:39:27.193 +01:00 [Information] Executed endpoint '"Oblig2.API.Controllers.DiscussionController.GetDiscussion (Oblig2.API)"'
2023-11-28 23:39:27.194 +01:00 [Information] Request finished HTTP/1.1 GET http://localhost:5000/api/discussion/1 - - - 200 - application/json;+charset=utf-8 10.5828ms
2023-11-28 23:48:13.315 +01:00 [Information] Request starting HTTP/1.1 OPTIONS http://localhost:5000/api/auth/login - -
2023-11-28 23:48:13.315 +01:00 [Information] CORS policy execution successful.
2023-11-28 23:48:13.315 +01:00 [Information] Request finished HTTP/1.1 OPTIONS http://localhost:5000/api/auth/login - - - 204 - - 0.7436ms
2023-11-28 23:48:13.318 +01:00 [Information] Request starting HTTP/1.1 POST http://localhost:5000/api/auth/login application/json 60
2023-11-28 23:48:13.318 +01:00 [Information] CORS policy execution successful.
2023-11-28 23:48:13.319 +01:00 [Information] Executing endpoint '"Oblig2.API.Controllers.AuthController.Login (Oblig2.API)"'
2023-11-28 23:48:13.319 +01:00 [Information] Route matched with "{action = \"Login\", controller = \"Auth\"}". Executing controller action with signature "System.Threading.Tasks.Task`1[Microsoft.AspNetCore.Mvc.IActionResult] Login(Oblig2.API.DTO.UserLoginDto)" on controller "Oblig2.API.Controllers.AuthController" ("Oblig2.API").
2023-11-28 23:48:13.322 +01:00 [Information] Login attempt with Username: kincetube30@gmail.com
2023-11-28 23:48:13.323 +01:00 [Information] Database query initiated: Checking username: kincetube30@gmail.com for existence and mathcing password in database
2023-11-28 23:48:13.331 +01:00 [Information] Database login operation succesfull with username: kincetube30@gmail.com and verified password
2023-11-28 23:48:13.332 +01:00 [Information] User: kincetube30@gmail.com logged in successfully
2023-11-28 23:48:13.332 +01:00 [Information] Executing "OkObjectResult", writing value of type '"<>f__AnonymousType0`1[[System.String, System.Private.CoreLib, Version=7.0.0.0, Culture=neutral, PublicKeyToken=7cec85d7bea7798e]]"'.
2023-11-28 23:48:13.333 +01:00 [Information] Executed action "Oblig2.API.Controllers.AuthController.Login (Oblig2.API)" in 13.4502ms
2023-11-28 23:48:13.333 +01:00 [Information] Executed endpoint '"Oblig2.API.Controllers.AuthController.Login (Oblig2.API)"'
2023-11-28 23:48:13.333 +01:00 [Information] Request finished HTTP/1.1 POST http://localhost:5000/api/auth/login application/json 60 - 200 - application/json;+charset=utf-8 14.6249ms
2023-11-28 23:48:13.419 +01:00 [Information] Request starting HTTP/1.1 OPTIONS http://localhost:5000/api/discussion - -
2023-11-28 23:48:13.419 +01:00 [Information] CORS policy execution successful.
2023-11-28 23:48:13.419 +01:00 [Information] Request finished HTTP/1.1 OPTIONS http://localhost:5000/api/discussion - - - 204 - - 0.3210ms
2023-11-28 23:48:13.422 +01:00 [Information] Request starting HTTP/1.1 GET http://localhost:5000/api/discussion - -
2023-11-28 23:48:13.422 +01:00 [Information] CORS policy execution successful.
2023-11-28 23:48:13.423 +01:00 [Information] Executing endpoint '"Oblig2.API.Controllers.DiscussionController.GetDiscussions (Oblig2.API)"'
2023-11-28 23:48:13.423 +01:00 [Information] Route matched with "{action = \"GetDiscussions\", controller = \"Discussion\"}". Executing controller action with signature "System.Threading.Tasks.Task`1[Microsoft.AspNetCore.Mvc.ActionResult] GetDiscussions()" on controller "Oblig2.API.Controllers.DiscussionController" ("Oblig2.API").
2023-11-28 23:48:13.423 +01:00 [Information] Acquiring to get all discussions
2023-11-28 23:48:13.423 +01:00 [Information] Database query initiated: Fetching all discussions
2023-11-28 23:48:13.426 +01:00 [Information] Database get operation succesfull
2023-11-28 23:48:13.427 +01:00 [Information] Retrieved all discussions | Amount: 2 discussions
2023-11-28 23:48:13.428 +01:00 [Information] Executing "OkObjectResult", writing value of type '"System.Collections.Generic.List`1[[Oblig2.API.DTO.DiscussionDto, Oblig2.API, Version=1.0.0.0, Culture=neutral, PublicKeyToken=null]]"'.
2023-11-28 23:48:13.429 +01:00 [Information] Executed action "Oblig2.API.Controllers.DiscussionController.GetDiscussions (Oblig2.API)" in 6.1691ms
2023-11-28 23:48:13.430 +01:00 [Information] Executed endpoint '"Oblig2.API.Controllers.DiscussionController.GetDiscussions (Oblig2.API)"'
2023-11-28 23:48:13.430 +01:00 [Information] Request finished HTTP/1.1 GET http://localhost:5000/api/discussion - - - 200 - application/json;+charset=utf-8 7.7464ms
2023-11-28 23:48:21.597 +01:00 [Information] Request starting HTTP/1.1 OPTIONS http://localhost:5000/api/discussion/1 - -
2023-11-28 23:48:21.597 +01:00 [Information] CORS policy execution successful.
2023-11-28 23:48:21.597 +01:00 [Information] Request finished HTTP/1.1 OPTIONS http://localhost:5000/api/discussion/1 - - - 204 - - 0.3570ms
2023-11-28 23:48:21.600 +01:00 [Information] Request starting HTTP/1.1 GET http://localhost:5000/api/discussion/1 - -
2023-11-28 23:48:21.600 +01:00 [Information] CORS policy execution successful.
2023-11-28 23:48:21.601 +01:00 [Information] Executing endpoint '"Oblig2.API.Controllers.DiscussionController.GetDiscussion (Oblig2.API)"'
2023-11-28 23:48:21.601 +01:00 [Information] Route matched with "{action = \"GetDiscussion\", controller = \"Discussion\"}". Executing controller action with signature "System.Threading.Tasks.Task`1[Microsoft.AspNetCore.Mvc.ActionResult`1[Oblig2.API.Models.Discussion]] GetDiscussion(Int32)" on controller "Oblig2.API.Controllers.DiscussionController" ("Oblig2.API").
2023-11-28 23:48:21.602 +01:00 [Information] Acquiring to get discussion with Id: 1
2023-11-28 23:48:21.602 +01:00 [Information] Database query initiated: Fetching discussion with ID: 1
2023-11-28 23:48:21.607 +01:00 [Information] Database get operation succesfull with Id: 1
2023-11-28 23:48:21.608 +01:00 [Information] Retrieved discussion with Id: 1
2023-11-28 23:48:21.608 +01:00 [Information] Executing "OkObjectResult", writing value of type '"Oblig2.API.DTO.DiscussionDto"'.
2023-11-28 23:48:21.608 +01:00 [Information] Executed action "Oblig2.API.Controllers.DiscussionController.GetDiscussion (Oblig2.API)" in 7.1411ms
2023-11-28 23:48:21.608 +01:00 [Information] Executed endpoint '"Oblig2.API.Controllers.DiscussionController.GetDiscussion (Oblig2.API)"'
2023-11-28 23:48:21.609 +01:00 [Information] Request finished HTTP/1.1 GET http://localhost:5000/api/discussion/1 - - - 200 - application/json;+charset=utf-8 8.7600ms
2023-11-28 23:48:32.562 +01:00 [Information] Request starting HTTP/1.1 OPTIONS http://localhost:5000/api/auth/login - -
2023-11-28 23:48:32.562 +01:00 [Information] CORS policy execution successful.
2023-11-28 23:48:32.562 +01:00 [Information] Request finished HTTP/1.1 OPTIONS http://localhost:5000/api/auth/login - - - 204 - - 0.8113ms
2023-11-28 23:48:32.567 +01:00 [Information] Request starting HTTP/1.1 POST http://localhost:5000/api/auth/login application/json 42
2023-11-28 23:48:32.568 +01:00 [Information] CORS policy execution successful.
2023-11-28 23:48:32.568 +01:00 [Information] Executing endpoint '"Oblig2.API.Controllers.AuthController.Login (Oblig2.API)"'
2023-11-28 23:48:32.568 +01:00 [Information] Route matched with "{action = \"Login\", controller = \"Auth\"}". Executing controller action with signature "System.Threading.Tasks.Task`1[Microsoft.AspNetCore.Mvc.IActionResult] Login(Oblig2.API.DTO.UserLoginDto)" on controller "Oblig2.API.Controllers.AuthController" ("Oblig2.API").
2023-11-28 23:48:32.569 +01:00 [Information] Login attempt with Username: adasd
2023-11-28 23:48:32.569 +01:00 [Information] Database query initiated: Checking username: adasd for existence and mathcing password in database
2023-11-28 23:48:32.573 +01:00 [Warning] Database login operation failed: Attempted to complete with a User of null object
2023-11-28 23:48:32.574 +01:00 [Warning] Login failed: Username: adasd
2023-11-28 23:48:32.576 +01:00 [Information] Executing "ObjectResult", writing value of type '"Microsoft.AspNetCore.Mvc.ProblemDetails"'.
2023-11-28 23:48:32.577 +01:00 [Information] Executed action "Oblig2.API.Controllers.AuthController.Login (Oblig2.API)" in 9.1077ms
2023-11-28 23:48:32.577 +01:00 [Information] Executed endpoint '"Oblig2.API.Controllers.AuthController.Login (Oblig2.API)"'
2023-11-28 23:48:32.577 +01:00 [Information] Request finished HTTP/1.1 POST http://localhost:5000/api/auth/login application/json 42 - 401 - application/problem+json;+charset=utf-8 10.3068ms
2023-11-28 23:48:44.441 +01:00 [Information] Request starting HTTP/1.1 OPTIONS http://localhost:5000/api/auth/login - -
2023-11-28 23:48:44.441 +01:00 [Information] CORS policy execution successful.
2023-11-28 23:48:44.442 +01:00 [Information] Request finished HTTP/1.1 OPTIONS http://localhost:5000/api/auth/login - - - 204 - - 0.3811ms
2023-11-28 23:48:44.444 +01:00 [Information] Request starting HTTP/1.1 POST http://localhost:5000/api/auth/login application/json 58
2023-11-28 23:48:44.444 +01:00 [Information] CORS policy execution successful.
2023-11-28 23:48:44.445 +01:00 [Information] Executing endpoint '"Oblig2.API.Controllers.AuthController.Login (Oblig2.API)"'
2023-11-28 23:48:44.445 +01:00 [Information] Route matched with "{action = \"Login\", controller = \"Auth\"}". Executing controller action with signature "System.Threading.Tasks.Task`1[Microsoft.AspNetCore.Mvc.IActionResult] Login(Oblig2.API.DTO.UserLoginDto)" on controller "Oblig2.API.Controllers.AuthController" ("Oblig2.API").
2023-11-28 23:48:44.446 +01:00 [Information] Login attempt with Username: kincetube30@gmail.com
2023-11-28 23:48:44.446 +01:00 [Information] Database query initiated: Checking username: kincetube30@gmail.com for existence and mathcing password in database
2023-11-28 23:48:44.448 +01:00 [Warning] Database login operation failed: No matching passowrds in database
2023-11-28 23:48:44.449 +01:00 [Warning] Login failed: Username: kincetube30@gmail.com
2023-11-28 23:48:44.449 +01:00 [Information] Executing "ObjectResult", writing value of type '"Microsoft.AspNetCore.Mvc.ProblemDetails"'.
2023-11-28 23:48:44.450 +01:00 [Information] Executed action "Oblig2.API.Controllers.AuthController.Login (Oblig2.API)" in 4.5792ms
2023-11-28 23:48:44.450 +01:00 [Information] Executed endpoint '"Oblig2.API.Controllers.AuthController.Login (Oblig2.API)"'
2023-11-28 23:48:44.450 +01:00 [Information] Request finished HTTP/1.1 POST http://localhost:5000/api/auth/login application/json 58 - 401 - application/problem+json;+charset=utf-8 6.4288ms
2023-11-28 23:48:48.089 +01:00 [Information] Request starting HTTP/1.1 POST http://localhost:5000/api/auth/login application/json 60
2023-11-28 23:48:48.089 +01:00 [Information] CORS policy execution successful.
2023-11-28 23:48:48.089 +01:00 [Information] Executing endpoint '"Oblig2.API.Controllers.AuthController.Login (Oblig2.API)"'
2023-11-28 23:48:48.089 +01:00 [Information] Route matched with "{action = \"Login\", controller = \"Auth\"}". Executing controller action with signature "System.Threading.Tasks.Task`1[Microsoft.AspNetCore.Mvc.IActionResult] Login(Oblig2.API.DTO.UserLoginDto)" on controller "Oblig2.API.Controllers.AuthController" ("Oblig2.API").
2023-11-28 23:48:48.090 +01:00 [Information] Login attempt with Username: kincetube30@gmail.com
2023-11-28 23:48:48.090 +01:00 [Information] Database query initiated: Checking username: kincetube30@gmail.com for existence and mathcing password in database
2023-11-28 23:48:48.092 +01:00 [Information] Database login operation succesfull with username: kincetube30@gmail.com and verified password
2023-11-28 23:48:48.093 +01:00 [Information] User: kincetube30@gmail.com logged in successfully
2023-11-28 23:48:48.094 +01:00 [Information] Executing "OkObjectResult", writing value of type '"<>f__AnonymousType0`1[[System.String, System.Private.CoreLib, Version=7.0.0.0, Culture=neutral, PublicKeyToken=7cec85d7bea7798e]]"'.
2023-11-28 23:48:48.095 +01:00 [Information] Executed action "Oblig2.API.Controllers.AuthController.Login (Oblig2.API)" in 5.7658ms
2023-11-28 23:48:48.095 +01:00 [Information] Executed endpoint '"Oblig2.API.Controllers.AuthController.Login (Oblig2.API)"'
2023-11-28 23:48:48.096 +01:00 [Information] Request finished HTTP/1.1 POST http://localhost:5000/api/auth/login application/json 60 - 200 - application/json;+charset=utf-8 6.9154ms
2023-11-28 23:48:48.153 +01:00 [Information] Request starting HTTP/1.1 OPTIONS http://localhost:5000/api/discussion - -
2023-11-28 23:48:48.153 +01:00 [Information] CORS policy execution successful.
2023-11-28 23:48:48.153 +01:00 [Information] Request finished HTTP/1.1 OPTIONS http://localhost:5000/api/discussion - - - 204 - - 0.3338ms
2023-11-28 23:48:48.157 +01:00 [Information] Request starting HTTP/1.1 GET http://localhost:5000/api/discussion - -
2023-11-28 23:48:48.158 +01:00 [Information] CORS policy execution successful.
2023-11-28 23:48:48.159 +01:00 [Information] Executing endpoint '"Oblig2.API.Controllers.DiscussionController.GetDiscussions (Oblig2.API)"'
2023-11-28 23:48:48.159 +01:00 [Information] Route matched with "{action = \"GetDiscussions\", controller = \"Discussion\"}". Executing controller action with signature "System.Threading.Tasks.Task`1[Microsoft.AspNetCore.Mvc.ActionResult] GetDiscussions()" on controller "Oblig2.API.Controllers.DiscussionController" ("Oblig2.API").
2023-11-28 23:48:48.182 +01:00 [Information] Acquiring to get all discussions
2023-11-28 23:48:48.183 +01:00 [Information] Database query initiated: Fetching all discussions
2023-11-28 23:48:48.188 +01:00 [Information] Database get operation succesfull
2023-11-28 23:48:48.188 +01:00 [Information] Retrieved all discussions | Amount: 2 discussions
2023-11-28 23:48:48.190 +01:00 [Information] Executing "OkObjectResult", writing value of type '"System.Collections.Generic.List`1[[Oblig2.API.DTO.DiscussionDto, Oblig2.API, Version=1.0.0.0, Culture=neutral, PublicKeyToken=null]]"'.
2023-11-28 23:48:48.190 +01:00 [Information] Executed action "Oblig2.API.Controllers.DiscussionController.GetDiscussions (Oblig2.API)" in 31.0258ms
2023-11-28 23:48:48.190 +01:00 [Information] Executed endpoint '"Oblig2.API.Controllers.DiscussionController.GetDiscussions (Oblig2.API)"'
2023-11-28 23:48:48.190 +01:00 [Information] Request finished HTTP/1.1 GET http://localhost:5000/api/discussion - - - 200 - application/json;+charset=utf-8 32.9847ms
