2023-11-25 05:27:18.062 +01:00 [Information] Database query initiated: Register user with username: pavlovicachilleas@gmail.com
2023-11-25 05:27:18.684 +01:00 [Information] Database register operation succesfull with username: pavlovicachilleas@gmail.com
2023-11-25 05:27:18.684 +01:00 [Information] Database query initiated: Register user with username: kincetube30@gmail.com
2023-11-25 05:27:18.709 +01:00 [Information] Database register operation succesfull with username: kincetube30@gmail.com
2023-11-25 05:27:18.709 +01:00 [Information] Database query initiated: Register user with username: lilchilleas@gmail.com
2023-11-25 05:27:18.714 +01:00 [Information] Database register operation succesfull with username: lilchilleas@gmail.com
2023-11-25 05:27:19.417 +01:00 [Information] User profile is available. Using '"C:\Users\pavlo\AppData\Local\ASP.NET\DataProtection-Keys"' as key repository and Windows DPAPI to encrypt keys at rest.
2023-11-25 05:27:19.511 +01:00 [Information] Now listening on: "http://localhost:5000"
2023-11-25 05:27:19.513 +01:00 [Information] Application started. Press Ctrl+C to shut down.
2023-11-25 05:27:19.513 +01:00 [Information] Hosting environment: "Development"
2023-11-25 05:27:19.513 +01:00 [Information] Content root path: "C:\Users\pavlo\Downloads\Oblig-2\Oblig2.API"
2023-11-25 05:27:23.538 +01:00 [Information] Request starting HTTP/1.1 OPTIONS http://localhost:5000/api/discussion/1 - -
2023-11-25 05:27:23.628 +01:00 [Information] CORS policy execution successful.
2023-11-25 05:27:23.633 +01:00 [Information] Request finished HTTP/1.1 OPTIONS http://localhost:5000/api/discussion/1 - - - 204 - - 97.2288ms
2023-11-25 05:27:23.645 +01:00 [Information] Request starting HTTP/1.1 GET http://localhost:5000/api/discussion/1 - -
2023-11-25 05:27:23.657 +01:00 [Information] CORS policy execution successful.
2023-11-25 05:27:23.816 +01:00 [Warning] Failed to determine the https port for redirect.
2023-11-25 05:27:23.822 +01:00 [Information] Executing endpoint '"Oblig2.API.Controllers.DiscussionController.GetDiscussion (Oblig2.API)"'
2023-11-25 05:27:23.859 +01:00 [Information] Route matched with "{action = \"GetDiscussion\", controller = \"Discussion\"}". Executing controller action with signature "System.Threading.Tasks.Task`1[Microsoft.AspNetCore.Mvc.ActionResult`1[Oblig2.API.Models.Discussion]] GetDiscussion(Int32)" on controller "Oblig2.API.Controllers.DiscussionController" ("Oblig2.API").
2023-11-25 05:27:24.064 +01:00 [Information] Acquiring to get discussion with Id: 1
2023-11-25 05:27:24.067 +01:00 [Information] Database query initiated: Fetching discussion with ID: 1
2023-11-25 05:27:24.247 +01:00 [Warning] Compiling a query which loads related collections for more than one collection navigation, either via 'Include' or through projection, but no 'QuerySplittingBehavior' has been configured. By default, Entity Framework will use 'QuerySplittingBehavior.SingleQuery', which can potentially result in slow query performance. See https://go.microsoft.com/fwlink/?linkid=2134277 for more information. To identify the query that's triggering this warning call 'ConfigureWarnings(w => w.Throw(RelationalEventId.MultipleCollectionIncludeWarning))'.
2023-11-25 05:27:24.307 +01:00 [Information] Database get operation succesfull with Id: 1
2023-11-25 05:27:24.312 +01:00 [Information] Retrieved discussion with Id: 1
2023-11-25 05:27:24.323 +01:00 [Information] Executing "OkObjectResult", writing value of type '"Oblig2.API.DTO.DiscussionDto"'.
2023-11-25 05:27:24.386 +01:00 [Information] Executed action "Oblig2.API.Controllers.DiscussionController.GetDiscussion (Oblig2.API)" in 520.2251ms
2023-11-25 05:27:24.387 +01:00 [Information] Executed endpoint '"Oblig2.API.Controllers.DiscussionController.GetDiscussion (Oblig2.API)"'
2023-11-25 05:27:24.403 +01:00 [Information] Request finished HTTP/1.1 GET http://localhost:5000/api/discussion/1 - - - 200 - application/json;+charset=utf-8 758.0221ms
2023-11-25 05:27:25.811 +01:00 [Information] Request starting HTTP/1.1 OPTIONS http://localhost:5000/api/discussion - -
2023-11-25 05:27:25.815 +01:00 [Information] CORS policy execution successful.
2023-11-25 05:27:25.815 +01:00 [Information] Request finished HTTP/1.1 OPTIONS http://localhost:5000/api/discussion - - - 204 - - 4.3758ms
2023-11-25 05:27:25.819 +01:00 [Information] Request starting HTTP/1.1 GET http://localhost:5000/api/discussion - -
2023-11-25 05:27:25.820 +01:00 [Information] CORS policy execution successful.
2023-11-25 05:27:25.827 +01:00 [Information] Executing endpoint '"Oblig2.API.Controllers.DiscussionController.GetDiscussions (Oblig2.API)"'
2023-11-25 05:27:25.839 +01:00 [Information] Route matched with "{action = \"GetDiscussions\", controller = \"Discussion\"}". Executing controller action with signature "System.Threading.Tasks.Task`1[Microsoft.AspNetCore.Mvc.ActionResult] GetDiscussions()" on controller "Oblig2.API.Controllers.DiscussionController" ("Oblig2.API").
2023-11-25 05:27:25.844 +01:00 [Information] Acquiring to get all discussions
2023-11-25 05:27:25.850 +01:00 [Information] Database query initiated: Fetching all discussions
2023-11-25 05:27:25.964 +01:00 [Information] Database get operation succesfull
2023-11-25 05:27:25.964 +01:00 [Information] Retrieved all discussions | Amount: 2 discussions
2023-11-25 05:27:25.966 +01:00 [Information] Executing "OkObjectResult", writing value of type '"System.Collections.Generic.List`1[[Oblig2.API.DTO.DiscussionDto, Oblig2.API, Version=1.0.0.0, Culture=neutral, PublicKeyToken=null]]"'.
2023-11-25 05:27:25.971 +01:00 [Information] Executed action "Oblig2.API.Controllers.DiscussionController.GetDiscussions (Oblig2.API)" in 131.1229ms
2023-11-25 05:27:25.971 +01:00 [Information] Executed endpoint '"Oblig2.API.Controllers.DiscussionController.GetDiscussions (Oblig2.API)"'
2023-11-25 05:27:25.971 +01:00 [Information] Request finished HTTP/1.1 GET http://localhost:5000/api/discussion - - - 200 - application/json;+charset=utf-8 151.9498ms
2023-11-25 05:27:32.930 +01:00 [Information] Request starting HTTP/1.1 OPTIONS http://localhost:5000/api/discussion/1 - -
2023-11-25 05:27:32.930 +01:00 [Information] CORS policy execution successful.
2023-11-25 05:27:32.930 +01:00 [Information] Request finished HTTP/1.1 OPTIONS http://localhost:5000/api/discussion/1 - - - 204 - - 0.7468ms
2023-11-25 05:27:32.934 +01:00 [Information] Request starting HTTP/1.1 GET http://localhost:5000/api/discussion/1 - -
2023-11-25 05:27:32.934 +01:00 [Information] CORS policy execution successful.
2023-11-25 05:27:32.944 +01:00 [Information] Executing endpoint '"Oblig2.API.Controllers.DiscussionController.GetDiscussion (Oblig2.API)"'
2023-11-25 05:27:32.945 +01:00 [Information] Route matched with "{action = \"GetDiscussion\", controller = \"Discussion\"}". Executing controller action with signature "System.Threading.Tasks.Task`1[Microsoft.AspNetCore.Mvc.ActionResult`1[Oblig2.API.Models.Discussion]] GetDiscussion(Int32)" on controller "Oblig2.API.Controllers.DiscussionController" ("Oblig2.API").
2023-11-25 05:27:32.957 +01:00 [Information] Acquiring to get discussion with Id: 1
2023-11-25 05:27:32.957 +01:00 [Information] Database query initiated: Fetching discussion with ID: 1
2023-11-25 05:27:32.978 +01:00 [Information] Database get operation succesfull with Id: 1
2023-11-25 05:27:32.979 +01:00 [Information] Retrieved discussion with Id: 1
2023-11-25 05:27:32.984 +01:00 [Information] Executing "OkObjectResult", writing value of type '"Oblig2.API.DTO.DiscussionDto"'.
2023-11-25 05:27:32.984 +01:00 [Information] Executed action "Oblig2.API.Controllers.DiscussionController.GetDiscussion (Oblig2.API)" in 39.4342ms
2023-11-25 05:27:32.985 +01:00 [Information] Executed endpoint '"Oblig2.API.Controllers.DiscussionController.GetDiscussion (Oblig2.API)"'
2023-11-25 05:27:32.985 +01:00 [Information] Request finished HTTP/1.1 GET http://localhost:5000/api/discussion/1 - - - 200 - application/json;+charset=utf-8 51.0700ms
2023-11-25 05:27:35.770 +01:00 [Information] Request starting HTTP/1.1 OPTIONS http://localhost:5000/api/discussion - -
2023-11-25 05:27:35.771 +01:00 [Information] CORS policy execution successful.
2023-11-25 05:27:35.772 +01:00 [Information] Request finished HTTP/1.1 OPTIONS http://localhost:5000/api/discussion - - - 204 - - 1.2758ms
2023-11-25 05:27:35.775 +01:00 [Information] Request starting HTTP/1.1 GET http://localhost:5000/api/discussion - -
2023-11-25 05:27:35.776 +01:00 [Information] CORS policy execution successful.
2023-11-25 05:27:35.776 +01:00 [Information] Executing endpoint '"Oblig2.API.Controllers.DiscussionController.GetDiscussions (Oblig2.API)"'
2023-11-25 05:27:35.776 +01:00 [Information] Route matched with "{action = \"GetDiscussions\", controller = \"Discussion\"}". Executing controller action with signature "System.Threading.Tasks.Task`1[Microsoft.AspNetCore.Mvc.ActionResult] GetDiscussions()" on controller "Oblig2.API.Controllers.DiscussionController" ("Oblig2.API").
2023-11-25 05:27:35.777 +01:00 [Information] Acquiring to get all discussions
2023-11-25 05:27:35.777 +01:00 [Information] Database query initiated: Fetching all discussions
2023-11-25 05:27:35.779 +01:00 [Information] Database get operation succesfull
2023-11-25 05:27:35.779 +01:00 [Information] Retrieved all discussions | Amount: 2 discussions
2023-11-25 05:27:35.780 +01:00 [Information] Executing "OkObjectResult", writing value of type '"System.Collections.Generic.List`1[[Oblig2.API.DTO.DiscussionDto, Oblig2.API, Version=1.0.0.0, Culture=neutral, PublicKeyToken=null]]"'.
2023-11-25 05:27:35.780 +01:00 [Information] Executed action "Oblig2.API.Controllers.DiscussionController.GetDiscussions (Oblig2.API)" in 3.7407ms
2023-11-25 05:27:35.780 +01:00 [Information] Executed endpoint '"Oblig2.API.Controllers.DiscussionController.GetDiscussions (Oblig2.API)"'
2023-11-25 05:27:35.780 +01:00 [Information] Request finished HTTP/1.1 GET http://localhost:5000/api/discussion - - - 200 - application/json;+charset=utf-8 4.9645ms
2023-11-25 05:27:36.715 +01:00 [Information] Request starting HTTP/1.1 OPTIONS http://localhost:5000/api/discussion/2 - -
2023-11-25 05:27:36.715 +01:00 [Information] CORS policy execution successful.
2023-11-25 05:27:36.715 +01:00 [Information] Request finished HTTP/1.1 OPTIONS http://localhost:5000/api/discussion/2 - - - 204 - - 0.4052ms
2023-11-25 05:27:36.771 +01:00 [Information] Request starting HTTP/1.1 GET http://localhost:5000/api/discussion/2 - -
2023-11-25 05:27:36.771 +01:00 [Information] CORS policy execution successful.
2023-11-25 05:27:36.771 +01:00 [Information] Executing endpoint '"Oblig2.API.Controllers.DiscussionController.GetDiscussion (Oblig2.API)"'
2023-11-25 05:27:36.772 +01:00 [Information] Route matched with "{action = \"GetDiscussion\", controller = \"Discussion\"}". Executing controller action with signature "System.Threading.Tasks.Task`1[Microsoft.AspNetCore.Mvc.ActionResult`1[Oblig2.API.Models.Discussion]] GetDiscussion(Int32)" on controller "Oblig2.API.Controllers.DiscussionController" ("Oblig2.API").
2023-11-25 05:27:36.772 +01:00 [Information] Acquiring to get discussion with Id: 2
2023-11-25 05:27:36.772 +01:00 [Information] Database query initiated: Fetching discussion with ID: 2
2023-11-25 05:27:36.781 +01:00 [Information] Database get operation succesfull with Id: 2
2023-11-25 05:27:36.781 +01:00 [Information] Retrieved discussion with Id: 2
2023-11-25 05:27:36.781 +01:00 [Information] Executing "OkObjectResult", writing value of type '"Oblig2.API.DTO.DiscussionDto"'.
2023-11-25 05:27:36.781 +01:00 [Information] Executed action "Oblig2.API.Controllers.DiscussionController.GetDiscussion (Oblig2.API)" in 9.3302ms
2023-11-25 05:27:36.781 +01:00 [Information] Executed endpoint '"Oblig2.API.Controllers.DiscussionController.GetDiscussion (Oblig2.API)"'
2023-11-25 05:27:36.781 +01:00 [Information] Request finished HTTP/1.1 GET http://localhost:5000/api/discussion/2 - - - 200 - application/json;+charset=utf-8 10.6381ms
2023-11-25 05:27:38.434 +01:00 [Information] Request starting HTTP/1.1 GET http://localhost:5000/api/discussion/2 - -
2023-11-25 05:27:38.434 +01:00 [Information] CORS policy execution successful.
2023-11-25 05:27:38.435 +01:00 [Information] Executing endpoint '"Oblig2.API.Controllers.DiscussionController.GetDiscussion (Oblig2.API)"'
2023-11-25 05:27:38.435 +01:00 [Information] Route matched with "{action = \"GetDiscussion\", controller = \"Discussion\"}". Executing controller action with signature "System.Threading.Tasks.Task`1[Microsoft.AspNetCore.Mvc.ActionResult`1[Oblig2.API.Models.Discussion]] GetDiscussion(Int32)" on controller "Oblig2.API.Controllers.DiscussionController" ("Oblig2.API").
2023-11-25 05:27:38.436 +01:00 [Information] Acquiring to get discussion with Id: 2
2023-11-25 05:27:38.436 +01:00 [Information] Database query initiated: Fetching discussion with ID: 2
2023-11-25 05:27:38.441 +01:00 [Information] Database get operation succesfull with Id: 2
2023-11-25 05:27:38.444 +01:00 [Information] Retrieved discussion with Id: 2
2023-11-25 05:27:38.449 +01:00 [Information] Executing "OkObjectResult", writing value of type '"Oblig2.API.DTO.DiscussionDto"'.
2023-11-25 05:27:38.451 +01:00 [Information] Executed action "Oblig2.API.Controllers.DiscussionController.GetDiscussion (Oblig2.API)" in 15.3845ms
2023-11-25 05:27:38.451 +01:00 [Information] Executed endpoint '"Oblig2.API.Controllers.DiscussionController.GetDiscussion (Oblig2.API)"'
2023-11-25 05:27:38.453 +01:00 [Information] Request finished HTTP/1.1 GET http://localhost:5000/api/discussion/2 - - - 200 - application/json;+charset=utf-8 19.0695ms
2023-11-25 05:27:40.835 +01:00 [Information] Request starting HTTP/1.1 OPTIONS http://localhost:5000/api/discussion/2 - -
2023-11-25 05:27:40.835 +01:00 [Information] CORS policy execution successful.
2023-11-25 05:27:40.835 +01:00 [Information] Request finished HTTP/1.1 OPTIONS http://localhost:5000/api/discussion/2 - - - 204 - - 0.7065ms
2023-11-25 05:27:40.840 +01:00 [Information] Request starting HTTP/1.1 PUT http://localhost:5000/api/discussion/2 application/json 585
2023-11-25 05:27:40.840 +01:00 [Information] CORS policy execution successful.
2023-11-25 05:27:40.849 +01:00 [Information] Executing endpoint '"Oblig2.API.Controllers.DiscussionController.UpdateDiscussion (Oblig2.API)"'
2023-11-25 05:27:40.858 +01:00 [Information] Route matched with "{action = \"UpdateDiscussion\", controller = \"Discussion\"}". Executing controller action with signature "System.Threading.Tasks.Task`1[Microsoft.AspNetCore.Mvc.ActionResult`1[Oblig2.API.Models.Discussion]] UpdateDiscussion(Int32, Oblig2.API.DTO.UpdateDiscussionDto)" on controller "Oblig2.API.Controllers.DiscussionController" ("Oblig2.API").
2023-11-25 05:27:40.905 +01:00 [Information] Acquiring to update a discussion with the Discussion Id: 2
2023-11-25 05:27:40.909 +01:00 [Information] Database query initiated: Updating discussion with discussion ID: 2
2023-11-25 05:27:40.939 +01:00 [Information] Database update operation succesfull with Id: 2
2023-11-25 05:27:40.939 +01:00 [Information] Discussion updated successfully
2023-11-25 05:27:40.939 +01:00 [Information] Executing "OkObjectResult", writing value of type '"Oblig2.API.DTO.UpdateDiscussionDto"'.
2023-11-25 05:27:40.941 +01:00 [Information] Executed action "Oblig2.API.Controllers.DiscussionController.UpdateDiscussion (Oblig2.API)" in 82.0283ms
2023-11-25 05:27:40.941 +01:00 [Information] Executed endpoint '"Oblig2.API.Controllers.DiscussionController.UpdateDiscussion (Oblig2.API)"'
2023-11-25 05:27:40.941 +01:00 [Information] Request finished HTTP/1.1 PUT http://localhost:5000/api/discussion/2 application/json 585 - 200 - application/json;+charset=utf-8 101.0735ms
2023-11-25 05:27:41.010 +01:00 [Information] Request starting HTTP/1.1 OPTIONS http://localhost:5000/api/discussion - -
2023-11-25 05:27:41.013 +01:00 [Information] CORS policy execution successful.
2023-11-25 05:27:41.014 +01:00 [Information] Request finished HTTP/1.1 OPTIONS http://localhost:5000/api/discussion - - - 204 - - 3.8251ms
2023-11-25 05:27:41.017 +01:00 [Information] Request starting HTTP/1.1 GET http://localhost:5000/api/discussion - -
2023-11-25 05:27:41.017 +01:00 [Information] CORS policy execution successful.
2023-11-25 05:27:41.020 +01:00 [Information] Executing endpoint '"Oblig2.API.Controllers.DiscussionController.GetDiscussions (Oblig2.API)"'
2023-11-25 05:27:41.020 +01:00 [Information] Route matched with "{action = \"GetDiscussions\", controller = \"Discussion\"}". Executing controller action with signature "System.Threading.Tasks.Task`1[Microsoft.AspNetCore.Mvc.ActionResult] GetDiscussions()" on controller "Oblig2.API.Controllers.DiscussionController" ("Oblig2.API").
2023-11-25 05:27:41.020 +01:00 [Information] Acquiring to get all discussions
2023-11-25 05:27:41.021 +01:00 [Information] Database query initiated: Fetching all discussions
2023-11-25 05:27:41.025 +01:00 [Information] Database get operation succesfull
2023-11-25 05:27:41.026 +01:00 [Information] Retrieved all discussions | Amount: 2 discussions
2023-11-25 05:27:41.029 +01:00 [Information] Executing "OkObjectResult", writing value of type '"System.Collections.Generic.List`1[[Oblig2.API.DTO.DiscussionDto, Oblig2.API, Version=1.0.0.0, Culture=neutral, PublicKeyToken=null]]"'.
2023-11-25 05:27:41.030 +01:00 [Information] Executed action "Oblig2.API.Controllers.DiscussionController.GetDiscussions (Oblig2.API)" in 9.9868ms
2023-11-25 05:27:41.030 +01:00 [Information] Executed endpoint '"Oblig2.API.Controllers.DiscussionController.GetDiscussions (Oblig2.API)"'
2023-11-25 05:27:41.030 +01:00 [Information] Request finished HTTP/1.1 GET http://localhost:5000/api/discussion - - - 200 - application/json;+charset=utf-8 13.3328ms
2023-11-25 05:27:44.915 +01:00 [Information] Request starting HTTP/1.1 GET http://localhost:5000/api/discussion/2 - -
2023-11-25 05:27:44.915 +01:00 [Information] CORS policy execution successful.
2023-11-25 05:27:44.916 +01:00 [Information] Executing endpoint '"Oblig2.API.Controllers.DiscussionController.GetDiscussion (Oblig2.API)"'
2023-11-25 05:27:44.916 +01:00 [Information] Route matched with "{action = \"GetDiscussion\", controller = \"Discussion\"}". Executing controller action with signature "System.Threading.Tasks.Task`1[Microsoft.AspNetCore.Mvc.ActionResult`1[Oblig2.API.Models.Discussion]] GetDiscussion(Int32)" on controller "Oblig2.API.Controllers.DiscussionController" ("Oblig2.API").
2023-11-25 05:27:44.917 +01:00 [Information] Acquiring to get discussion with Id: 2
2023-11-25 05:27:44.917 +01:00 [Information] Database query initiated: Fetching discussion with ID: 2
2023-11-25 05:27:44.925 +01:00 [Information] Database get operation succesfull with Id: 2
2023-11-25 05:27:44.926 +01:00 [Information] Retrieved discussion with Id: 2
2023-11-25 05:27:44.926 +01:00 [Information] Executing "OkObjectResult", writing value of type '"Oblig2.API.DTO.DiscussionDto"'.
2023-11-25 05:27:44.927 +01:00 [Information] Executed action "Oblig2.API.Controllers.DiscussionController.GetDiscussion (Oblig2.API)" in 10.5525ms
2023-11-25 05:27:44.927 +01:00 [Information] Executed endpoint '"Oblig2.API.Controllers.DiscussionController.GetDiscussion (Oblig2.API)"'
2023-11-25 05:27:44.928 +01:00 [Information] Request finished HTTP/1.1 GET http://localhost:5000/api/discussion/2 - - - 200 - application/json;+charset=utf-8 13.7081ms
2023-11-25 05:27:46.854 +01:00 [Information] Request starting HTTP/1.1 OPTIONS http://localhost:5000/api/discussion/2 - -
2023-11-25 05:27:46.854 +01:00 [Information] CORS policy execution successful.
2023-11-25 05:27:46.854 +01:00 [Information] Request finished HTTP/1.1 OPTIONS http://localhost:5000/api/discussion/2 - - - 204 - - 0.3959ms
2023-11-25 05:27:46.857 +01:00 [Information] Request starting HTTP/1.1 GET http://localhost:5000/api/discussion/2 - -
2023-11-25 05:27:46.857 +01:00 [Information] CORS policy execution successful.
2023-11-25 05:27:46.858 +01:00 [Information] Executing endpoint '"Oblig2.API.Controllers.DiscussionController.GetDiscussion (Oblig2.API)"'
2023-11-25 05:27:46.858 +01:00 [Information] Route matched with "{action = \"GetDiscussion\", controller = \"Discussion\"}". Executing controller action with signature "System.Threading.Tasks.Task`1[Microsoft.AspNetCore.Mvc.ActionResult`1[Oblig2.API.Models.Discussion]] GetDiscussion(Int32)" on controller "Oblig2.API.Controllers.DiscussionController" ("Oblig2.API").
2023-11-25 05:27:46.859 +01:00 [Information] Acquiring to get discussion with Id: 2
2023-11-25 05:27:46.859 +01:00 [Information] Database query initiated: Fetching discussion with ID: 2
2023-11-25 05:27:46.869 +01:00 [Information] Database get operation succesfull with Id: 2
2023-11-25 05:27:46.872 +01:00 [Information] Retrieved discussion with Id: 2
2023-11-25 05:27:46.872 +01:00 [Information] Executing "OkObjectResult", writing value of type '"Oblig2.API.DTO.DiscussionDto"'.
2023-11-25 05:27:46.876 +01:00 [Information] Executed action "Oblig2.API.Controllers.DiscussionController.GetDiscussion (Oblig2.API)" in 18.0293ms
2023-11-25 05:27:46.876 +01:00 [Information] Executed endpoint '"Oblig2.API.Controllers.DiscussionController.GetDiscussion (Oblig2.API)"'
2023-11-25 05:27:46.876 +01:00 [Information] Request finished HTTP/1.1 GET http://localhost:5000/api/discussion/2 - - - 200 - application/json;+charset=utf-8 19.5059ms
2023-11-25 05:27:49.159 +01:00 [Information] Request starting HTTP/1.1 OPTIONS http://localhost:5000/api/discussion/2 - -
2023-11-25 05:27:49.160 +01:00 [Information] CORS policy execution successful.
2023-11-25 05:27:49.162 +01:00 [Information] Request finished HTTP/1.1 OPTIONS http://localhost:5000/api/discussion/2 - - - 204 - - 2.2286ms
2023-11-25 05:27:49.164 +01:00 [Information] Request starting HTTP/1.1 PUT http://localhost:5000/api/discussion/2 application/json 588
2023-11-25 05:27:49.164 +01:00 [Information] CORS policy execution successful.
2023-11-25 05:27:49.164 +01:00 [Information] Executing endpoint '"Oblig2.API.Controllers.DiscussionController.UpdateDiscussion (Oblig2.API)"'
2023-11-25 05:27:49.165 +01:00 [Information] Route matched with "{action = \"UpdateDiscussion\", controller = \"Discussion\"}". Executing controller action with signature "System.Threading.Tasks.Task`1[Microsoft.AspNetCore.Mvc.ActionResult`1[Oblig2.API.Models.Discussion]] UpdateDiscussion(Int32, Oblig2.API.DTO.UpdateDiscussionDto)" on controller "Oblig2.API.Controllers.DiscussionController" ("Oblig2.API").
2023-11-25 05:27:49.167 +01:00 [Information] Acquiring to update a discussion with the Discussion Id: 2
2023-11-25 05:27:49.167 +01:00 [Information] Database query initiated: Updating discussion with discussion ID: 2
2023-11-25 05:27:49.175 +01:00 [Information] Database update operation succesfull with Id: 2
2023-11-25 05:27:49.175 +01:00 [Information] Discussion updated successfully
2023-11-25 05:27:49.175 +01:00 [Information] Executing "OkObjectResult", writing value of type '"Oblig2.API.DTO.UpdateDiscussionDto"'.
2023-11-25 05:27:49.176 +01:00 [Information] Executed action "Oblig2.API.Controllers.DiscussionController.UpdateDiscussion (Oblig2.API)" in 10.944ms
2023-11-25 05:27:49.176 +01:00 [Information] Executed endpoint '"Oblig2.API.Controllers.DiscussionController.UpdateDiscussion (Oblig2.API)"'
2023-11-25 05:27:49.176 +01:00 [Information] Request finished HTTP/1.1 PUT http://localhost:5000/api/discussion/2 application/json 588 - 200 - application/json;+charset=utf-8 12.2581ms
2023-11-25 05:27:49.267 +01:00 [Information] Request starting HTTP/1.1 OPTIONS http://localhost:5000/api/discussion - -
2023-11-25 05:27:49.267 +01:00 [Information] CORS policy execution successful.
2023-11-25 05:27:49.267 +01:00 [Information] Request finished HTTP/1.1 OPTIONS http://localhost:5000/api/discussion - - - 204 - - 0.3471ms
2023-11-25 05:27:49.290 +01:00 [Information] Request starting HTTP/1.1 GET http://localhost:5000/api/discussion - -
2023-11-25 05:27:49.290 +01:00 [Information] CORS policy execution successful.
2023-11-25 05:27:49.291 +01:00 [Information] Executing endpoint '"Oblig2.API.Controllers.DiscussionController.GetDiscussions (Oblig2.API)"'
2023-11-25 05:27:49.291 +01:00 [Information] Route matched with "{action = \"GetDiscussions\", controller = \"Discussion\"}". Executing controller action with signature "System.Threading.Tasks.Task`1[Microsoft.AspNetCore.Mvc.ActionResult] GetDiscussions()" on controller "Oblig2.API.Controllers.DiscussionController" ("Oblig2.API").
2023-11-25 05:27:49.292 +01:00 [Information] Acquiring to get all discussions
2023-11-25 05:27:49.292 +01:00 [Information] Database query initiated: Fetching all discussions
2023-11-25 05:27:49.293 +01:00 [Information] Database get operation succesfull
2023-11-25 05:27:49.293 +01:00 [Information] Retrieved all discussions | Amount: 2 discussions
2023-11-25 05:27:49.324 +01:00 [Information] Executing "OkObjectResult", writing value of type '"System.Collections.Generic.List`1[[Oblig2.API.DTO.DiscussionDto, Oblig2.API, Version=1.0.0.0, Culture=neutral, PublicKeyToken=null]]"'.
2023-11-25 05:27:49.325 +01:00 [Information] Executed action "Oblig2.API.Controllers.DiscussionController.GetDiscussions (Oblig2.API)" in 33.9566ms
2023-11-25 05:27:49.326 +01:00 [Information] Executed endpoint '"Oblig2.API.Controllers.DiscussionController.GetDiscussions (Oblig2.API)"'
2023-11-25 05:27:49.327 +01:00 [Information] Request finished HTTP/1.1 GET http://localhost:5000/api/discussion - - - 200 - application/json;+charset=utf-8 36.0975ms
2023-11-25 05:51:01.684 +01:00 [Information] Request starting HTTP/1.1 OPTIONS http://localhost:5000/api/discussion - -
2023-11-25 05:51:01.684 +01:00 [Information] CORS policy execution successful.
2023-11-25 05:51:01.685 +01:00 [Information] Request finished HTTP/1.1 OPTIONS http://localhost:5000/api/discussion - - - 204 - - 0.5674ms
2023-11-25 05:51:01.688 +01:00 [Information] Request starting HTTP/1.1 GET http://localhost:5000/api/discussion - -
2023-11-25 05:51:01.688 +01:00 [Information] CORS policy execution successful.
2023-11-25 05:51:01.689 +01:00 [Information] Executing endpoint '"Oblig2.API.Controllers.DiscussionController.GetDiscussions (Oblig2.API)"'
2023-11-25 05:51:01.689 +01:00 [Information] Route matched with "{action = \"GetDiscussions\", controller = \"Discussion\"}". Executing controller action with signature "System.Threading.Tasks.Task`1[Microsoft.AspNetCore.Mvc.ActionResult] GetDiscussions()" on controller "Oblig2.API.Controllers.DiscussionController" ("Oblig2.API").
2023-11-25 05:51:01.690 +01:00 [Information] Acquiring to get all discussions
2023-11-25 05:51:01.690 +01:00 [Information] Database query initiated: Fetching all discussions
2023-11-25 05:51:01.701 +01:00 [Information] Database get operation succesfull
2023-11-25 05:51:01.701 +01:00 [Information] Retrieved all discussions | Amount: 2 discussions
2023-11-25 05:51:01.701 +01:00 [Information] Executing "OkObjectResult", writing value of type '"System.Collections.Generic.List`1[[Oblig2.API.DTO.DiscussionDto, Oblig2.API, Version=1.0.0.0, Culture=neutral, PublicKeyToken=null]]"'.
2023-11-25 05:51:01.702 +01:00 [Information] Executed action "Oblig2.API.Controllers.DiscussionController.GetDiscussions (Oblig2.API)" in 12.4503ms
2023-11-25 05:51:01.702 +01:00 [Information] Executed endpoint '"Oblig2.API.Controllers.DiscussionController.GetDiscussions (Oblig2.API)"'
2023-11-25 05:51:01.702 +01:00 [Information] Request finished HTTP/1.1 GET http://localhost:5000/api/discussion - - - 200 - application/json;+charset=utf-8 14.7700ms
2023-11-25 05:51:03.118 +01:00 [Information] Application is shutting down...
