2023-11-25 09:33:06.239 +01:00 [Information] Database query initiated: Register user with username: pavlovicachilleas@gmail.com
2023-11-25 09:33:06.716 +01:00 [Information] Database register operation succesfull with username: pavlovicachilleas@gmail.com
2023-11-25 09:33:06.716 +01:00 [Information] Database query initiated: Register user with username: kincetube30@gmail.com
2023-11-25 09:33:06.733 +01:00 [Information] Database register operation succesfull with username: kincetube30@gmail.com
2023-11-25 09:33:06.734 +01:00 [Information] Database query initiated: Register user with username: lilchilleas@gmail.com
2023-11-25 09:33:06.742 +01:00 [Information] Database register operation succesfull with username: lilchilleas@gmail.com
2023-11-25 09:33:07.385 +01:00 [Information] User profile is available. Using '"C:\Users\pavlo\AppData\Local\ASP.NET\DataProtection-Keys"' as key repository and Windows DPAPI to encrypt keys at rest.
2023-11-25 09:33:07.490 +01:00 [Information] Now listening on: "http://localhost:5000"
2023-11-25 09:33:07.491 +01:00 [Information] Application started. Press Ctrl+C to shut down.
2023-11-25 09:33:07.491 +01:00 [Information] Hosting environment: "Development"
2023-11-25 09:33:07.491 +01:00 [Information] Content root path: "C:\Users\pavlo\Downloads\Oblig-2-1\Oblig2.API"
2023-11-25 09:34:06.045 +01:00 [Information] Request starting HTTP/1.1 OPTIONS http://localhost:5000/api/auth/register - -
2023-11-25 09:34:06.114 +01:00 [Information] CORS policy execution successful.
2023-11-25 09:34:06.118 +01:00 [Information] Request finished HTTP/1.1 OPTIONS http://localhost:5000/api/auth/register - - - 204 - - 75.6810ms
2023-11-25 09:34:06.125 +01:00 [Information] Request starting HTTP/1.1 POST http://localhost:5000/api/auth/register application/json 62
2023-11-25 09:34:06.129 +01:00 [Information] CORS policy execution successful.
2023-11-25 09:34:06.931 +01:00 [Warning] Failed to determine the https port for redirect.
2023-11-25 09:34:06.933 +01:00 [Information] Executing endpoint '"Oblig2.API.Controllers.AuthController.Register (Oblig2.API)"'
2023-11-25 09:34:06.968 +01:00 [Information] Route matched with "{action = \"Register\", controller = \"Auth\"}". Executing controller action with signature "System.Threading.Tasks.Task`1[Microsoft.AspNetCore.Mvc.IActionResult] Register(Oblig2.API.DTO.UserRegistrationDto)" on controller "Oblig2.API.Controllers.AuthController" ("Oblig2.API").
2023-11-25 09:34:07.041 +01:00 [Information] Registration attempt to create a user with the Username: kincetube30@gmail.com
2023-11-25 09:34:07.043 +01:00 [Information] Database query initiated: Checking existence of username: kincetube30@gmail.com in database
2023-11-25 09:34:07.106 +01:00 [Information] Database user exists operation succesfull with username: kincetube30@gmail.com
2023-11-25 09:34:07.109 +01:00 [Warning] Registration failed: Username kincetube30@gmail.com already exists
2023-11-25 09:34:07.119 +01:00 [Information] Executing "BadRequestObjectResult", writing value of type '"System.String"'.
2023-11-25 09:34:07.127 +01:00 [Information] Executed action "Oblig2.API.Controllers.AuthController.Register (Oblig2.API)" in 153.0052ms
2023-11-25 09:34:07.127 +01:00 [Information] Executed endpoint '"Oblig2.API.Controllers.AuthController.Register (Oblig2.API)"'
2023-11-25 09:34:07.141 +01:00 [Information] Request finished HTTP/1.1 POST http://localhost:5000/api/auth/register application/json 62 - 400 - text/plain;+charset=utf-8 1015.0355ms
2023-11-25 09:34:12.815 +01:00 [Information] Application is shutting down...
