2023-11-25 04:57:28.006 +01:00 [Information] Database query initiated: Register user with username: pavlovicachilleas@gmail.com
2023-11-25 04:57:28.394 +01:00 [Information] Database register operation succesfull with username: pavlovicachilleas@gmail.com
2023-11-25 04:57:28.394 +01:00 [Information] Database query initiated: Register user with username: kincetube30@gmail.com
2023-11-25 04:57:28.414 +01:00 [Information] Database register operation succesfull with username: kincetube30@gmail.com
2023-11-25 04:57:28.415 +01:00 [Information] Database query initiated: Register user with username: lilchilleas@gmail.com
2023-11-25 04:57:28.423 +01:00 [Information] Database register operation succesfull with username: lilchilleas@gmail.com
2023-11-25 04:57:28.882 +01:00 [Information] User profile is available. Using '"C:\Users\pavlo\AppData\Local\ASP.NET\DataProtection-Keys"' as key repository and Windows DPAPI to encrypt keys at rest.
2023-11-25 04:57:28.968 +01:00 [Information] Now listening on: "http://localhost:5000"
2023-11-25 04:57:28.968 +01:00 [Information] Application started. Press Ctrl+C to shut down.
2023-11-25 04:57:28.969 +01:00 [Information] Hosting environment: "Development"
2023-11-25 04:57:28.969 +01:00 [Information] Content root path: "C:\Users\pavlo\Downloads\Oblig-2\Oblig2.API"
2023-11-25 04:57:31.467 +01:00 [Information] Request starting HTTP/1.1 OPTIONS http://localhost:5000/api/discussion/1 - -
2023-11-25 04:57:31.600 +01:00 [Information] CORS policy execution successful.
2023-11-25 04:57:31.609 +01:00 [Information] Request finished HTTP/1.1 OPTIONS http://localhost:5000/api/discussion/1 - - - 204 - - 147.8735ms
2023-11-25 04:57:31.620 +01:00 [Information] Request starting HTTP/1.1 GET http://localhost:5000/api/discussion/1 - -
2023-11-25 04:57:31.634 +01:00 [Information] CORS policy execution successful.
2023-11-25 04:57:31.849 +01:00 [Warning] Failed to determine the https port for redirect.
2023-11-25 04:57:31.857 +01:00 [Information] Executing endpoint '"Oblig2.API.Controllers.DiscussionController.GetDiscussion (Oblig2.API)"'
2023-11-25 04:57:31.939 +01:00 [Information] Route matched with "{action = \"GetDiscussion\", controller = \"Discussion\"}". Executing controller action with signature "System.Threading.Tasks.Task`1[Microsoft.AspNetCore.Mvc.ActionResult`1[Oblig2.API.Models.Discussion]] GetDiscussion(Int32)" on controller "Oblig2.API.Controllers.DiscussionController" ("Oblig2.API").
2023-11-25 04:57:32.082 +01:00 [Information] Acquiring to get discussion with Id: 1
2023-11-25 04:57:32.085 +01:00 [Information] Database query initiated: Fetching discussion with ID: 1
2023-11-25 04:57:32.323 +01:00 [Warning] Compiling a query which loads related collections for more than one collection navigation, either via 'Include' or through projection, but no 'QuerySplittingBehavior' has been configured. By default, Entity Framework will use 'QuerySplittingBehavior.SingleQuery', which can potentially result in slow query performance. See https://go.microsoft.com/fwlink/?linkid=2134277 for more information. To identify the query that's triggering this warning call 'ConfigureWarnings(w => w.Throw(RelationalEventId.MultipleCollectionIncludeWarning))'.
2023-11-25 04:57:32.380 +01:00 [Information] Database get operation succesfull with Id: 1
2023-11-25 04:57:32.386 +01:00 [Information] Retrieved discussion with Id: 1
2023-11-25 04:57:32.399 +01:00 [Information] Executing "OkObjectResult", writing value of type '"Oblig2.API.DTO.DiscussionDto"'.
2023-11-25 04:57:32.468 +01:00 [Information] Executed action "Oblig2.API.Controllers.DiscussionController.GetDiscussion (Oblig2.API)" in 520.7086ms
2023-11-25 04:57:32.469 +01:00 [Information] Executed endpoint '"Oblig2.API.Controllers.DiscussionController.GetDiscussion (Oblig2.API)"'
2023-11-25 04:57:32.480 +01:00 [Information] Request finished HTTP/1.1 GET http://localhost:5000/api/discussion/1 - - - 200 - application/json;+charset=utf-8 860.0769ms
2023-11-25 04:57:35.950 +01:00 [Information] Request starting HTTP/1.1 GET http://localhost:5000/api/discussion/1 - -
2023-11-25 04:57:35.954 +01:00 [Information] CORS policy execution successful.
2023-11-25 04:57:35.964 +01:00 [Information] Executing endpoint '"Oblig2.API.Controllers.DiscussionController.GetDiscussion (Oblig2.API)"'
2023-11-25 04:57:35.969 +01:00 [Information] Route matched with "{action = \"GetDiscussion\", controller = \"Discussion\"}". Executing controller action with signature "System.Threading.Tasks.Task`1[Microsoft.AspNetCore.Mvc.ActionResult`1[Oblig2.API.Models.Discussion]] GetDiscussion(Int32)" on controller "Oblig2.API.Controllers.DiscussionController" ("Oblig2.API").
2023-11-25 04:57:35.975 +01:00 [Information] Acquiring to get discussion with Id: 1
2023-11-25 04:57:35.976 +01:00 [Information] Database query initiated: Fetching discussion with ID: 1
2023-11-25 04:57:36.161 +01:00 [Information] Database get operation succesfull with Id: 1
2023-11-25 04:57:36.161 +01:00 [Information] Retrieved discussion with Id: 1
2023-11-25 04:57:36.179 +01:00 [Information] Executing "OkObjectResult", writing value of type '"Oblig2.API.DTO.DiscussionDto"'.
2023-11-25 04:57:36.183 +01:00 [Information] Executed action "Oblig2.API.Controllers.DiscussionController.GetDiscussion (Oblig2.API)" in 212.97ms
2023-11-25 04:57:36.183 +01:00 [Information] Executed endpoint '"Oblig2.API.Controllers.DiscussionController.GetDiscussion (Oblig2.API)"'
2023-11-25 04:57:36.183 +01:00 [Information] Request finished HTTP/1.1 GET http://localhost:5000/api/discussion/1 - - - 200 - application/json;+charset=utf-8 233.4658ms
2023-11-25 04:57:40.152 +01:00 [Information] Request starting HTTP/1.1 OPTIONS http://localhost:5000/api/discussion/1/CreateComment - -
2023-11-25 04:57:40.153 +01:00 [Information] CORS policy execution successful.
2023-11-25 04:57:40.153 +01:00 [Information] Request finished HTTP/1.1 OPTIONS http://localhost:5000/api/discussion/1/CreateComment - - - 204 - - 3.0746ms
2023-11-25 04:57:40.155 +01:00 [Information] Request starting HTTP/1.1 POST http://localhost:5000/api/discussion/1/CreateComment application/json 55
2023-11-25 04:57:40.155 +01:00 [Information] CORS policy execution successful.
2023-11-25 04:57:40.169 +01:00 [Information] Executing endpoint '"Oblig2.API.Controllers.DiscussionController.CreateComment (Oblig2.API)"'
2023-11-25 04:57:40.181 +01:00 [Information] Route matched with "{action = \"CreateComment\", controller = \"Discussion\"}". Executing controller action with signature "System.Threading.Tasks.Task`1[Microsoft.AspNetCore.Mvc.ActionResult`1[Oblig2.API.Models.Comment]] CreateComment(Int32, Oblig2.API.Models.Comment)" on controller "Oblig2.API.Controllers.DiscussionController" ("Oblig2.API").
2023-11-25 04:57:40.225 +01:00 [Information] Acquiring to create a commment initiated by the UserId: 2
2023-11-25 04:57:40.230 +01:00 [Information] Database query initiated: Creating comment with discussion ID: 1
2023-11-25 04:57:40.255 +01:00 [Information] DiscussionId: 1
2023-11-25 04:57:40.256 +01:00 [Information] Uusername: kincetube30@gmail.com
2023-11-25 04:57:40.256 +01:00 [Information] CommentContent | CommentId: 3 | 0
2023-11-25 04:57:40.267 +01:00 [Information] Database creation of comment operation succesfull for Discussion Id: 1 by User 2
2023-11-25 04:57:40.267 +01:00 [Information] Comment created successfully
2023-11-25 04:57:40.272 +01:00 [Information] Executing StatusCodeResult, setting HTTP status code 201
2023-11-25 04:57:40.272 +01:00 [Information] Executed action "Oblig2.API.Controllers.DiscussionController.CreateComment (Oblig2.API)" in 90.7716ms
2023-11-25 04:57:40.272 +01:00 [Information] Executed endpoint '"Oblig2.API.Controllers.DiscussionController.CreateComment (Oblig2.API)"'
2023-11-25 04:57:40.273 +01:00 [Information] Request finished HTTP/1.1 POST http://localhost:5000/api/discussion/1/CreateComment application/json 55 - 201 0 - 117.4756ms
2023-11-25 04:57:40.841 +01:00 [Information] Request starting HTTP/1.1 OPTIONS http://localhost:5000/api/discussion/1 - -
2023-11-25 04:57:40.841 +01:00 [Information] CORS policy execution successful.
2023-11-25 04:57:40.841 +01:00 [Information] Request finished HTTP/1.1 OPTIONS http://localhost:5000/api/discussion/1 - - - 204 - - 0.5591ms
2023-11-25 04:57:40.848 +01:00 [Information] Request starting HTTP/1.1 GET http://localhost:5000/api/discussion/1 - -
2023-11-25 04:57:40.848 +01:00 [Information] CORS policy execution successful.
2023-11-25 04:57:40.849 +01:00 [Information] Executing endpoint '"Oblig2.API.Controllers.DiscussionController.GetDiscussion (Oblig2.API)"'
2023-11-25 04:57:40.885 +01:00 [Information] Route matched with "{action = \"GetDiscussion\", controller = \"Discussion\"}". Executing controller action with signature "System.Threading.Tasks.Task`1[Microsoft.AspNetCore.Mvc.ActionResult`1[Oblig2.API.Models.Discussion]] GetDiscussion(Int32)" on controller "Oblig2.API.Controllers.DiscussionController" ("Oblig2.API").
2023-11-25 04:57:40.886 +01:00 [Information] Acquiring to get discussion with Id: 1
2023-11-25 04:57:40.886 +01:00 [Information] Database query initiated: Fetching discussion with ID: 1
2023-11-25 04:57:40.936 +01:00 [Information] Database get operation succesfull with Id: 1
2023-11-25 04:57:40.936 +01:00 [Information] Retrieved discussion with Id: 1
2023-11-25 04:57:40.936 +01:00 [Information] Executing "OkObjectResult", writing value of type '"Oblig2.API.DTO.DiscussionDto"'.
2023-11-25 04:57:40.936 +01:00 [Information] Executed action "Oblig2.API.Controllers.DiscussionController.GetDiscussion (Oblig2.API)" in 51.4217ms
2023-11-25 04:57:40.937 +01:00 [Information] Executed endpoint '"Oblig2.API.Controllers.DiscussionController.GetDiscussion (Oblig2.API)"'
2023-11-25 04:57:40.937 +01:00 [Information] Request finished HTTP/1.1 GET http://localhost:5000/api/discussion/1 - - - 200 - application/json;+charset=utf-8 88.7859ms
2023-11-25 04:57:44.238 +01:00 [Information] Request starting HTTP/1.1 POST http://localhost:5000/api/discussion/1/CreateComment application/json 52
2023-11-25 04:57:44.238 +01:00 [Information] CORS policy execution successful.
2023-11-25 04:57:44.239 +01:00 [Information] Executing endpoint '"Oblig2.API.Controllers.DiscussionController.CreateComment (Oblig2.API)"'
2023-11-25 04:57:44.240 +01:00 [Information] Route matched with "{action = \"CreateComment\", controller = \"Discussion\"}". Executing controller action with signature "System.Threading.Tasks.Task`1[Microsoft.AspNetCore.Mvc.ActionResult`1[Oblig2.API.Models.Comment]] CreateComment(Int32, Oblig2.API.Models.Comment)" on controller "Oblig2.API.Controllers.DiscussionController" ("Oblig2.API").
2023-11-25 04:57:44.242 +01:00 [Information] Acquiring to create a commment initiated by the UserId: 2
2023-11-25 04:57:44.242 +01:00 [Information] Database query initiated: Creating comment with discussion ID: 1
2023-11-25 04:57:44.247 +01:00 [Information] DiscussionId: 1
2023-11-25 04:57:44.247 +01:00 [Information] Uusername: kincetube30@gmail.com
2023-11-25 04:57:44.247 +01:00 [Information] CommentContent | CommentId: 4 | 0
2023-11-25 04:57:44.247 +01:00 [Information] Inside the check
2023-11-25 04:57:44.272 +01:00 [Information] After parentComment: 4
2023-11-25 04:57:44.280 +01:00 [Information] Database creation of comment operation succesfull for Discussion Id: 1 by User 2
2023-11-25 04:57:44.281 +01:00 [Information] Comment created successfully
2023-11-25 04:57:44.284 +01:00 [Information] Executing StatusCodeResult, setting HTTP status code 201
2023-11-25 04:57:44.284 +01:00 [Information] Executed action "Oblig2.API.Controllers.DiscussionController.CreateComment (Oblig2.API)" in 44.7213ms
2023-11-25 04:57:44.285 +01:00 [Information] Executed endpoint '"Oblig2.API.Controllers.DiscussionController.CreateComment (Oblig2.API)"'
2023-11-25 04:57:44.285 +01:00 [Information] Request finished HTTP/1.1 POST http://localhost:5000/api/discussion/1/CreateComment application/json 52 - 201 0 - 47.5896ms
2023-11-25 04:57:44.844 +01:00 [Information] Request starting HTTP/1.1 GET http://localhost:5000/api/discussion/1 - -
2023-11-25 04:57:44.844 +01:00 [Information] CORS policy execution successful.
2023-11-25 04:57:44.855 +01:00 [Information] Executing endpoint '"Oblig2.API.Controllers.DiscussionController.GetDiscussion (Oblig2.API)"'
2023-11-25 04:57:44.856 +01:00 [Information] Route matched with "{action = \"GetDiscussion\", controller = \"Discussion\"}". Executing controller action with signature "System.Threading.Tasks.Task`1[Microsoft.AspNetCore.Mvc.ActionResult`1[Oblig2.API.Models.Discussion]] GetDiscussion(Int32)" on controller "Oblig2.API.Controllers.DiscussionController" ("Oblig2.API").
2023-11-25 04:57:44.857 +01:00 [Information] Acquiring to get discussion with Id: 1
2023-11-25 04:57:44.857 +01:00 [Information] Database query initiated: Fetching discussion with ID: 1
2023-11-25 04:57:44.869 +01:00 [Information] Database get operation succesfull with Id: 1
2023-11-25 04:57:44.869 +01:00 [Information] Retrieved discussion with Id: 1
2023-11-25 04:57:44.874 +01:00 [Information] Executing "OkObjectResult", writing value of type '"Oblig2.API.DTO.DiscussionDto"'.
2023-11-25 04:57:44.875 +01:00 [Information] Executed action "Oblig2.API.Controllers.DiscussionController.GetDiscussion (Oblig2.API)" in 19.4911ms
2023-11-25 04:57:44.875 +01:00 [Information] Executed endpoint '"Oblig2.API.Controllers.DiscussionController.GetDiscussion (Oblig2.API)"'
2023-11-25 04:57:44.876 +01:00 [Information] Request finished HTTP/1.1 GET http://localhost:5000/api/discussion/1 - - - 200 - application/json;+charset=utf-8 32.0996ms
2023-11-25 05:09:21.173 +01:00 [Information] Application is shutting down...
