2023-11-25 05:19:40.692 +01:00 [Information] Database query initiated: Register user with username: pavlovicachilleas@gmail.com
2023-11-25 05:19:41.038 +01:00 [Information] Database register operation succesfull with username: pavlovicachilleas@gmail.com
2023-11-25 05:19:41.038 +01:00 [Information] Database query initiated: Register user with username: kincetube30@gmail.com
2023-11-25 05:19:41.055 +01:00 [Information] Database register operation succesfull with username: kincetube30@gmail.com
2023-11-25 05:19:41.055 +01:00 [Information] Database query initiated: Register user with username: lilchilleas@gmail.com
2023-11-25 05:19:41.060 +01:00 [Information] Database register operation succesfull with username: lilchilleas@gmail.com
2023-11-25 05:19:41.489 +01:00 [Information] User profile is available. Using '"C:\Users\pavlo\AppData\Local\ASP.NET\DataProtection-Keys"' as key repository and Windows DPAPI to encrypt keys at rest.
2023-11-25 05:19:41.575 +01:00 [Information] Now listening on: "http://localhost:5000"
2023-11-25 05:19:41.576 +01:00 [Information] Application started. Press Ctrl+C to shut down.
2023-11-25 05:19:41.576 +01:00 [Information] Hosting environment: "Development"
2023-11-25 05:19:41.576 +01:00 [Information] Content root path: "C:\Users\pavlo\Downloads\Oblig-2\Oblig2.API"
2023-11-25 05:20:01.182 +01:00 [Information] Request starting HTTP/1.1 OPTIONS http://localhost:5000/api/discussion - -
2023-11-25 05:20:01.247 +01:00 [Information] CORS policy execution successful.
2023-11-25 05:20:01.255 +01:00 [Information] Request finished HTTP/1.1 OPTIONS http://localhost:5000/api/discussion - - - 204 - - 73.3814ms
2023-11-25 05:20:01.267 +01:00 [Information] Request starting HTTP/1.1 GET http://localhost:5000/api/discussion - -
2023-11-25 05:20:01.279 +01:00 [Information] CORS policy execution successful.
2023-11-25 05:20:01.415 +01:00 [Warning] Failed to determine the https port for redirect.
2023-11-25 05:20:01.421 +01:00 [Information] Executing endpoint '"Oblig2.API.Controllers.DiscussionController.GetDiscussions (Oblig2.API)"'
2023-11-25 05:20:01.440 +01:00 [Information] Route matched with "{action = \"GetDiscussions\", controller = \"Discussion\"}". Executing controller action with signature "System.Threading.Tasks.Task`1[Microsoft.AspNetCore.Mvc.ActionResult] GetDiscussions()" on controller "Oblig2.API.Controllers.DiscussionController" ("Oblig2.API").
2023-11-25 05:20:01.516 +01:00 [Information] Acquiring to get all discussions
2023-11-25 05:20:01.519 +01:00 [Information] Database query initiated: Fetching all discussions
2023-11-25 05:20:01.596 +01:00 [Information] Database get operation succesfull
2023-11-25 05:20:01.599 +01:00 [Information] Retrieved all discussions | Amount: 2 discussions
2023-11-25 05:20:01.609 +01:00 [Information] Executing "OkObjectResult", writing value of type '"System.Collections.Generic.List`1[[Oblig2.API.DTO.DiscussionDto, Oblig2.API, Version=1.0.0.0, Culture=neutral, PublicKeyToken=null]]"'.
2023-11-25 05:20:01.676 +01:00 [Information] Executed action "Oblig2.API.Controllers.DiscussionController.GetDiscussions (Oblig2.API)" in 225.2504ms
2023-11-25 05:20:01.676 +01:00 [Information] Executed endpoint '"Oblig2.API.Controllers.DiscussionController.GetDiscussions (Oblig2.API)"'
2023-11-25 05:20:01.690 +01:00 [Information] Request finished HTTP/1.1 GET http://localhost:5000/api/discussion - - - 200 - application/json;+charset=utf-8 422.8898ms
2023-11-25 05:20:02.297 +01:00 [Information] Request starting HTTP/1.1 OPTIONS http://localhost:5000/api/discussion/1 - -
2023-11-25 05:20:02.299 +01:00 [Information] CORS policy execution successful.
2023-11-25 05:20:02.300 +01:00 [Information] Request finished HTTP/1.1 OPTIONS http://localhost:5000/api/discussion/1 - - - 204 - - 2.9997ms
2023-11-25 05:20:02.305 +01:00 [Information] Request starting HTTP/1.1 GET http://localhost:5000/api/discussion/1 - -
2023-11-25 05:20:02.306 +01:00 [Information] CORS policy execution successful.
2023-11-25 05:20:02.319 +01:00 [Information] Executing endpoint '"Oblig2.API.Controllers.DiscussionController.GetDiscussion (Oblig2.API)"'
2023-11-25 05:20:02.343 +01:00 [Information] Route matched with "{action = \"GetDiscussion\", controller = \"Discussion\"}". Executing controller action with signature "System.Threading.Tasks.Task`1[Microsoft.AspNetCore.Mvc.ActionResult`1[Oblig2.API.Models.Discussion]] GetDiscussion(Int32)" on controller "Oblig2.API.Controllers.DiscussionController" ("Oblig2.API").
2023-11-25 05:20:02.363 +01:00 [Information] Acquiring to get discussion with Id: 1
2023-11-25 05:20:02.366 +01:00 [Information] Database query initiated: Fetching discussion with ID: 1
2023-11-25 05:20:02.602 +01:00 [Warning] Compiling a query which loads related collections for more than one collection navigation, either via 'Include' or through projection, but no 'QuerySplittingBehavior' has been configured. By default, Entity Framework will use 'QuerySplittingBehavior.SingleQuery', which can potentially result in slow query performance. See https://go.microsoft.com/fwlink/?linkid=2134277 for more information. To identify the query that's triggering this warning call 'ConfigureWarnings(w => w.Throw(RelationalEventId.MultipleCollectionIncludeWarning))'.
2023-11-25 05:20:02.646 +01:00 [Information] Database get operation succesfull with Id: 1
2023-11-25 05:20:02.649 +01:00 [Information] Retrieved discussion with Id: 1
2023-11-25 05:20:02.650 +01:00 [Information] Executing "OkObjectResult", writing value of type '"Oblig2.API.DTO.DiscussionDto"'.
2023-11-25 05:20:02.663 +01:00 [Information] Executed action "Oblig2.API.Controllers.DiscussionController.GetDiscussion (Oblig2.API)" in 319.4588ms
2023-11-25 05:20:02.663 +01:00 [Information] Executed endpoint '"Oblig2.API.Controllers.DiscussionController.GetDiscussion (Oblig2.API)"'
2023-11-25 05:20:02.664 +01:00 [Information] Request finished HTTP/1.1 GET http://localhost:5000/api/discussion/1 - - - 200 - application/json;+charset=utf-8 359.3140ms
2023-11-25 05:20:12.100 +01:00 [Information] Application is shutting down...
