2023-11-28 23:52:14.975 +01:00 [Information] Database query initiated: Register user with username: pavlovicachilleas@gmail.com
2023-11-28 23:52:15.518 +01:00 [Information] Database register operation succesfull with username: pavlovicachilleas@gmail.com
2023-11-28 23:52:15.521 +01:00 [Information] Database query initiated: Register user with username: kincetube30@gmail.com
2023-11-28 23:52:15.535 +01:00 [Information] Database register operation succesfull with username: kincetube30@gmail.com
2023-11-28 23:52:15.535 +01:00 [Information] Database query initiated: Register user with username: lilchilleas@gmail.com
2023-11-28 23:52:15.541 +01:00 [Information] Database register operation succesfull with username: lilchilleas@gmail.com
2023-11-28 23:52:16.133 +01:00 [Information] User profile is available. Using '"C:\Users\pavlo\AppData\Local\ASP.NET\DataProtection-Keys"' as key repository and Windows DPAPI to encrypt keys at rest.
2023-11-28 23:52:16.219 +01:00 [Information] Now listening on: "http://localhost:5000"
2023-11-28 23:52:16.221 +01:00 [Information] Application started. Press Ctrl+C to shut down.
2023-11-28 23:52:16.222 +01:00 [Information] Hosting environment: "Development"
2023-11-28 23:52:16.222 +01:00 [Information] Content root path: "C:\Users\pavlo\Downloads\Oblig-2\Oblig-2\Oblig2.API"
2023-11-28 23:52:18.459 +01:00 [Information] Request starting HTTP/1.1 GET http://localhost:5000/api/discussion - -
2023-11-28 23:52:18.628 +01:00 [Information] CORS policy execution successful.
2023-11-28 23:52:18.687 +01:00 [Warning] Failed to determine the https port for redirect.
2023-11-28 23:52:18.695 +01:00 [Information] Executing endpoint '"Oblig2.API.Controllers.DiscussionController.GetDiscussions (Oblig2.API)"'
2023-11-28 23:52:18.720 +01:00 [Information] Route matched with "{action = \"GetDiscussions\", controller = \"Discussion\"}". Executing controller action with signature "System.Threading.Tasks.Task`1[Microsoft.AspNetCore.Mvc.ActionResult] GetDiscussions()" on controller "Oblig2.API.Controllers.DiscussionController" ("Oblig2.API").
2023-11-28 23:52:18.834 +01:00 [Information] Acquiring to get all discussions
2023-11-28 23:52:18.837 +01:00 [Information] Database query initiated: Fetching all discussions
2023-11-28 23:52:18.920 +01:00 [Information] Database get operation succesfull
2023-11-28 23:52:18.922 +01:00 [Information] Retrieved all discussions | Amount: 2 discussions
2023-11-28 23:52:18.930 +01:00 [Information] Executing "OkObjectResult", writing value of type '"System.Collections.Generic.List`1[[Oblig2.API.DTO.DiscussionDto, Oblig2.API, Version=1.0.0.0, Culture=neutral, PublicKeyToken=null]]"'.
2023-11-28 23:52:19.032 +01:00 [Information] Executed action "Oblig2.API.Controllers.DiscussionController.GetDiscussions (Oblig2.API)" in 304.232ms
2023-11-28 23:52:19.032 +01:00 [Information] Executed endpoint '"Oblig2.API.Controllers.DiscussionController.GetDiscussions (Oblig2.API)"'
2023-11-28 23:52:19.041 +01:00 [Information] Request finished HTTP/1.1 GET http://localhost:5000/api/discussion - - - 200 - application/json;+charset=utf-8 607.3880ms
2023-11-28 23:52:20.427 +01:00 [Information] Request starting HTTP/1.1 GET http://localhost:5000/api/discussion/1 - -
2023-11-28 23:52:20.431 +01:00 [Information] CORS policy execution successful.
2023-11-28 23:52:20.436 +01:00 [Information] Executing endpoint '"Oblig2.API.Controllers.DiscussionController.GetDiscussion (Oblig2.API)"'
2023-11-28 23:52:20.456 +01:00 [Information] Route matched with "{action = \"GetDiscussion\", controller = \"Discussion\"}". Executing controller action with signature "System.Threading.Tasks.Task`1[Microsoft.AspNetCore.Mvc.ActionResult`1[Oblig2.API.Models.Discussion]] GetDiscussion(Int32)" on controller "Oblig2.API.Controllers.DiscussionController" ("Oblig2.API").
2023-11-28 23:52:20.470 +01:00 [Information] Acquiring to get discussion with Id: 1
2023-11-28 23:52:20.473 +01:00 [Information] Database query initiated: Fetching discussion with ID: 1
2023-11-28 23:52:20.733 +01:00 [Warning] Compiling a query which loads related collections for more than one collection navigation, either via 'Include' or through projection, but no 'QuerySplittingBehavior' has been configured. By default, Entity Framework will use 'QuerySplittingBehavior.SingleQuery', which can potentially result in slow query performance. See https://go.microsoft.com/fwlink/?linkid=2134277 for more information. To identify the query that's triggering this warning call 'ConfigureWarnings(w => w.Throw(RelationalEventId.MultipleCollectionIncludeWarning))'.
2023-11-28 23:52:20.810 +01:00 [Information] Database get operation succesfull with Id: 1
2023-11-28 23:52:20.814 +01:00 [Information] Retrieved discussion with Id: 1
2023-11-28 23:52:20.816 +01:00 [Information] Executing "OkObjectResult", writing value of type '"Oblig2.API.DTO.DiscussionDto"'.
2023-11-28 23:52:20.834 +01:00 [Information] Executed action "Oblig2.API.Controllers.DiscussionController.GetDiscussion (Oblig2.API)" in 377.5936ms
2023-11-28 23:52:20.835 +01:00 [Information] Executed endpoint '"Oblig2.API.Controllers.DiscussionController.GetDiscussion (Oblig2.API)"'
2023-11-28 23:52:20.840 +01:00 [Information] Request finished HTTP/1.1 GET http://localhost:5000/api/discussion/1 - - - 200 - application/json;+charset=utf-8 412.2316ms
2023-11-28 23:52:23.152 +01:00 [Information] Request starting HTTP/1.1 GET http://localhost:5000/api/discussion - -
2023-11-28 23:52:23.154 +01:00 [Information] CORS policy execution successful.
2023-11-28 23:52:23.165 +01:00 [Information] Executing endpoint '"Oblig2.API.Controllers.DiscussionController.GetDiscussions (Oblig2.API)"'
2023-11-28 23:52:23.165 +01:00 [Information] Route matched with "{action = \"GetDiscussions\", controller = \"Discussion\"}". Executing controller action with signature "System.Threading.Tasks.Task`1[Microsoft.AspNetCore.Mvc.ActionResult] GetDiscussions()" on controller "Oblig2.API.Controllers.DiscussionController" ("Oblig2.API").
2023-11-28 23:52:23.168 +01:00 [Information] Acquiring to get all discussions
2023-11-28 23:52:23.168 +01:00 [Information] Database query initiated: Fetching all discussions
2023-11-28 23:52:23.171 +01:00 [Information] Database get operation succesfull
2023-11-28 23:52:23.171 +01:00 [Information] Retrieved all discussions | Amount: 2 discussions
2023-11-28 23:52:23.172 +01:00 [Information] Executing "OkObjectResult", writing value of type '"System.Collections.Generic.List`1[[Oblig2.API.DTO.DiscussionDto, Oblig2.API, Version=1.0.0.0, Culture=neutral, PublicKeyToken=null]]"'.
2023-11-28 23:52:23.172 +01:00 [Information] Executed action "Oblig2.API.Controllers.DiscussionController.GetDiscussions (Oblig2.API)" in 7.3067ms
2023-11-28 23:52:23.173 +01:00 [Information] Executed endpoint '"Oblig2.API.Controllers.DiscussionController.GetDiscussions (Oblig2.API)"'
2023-11-28 23:52:23.174 +01:00 [Information] Request finished HTTP/1.1 GET http://localhost:5000/api/discussion - - - 200 - application/json;+charset=utf-8 21.5281ms
2023-11-28 23:52:25.361 +01:00 [Information] Request starting HTTP/1.1 GET http://localhost:5000/api/discussion - -
2023-11-28 23:52:25.361 +01:00 [Information] CORS policy execution successful.
2023-11-28 23:52:25.362 +01:00 [Information] Executing endpoint '"Oblig2.API.Controllers.DiscussionController.GetDiscussions (Oblig2.API)"'
2023-11-28 23:52:25.362 +01:00 [Information] Route matched with "{action = \"GetDiscussions\", controller = \"Discussion\"}". Executing controller action with signature "System.Threading.Tasks.Task`1[Microsoft.AspNetCore.Mvc.ActionResult] GetDiscussions()" on controller "Oblig2.API.Controllers.DiscussionController" ("Oblig2.API").
2023-11-28 23:52:25.364 +01:00 [Information] Acquiring to get all discussions
2023-11-28 23:52:25.365 +01:00 [Information] Database query initiated: Fetching all discussions
2023-11-28 23:52:25.371 +01:00 [Information] Database get operation succesfull
2023-11-28 23:52:25.371 +01:00 [Information] Retrieved all discussions | Amount: 2 discussions
2023-11-28 23:52:25.372 +01:00 [Information] Executing "OkObjectResult", writing value of type '"System.Collections.Generic.List`1[[Oblig2.API.DTO.DiscussionDto, Oblig2.API, Version=1.0.0.0, Culture=neutral, PublicKeyToken=null]]"'.
2023-11-28 23:52:25.373 +01:00 [Information] Executed action "Oblig2.API.Controllers.DiscussionController.GetDiscussions (Oblig2.API)" in 11.3283ms
2023-11-28 23:52:25.373 +01:00 [Information] Executed endpoint '"Oblig2.API.Controllers.DiscussionController.GetDiscussions (Oblig2.API)"'
2023-11-28 23:52:25.374 +01:00 [Information] Request finished HTTP/1.1 GET http://localhost:5000/api/discussion - - - 200 - application/json;+charset=utf-8 12.6816ms
2023-11-28 23:52:26.057 +01:00 [Information] Request starting HTTP/1.1 GET http://localhost:5000/api/discussion/1 - -
2023-11-28 23:52:26.057 +01:00 [Information] CORS policy execution successful.
2023-11-28 23:52:26.058 +01:00 [Information] Executing endpoint '"Oblig2.API.Controllers.DiscussionController.GetDiscussion (Oblig2.API)"'
2023-11-28 23:52:26.058 +01:00 [Information] Route matched with "{action = \"GetDiscussion\", controller = \"Discussion\"}". Executing controller action with signature "System.Threading.Tasks.Task`1[Microsoft.AspNetCore.Mvc.ActionResult`1[Oblig2.API.Models.Discussion]] GetDiscussion(Int32)" on controller "Oblig2.API.Controllers.DiscussionController" ("Oblig2.API").
2023-11-28 23:52:26.062 +01:00 [Information] Acquiring to get discussion with Id: 1
2023-11-28 23:52:26.062 +01:00 [Information] Database query initiated: Fetching discussion with ID: 1
2023-11-28 23:52:26.076 +01:00 [Information] Database get operation succesfull with Id: 1
2023-11-28 23:52:26.076 +01:00 [Information] Retrieved discussion with Id: 1
2023-11-28 23:52:26.077 +01:00 [Information] Executing "OkObjectResult", writing value of type '"Oblig2.API.DTO.DiscussionDto"'.
2023-11-28 23:52:26.077 +01:00 [Information] Executed action "Oblig2.API.Controllers.DiscussionController.GetDiscussion (Oblig2.API)" in 19.4925ms
2023-11-28 23:52:26.078 +01:00 [Information] Executed endpoint '"Oblig2.API.Controllers.DiscussionController.GetDiscussion (Oblig2.API)"'
2023-11-28 23:52:26.078 +01:00 [Information] Request finished HTTP/1.1 GET http://localhost:5000/api/discussion/1 - - - 200 - application/json;+charset=utf-8 21.2786ms
2023-11-28 23:54:21.372 +01:00 [Information] Application is shutting down...
