2023-11-28 10:12:28.985 +01:00 [Information] Database query initiated: Register user with username: pavlovicachilleas@gmail.com
2023-11-28 10:12:29.324 +01:00 [Information] Database register operation succesfull with username: pavlovicachilleas@gmail.com
2023-11-28 10:12:29.325 +01:00 [Information] Database query initiated: Register user with username: kincetube30@gmail.com
2023-11-28 10:12:29.338 +01:00 [Information] Database register operation succesfull with username: kincetube30@gmail.com
2023-11-28 10:12:29.339 +01:00 [Information] Database query initiated: Register user with username: lilchilleas@gmail.com
2023-11-28 10:12:29.348 +01:00 [Information] Database register operation succesfull with username: lilchilleas@gmail.com
2023-11-28 10:12:30.094 +01:00 [Information] User profile is available. Using '"C:\Users\pavlo\AppData\Local\ASP.NET\DataProtection-Keys"' as key repository and Windows DPAPI to encrypt keys at rest.
2023-11-28 10:12:30.383 +01:00 [Information] Now listening on: "http://localhost:5000"
2023-11-28 10:12:30.384 +01:00 [Information] Application started. Press Ctrl+C to shut down.
2023-11-28 10:12:30.384 +01:00 [Information] Hosting environment: "Development"
2023-11-28 10:12:30.384 +01:00 [Information] Content root path: "C:\Users\pavlo\Downloads\Oblig-2\Oblig-2\Oblig2.API"
2023-11-28 10:13:01.228 +01:00 [Information] Request starting HTTP/1.1 OPTIONS http://localhost:5000/api/discussion - -
2023-11-28 10:13:01.286 +01:00 [Information] CORS policy execution successful.
2023-11-28 10:13:01.290 +01:00 [Information] Request finished HTTP/1.1 OPTIONS http://localhost:5000/api/discussion - - - 204 - - 65.1466ms
2023-11-28 10:13:01.299 +01:00 [Information] Request starting HTTP/1.1 GET http://localhost:5000/api/discussion - -
2023-11-28 10:13:01.307 +01:00 [Information] CORS policy execution successful.
2023-11-28 10:13:01.436 +01:00 [Warning] Failed to determine the https port for redirect.
2023-11-28 10:13:01.441 +01:00 [Information] Executing endpoint '"Oblig2.API.Controllers.DiscussionController.GetDiscussions (Oblig2.API)"'
2023-11-28 10:13:01.464 +01:00 [Information] Route matched with "{action = \"GetDiscussions\", controller = \"Discussion\"}". Executing controller action with signature "System.Threading.Tasks.Task`1[Microsoft.AspNetCore.Mvc.ActionResult] GetDiscussions()" on controller "Oblig2.API.Controllers.DiscussionController" ("Oblig2.API").
2023-11-28 10:13:01.543 +01:00 [Information] Acquiring to get all discussions
2023-11-28 10:13:01.545 +01:00 [Information] Database query initiated: Fetching all discussions
2023-11-28 10:13:01.645 +01:00 [Information] Database get operation succesfull
2023-11-28 10:13:01.647 +01:00 [Information] Retrieved all discussions | Amount: 2 discussions
2023-11-28 10:13:01.661 +01:00 [Information] Executing "OkObjectResult", writing value of type '"System.Collections.Generic.List`1[[Oblig2.API.DTO.DiscussionDto, Oblig2.API, Version=1.0.0.0, Culture=neutral, PublicKeyToken=null]]"'.
2023-11-28 10:13:01.741 +01:00 [Information] Executed action "Oblig2.API.Controllers.DiscussionController.GetDiscussions (Oblig2.API)" in 270.6814ms
2023-11-28 10:13:01.741 +01:00 [Information] Executed endpoint '"Oblig2.API.Controllers.DiscussionController.GetDiscussions (Oblig2.API)"'
2023-11-28 10:13:01.749 +01:00 [Information] Request finished HTTP/1.1 GET http://localhost:5000/api/discussion - - - 200 - application/json;+charset=utf-8 449.5501ms
2023-11-28 10:13:02.490 +01:00 [Information] Request starting HTTP/1.1 OPTIONS http://localhost:5000/api/discussion/1 - -
2023-11-28 10:13:02.492 +01:00 [Information] CORS policy execution successful.
2023-11-28 10:13:02.493 +01:00 [Information] Request finished HTTP/1.1 OPTIONS http://localhost:5000/api/discussion/1 - - - 204 - - 3.2764ms
2023-11-28 10:13:02.495 +01:00 [Information] Request starting HTTP/1.1 GET http://localhost:5000/api/discussion/1 - -
2023-11-28 10:13:02.496 +01:00 [Information] CORS policy execution successful.
2023-11-28 10:13:02.505 +01:00 [Information] Executing endpoint '"Oblig2.API.Controllers.DiscussionController.GetDiscussion (Oblig2.API)"'
2023-11-28 10:13:02.528 +01:00 [Information] Route matched with "{action = \"GetDiscussion\", controller = \"Discussion\"}". Executing controller action with signature "System.Threading.Tasks.Task`1[Microsoft.AspNetCore.Mvc.ActionResult`1[Oblig2.API.Models.Discussion]] GetDiscussion(Int32)" on controller "Oblig2.API.Controllers.DiscussionController" ("Oblig2.API").
2023-11-28 10:13:02.544 +01:00 [Information] Database query initiated: Fetching discussion with ID: 1
2023-11-28 10:13:02.778 +01:00 [Warning] Compiling a query which loads related collections for more than one collection navigation, either via 'Include' or through projection, but no 'QuerySplittingBehavior' has been configured. By default, Entity Framework will use 'QuerySplittingBehavior.SingleQuery', which can potentially result in slow query performance. See https://go.microsoft.com/fwlink/?linkid=2134277 for more information. To identify the query that's triggering this warning call 'ConfigureWarnings(w => w.Throw(RelationalEventId.MultipleCollectionIncludeWarning))'.
2023-11-28 10:13:02.839 +01:00 [Information] Database get operation succesfull with Id: 1
2023-11-28 10:13:02.842 +01:00 [Information] Executing "OkObjectResult", writing value of type '"Oblig2.API.Models.Discussion"'.
2023-11-28 10:13:02.872 +01:00 [Information] Executed action "Oblig2.API.Controllers.DiscussionController.GetDiscussion (Oblig2.API)" in 343.9853ms
2023-11-28 10:13:02.872 +01:00 [Information] Executed endpoint '"Oblig2.API.Controllers.DiscussionController.GetDiscussion (Oblig2.API)"'
2023-11-28 10:13:02.873 +01:00 [Information] Request finished HTTP/1.1 GET http://localhost:5000/api/discussion/1 - - - 200 - application/json;+charset=utf-8 377.9827ms
2023-11-28 10:13:05.395 +01:00 [Information] Request starting HTTP/1.1 OPTIONS http://localhost:5000/api/discussion/1/CreateComment - -
2023-11-28 10:13:05.395 +01:00 [Information] CORS policy execution successful.
2023-11-28 10:13:05.396 +01:00 [Information] Request finished HTTP/1.1 OPTIONS http://localhost:5000/api/discussion/1/CreateComment - - - 204 - - 0.3975ms
2023-11-28 10:13:05.397 +01:00 [Information] Request starting HTTP/1.1 POST http://localhost:5000/api/discussion/1/CreateComment application/json 52
2023-11-28 10:13:05.398 +01:00 [Information] CORS policy execution successful.
2023-11-28 10:13:05.408 +01:00 [Information] Executing endpoint '"Oblig2.API.Controllers.DiscussionController.CreateComment (Oblig2.API)"'
2023-11-28 10:13:05.413 +01:00 [Information] Route matched with "{action = \"CreateComment\", controller = \"Discussion\"}". Executing controller action with signature "System.Threading.Tasks.Task`1[Microsoft.AspNetCore.Mvc.ActionResult`1[Oblig2.API.Models.Comment]] CreateComment(Int32, Oblig2.API.DTO.CreateCommentDto)" on controller "Oblig2.API.Controllers.DiscussionController" ("Oblig2.API").
2023-11-28 10:13:05.444 +01:00 [Information] Acquiring to create a commment initiated by the UserId: 2
2023-11-28 10:13:05.447 +01:00 [Information] Database query initiated: Creating comment with discussion ID: 1
2023-11-28 10:13:05.500 +01:00 [Information] Database creation of comment operation succesfull for Discussion Id: 1 by User 2
2023-11-28 10:13:05.500 +01:00 [Information] Comment created successfully
2023-11-28 10:13:05.502 +01:00 [Information] Executing "ObjectResult", writing value of type '"Oblig2.API.DTO.CommentDto"'.
2023-11-28 10:13:05.507 +01:00 [Information] Executed action "Oblig2.API.Controllers.DiscussionController.CreateComment (Oblig2.API)" in 93.5382ms
2023-11-28 10:13:05.507 +01:00 [Information] Executed endpoint '"Oblig2.API.Controllers.DiscussionController.CreateComment (Oblig2.API)"'
2023-11-28 10:13:05.507 +01:00 [Information] Request finished HTTP/1.1 POST http://localhost:5000/api/discussion/1/CreateComment application/json 52 - 201 - application/json;+charset=utf-8 109.9596ms
2023-11-28 10:13:05.790 +01:00 [Information] Request starting HTTP/1.1 GET http://localhost:5000/api/discussion/1 - -
2023-11-28 10:13:05.791 +01:00 [Information] CORS policy execution successful.
2023-11-28 10:13:05.792 +01:00 [Information] Executing endpoint '"Oblig2.API.Controllers.DiscussionController.GetDiscussion (Oblig2.API)"'
2023-11-28 10:13:05.792 +01:00 [Information] Route matched with "{action = \"GetDiscussion\", controller = \"Discussion\"}". Executing controller action with signature "System.Threading.Tasks.Task`1[Microsoft.AspNetCore.Mvc.ActionResult`1[Oblig2.API.Models.Discussion]] GetDiscussion(Int32)" on controller "Oblig2.API.Controllers.DiscussionController" ("Oblig2.API").
2023-11-28 10:13:05.793 +01:00 [Information] Database query initiated: Fetching discussion with ID: 1
2023-11-28 10:13:05.807 +01:00 [Information] Database get operation succesfull with Id: 1
2023-11-28 10:13:05.808 +01:00 [Information] Executing "OkObjectResult", writing value of type '"Oblig2.API.Models.Discussion"'.
2023-11-28 10:13:05.808 +01:00 [Information] Executed action "Oblig2.API.Controllers.DiscussionController.GetDiscussion (Oblig2.API)" in 15.8892ms
2023-11-28 10:13:05.808 +01:00 [Information] Executed endpoint '"Oblig2.API.Controllers.DiscussionController.GetDiscussion (Oblig2.API)"'
2023-11-28 10:13:05.809 +01:00 [Information] Request finished HTTP/1.1 GET http://localhost:5000/api/discussion/1 - - - 200 - application/json;+charset=utf-8 18.3589ms
2023-11-28 10:13:08.130 +01:00 [Information] Request starting HTTP/1.1 POST http://localhost:5000/api/discussion/1/CreateComment application/json 52
2023-11-28 10:13:08.130 +01:00 [Information] CORS policy execution successful.
2023-11-28 10:13:08.131 +01:00 [Information] Executing endpoint '"Oblig2.API.Controllers.DiscussionController.CreateComment (Oblig2.API)"'
2023-11-28 10:13:08.131 +01:00 [Information] Route matched with "{action = \"CreateComment\", controller = \"Discussion\"}". Executing controller action with signature "System.Threading.Tasks.Task`1[Microsoft.AspNetCore.Mvc.ActionResult`1[Oblig2.API.Models.Comment]] CreateComment(Int32, Oblig2.API.DTO.CreateCommentDto)" on controller "Oblig2.API.Controllers.DiscussionController" ("Oblig2.API").
2023-11-28 10:13:08.135 +01:00 [Information] Acquiring to create a commment initiated by the UserId: 2
2023-11-28 10:13:08.135 +01:00 [Information] Database query initiated: Creating comment with discussion ID: 1
2023-11-28 10:13:08.148 +01:00 [Information] Database creation of comment operation succesfull for Discussion Id: 1 by User 2
2023-11-28 10:13:08.148 +01:00 [Information] Comment created successfully
2023-11-28 10:13:08.149 +01:00 [Information] Executing "ObjectResult", writing value of type '"Oblig2.API.DTO.CommentDto"'.
2023-11-28 10:13:08.149 +01:00 [Information] Executed action "Oblig2.API.Controllers.DiscussionController.CreateComment (Oblig2.API)" in 17.5645ms
2023-11-28 10:13:08.149 +01:00 [Information] Executed endpoint '"Oblig2.API.Controllers.DiscussionController.CreateComment (Oblig2.API)"'
2023-11-28 10:13:08.149 +01:00 [Information] Request finished HTTP/1.1 POST http://localhost:5000/api/discussion/1/CreateComment application/json 52 - 201 - application/json;+charset=utf-8 19.3715ms
2023-11-28 10:13:08.402 +01:00 [Information] Request starting HTTP/1.1 OPTIONS http://localhost:5000/api/discussion/1 - -
2023-11-28 10:13:08.402 +01:00 [Information] CORS policy execution successful.
2023-11-28 10:13:08.402 +01:00 [Information] Request finished HTTP/1.1 OPTIONS http://localhost:5000/api/discussion/1 - - - 204 - - 0.4479ms
2023-11-28 10:13:08.404 +01:00 [Information] Request starting HTTP/1.1 GET http://localhost:5000/api/discussion/1 - -
2023-11-28 10:13:08.405 +01:00 [Information] CORS policy execution successful.
2023-11-28 10:13:08.405 +01:00 [Information] Executing endpoint '"Oblig2.API.Controllers.DiscussionController.GetDiscussion (Oblig2.API)"'
2023-11-28 10:13:08.405 +01:00 [Information] Route matched with "{action = \"GetDiscussion\", controller = \"Discussion\"}". Executing controller action with signature "System.Threading.Tasks.Task`1[Microsoft.AspNetCore.Mvc.ActionResult`1[Oblig2.API.Models.Discussion]] GetDiscussion(Int32)" on controller "Oblig2.API.Controllers.DiscussionController" ("Oblig2.API").
2023-11-28 10:13:08.409 +01:00 [Information] Database query initiated: Fetching discussion with ID: 1
2023-11-28 10:13:08.415 +01:00 [Information] Database get operation succesfull with Id: 1
2023-11-28 10:13:08.416 +01:00 [Information] Executing "OkObjectResult", writing value of type '"Oblig2.API.Models.Discussion"'.
2023-11-28 10:13:08.417 +01:00 [Information] Executed action "Oblig2.API.Controllers.DiscussionController.GetDiscussion (Oblig2.API)" in 11.3667ms
2023-11-28 10:13:08.417 +01:00 [Information] Executed endpoint '"Oblig2.API.Controllers.DiscussionController.GetDiscussion (Oblig2.API)"'
2023-11-28 10:13:08.419 +01:00 [Information] Request finished HTTP/1.1 GET http://localhost:5000/api/discussion/1 - - - 200 - application/json;+charset=utf-8 13.9878ms
2023-11-28 10:34:59.073 +01:00 [Information] Application is shutting down...
