2023-11-25 04:49:28.649 +01:00 [Information] Database query initiated: Register user with username: pavlovicachilleas@gmail.com
2023-11-25 04:49:29.179 +01:00 [Information] Database register operation succesfull with username: pavlovicachilleas@gmail.com
2023-11-25 04:49:29.180 +01:00 [Information] Database query initiated: Register user with username: kincetube30@gmail.com
2023-11-25 04:49:29.192 +01:00 [Information] Database register operation succesfull with username: kincetube30@gmail.com
2023-11-25 04:49:29.192 +01:00 [Information] Database query initiated: Register user with username: lilchilleas@gmail.com
2023-11-25 04:49:29.196 +01:00 [Information] Database register operation succesfull with username: lilchilleas@gmail.com
2023-11-25 04:49:29.680 +01:00 [Information] User profile is available. Using '"C:\Users\pavlo\AppData\Local\ASP.NET\DataProtection-Keys"' as key repository and Windows DPAPI to encrypt keys at rest.
2023-11-25 04:49:29.783 +01:00 [Information] Now listening on: "http://localhost:5000"
2023-11-25 04:49:29.784 +01:00 [Information] Application started. Press Ctrl+C to shut down.
2023-11-25 04:49:29.784 +01:00 [Information] Hosting environment: "Development"
2023-11-25 04:49:29.784 +01:00 [Information] Content root path: "C:\Users\pavlo\Downloads\Oblig-2\Oblig2.API"
2023-11-25 04:49:36.206 +01:00 [Information] Request starting HTTP/1.1 GET http://localhost:5000/api/discussion/1 application/json 68
2023-11-25 04:49:36.433 +01:00 [Information] Failed to validate the token.
Microsoft.IdentityModel.Tokens.SecurityTokenExpiredException: IDX10223: Lifetime validation failed. The token is expired. ValidTo (UTC): '11/23/2023 7:46:57 AM', Current time (UTC): '11/25/2023 3:49:36 AM'.
   at Microsoft.IdentityModel.Tokens.Validators.ValidateLifetime(Nullable`1 notBefore, Nullable`1 expires, SecurityToken securityToken, TokenValidationParameters validationParameters)
   at System.IdentityModel.Tokens.Jwt.JwtSecurityTokenHandler.ValidateLifetime(Nullable`1 notBefore, Nullable`1 expires, JwtSecurityToken jwtToken, TokenValidationParameters validationParameters)
   at System.IdentityModel.Tokens.Jwt.JwtSecurityTokenHandler.ValidateTokenPayload(JwtSecurityToken jwtToken, TokenValidationParameters validationParameters, BaseConfiguration configuration)
   at System.IdentityModel.Tokens.Jwt.JwtSecurityTokenHandler.ValidateJWS(String token, TokenValidationParameters validationParameters, BaseConfiguration currentConfiguration, SecurityToken& signatureValidatedToken, ExceptionDispatchInfo& exceptionThrown)
--- End of stack trace from previous location ---
   at System.IdentityModel.Tokens.Jwt.JwtSecurityTokenHandler.ValidateToken(String token, JwtSecurityToken outerToken, TokenValidationParameters validationParameters, SecurityToken& signatureValidatedToken)
   at System.IdentityModel.Tokens.Jwt.JwtSecurityTokenHandler.ValidateToken(String token, TokenValidationParameters validationParameters, SecurityToken& validatedToken)
   at Microsoft.AspNetCore.Authentication.JwtBearer.JwtBearerHandler.HandleAuthenticateAsync()
2023-11-25 04:49:36.456 +01:00 [Information] "Bearer" was not authenticated. Failure message: "IDX10223: Lifetime validation failed. The token is expired. ValidTo (UTC): '11/23/2023 7:46:57 AM', Current time (UTC): '11/25/2023 3:49:36 AM'."
2023-11-25 04:49:36.471 +01:00 [Warning] Failed to determine the https port for redirect.
2023-11-25 04:49:36.476 +01:00 [Information] Executing endpoint '"Oblig2.API.Controllers.DiscussionController.GetDiscussion (Oblig2.API)"'
2023-11-25 04:49:36.514 +01:00 [Information] Route matched with "{action = \"GetDiscussion\", controller = \"Discussion\"}". Executing controller action with signature "System.Threading.Tasks.Task`1[Microsoft.AspNetCore.Mvc.ActionResult`1[Oblig2.API.Models.Discussion]] GetDiscussion(Int32)" on controller "Oblig2.API.Controllers.DiscussionController" ("Oblig2.API").
2023-11-25 04:49:36.641 +01:00 [Information] Acquiring to get discussion with Id: 1
2023-11-25 04:49:36.647 +01:00 [Information] Database query initiated: Fetching discussion with ID: 1
2023-11-25 04:49:36.901 +01:00 [Warning] Compiling a query which loads related collections for more than one collection navigation, either via 'Include' or through projection, but no 'QuerySplittingBehavior' has been configured. By default, Entity Framework will use 'QuerySplittingBehavior.SingleQuery', which can potentially result in slow query performance. See https://go.microsoft.com/fwlink/?linkid=2134277 for more information. To identify the query that's triggering this warning call 'ConfigureWarnings(w => w.Throw(RelationalEventId.MultipleCollectionIncludeWarning))'.
2023-11-25 04:49:36.976 +01:00 [Information] Database get operation succesfull with Id: 1
2023-11-25 04:49:36.983 +01:00 [Information] Retrieved discussion with Id: 1
2023-11-25 04:49:36.988 +01:00 [Information] Executing "OkObjectResult", writing value of type '"Oblig2.API.Models.Discussion"'.
2023-11-25 04:49:37.066 +01:00 [Information] Executed action "Oblig2.API.Controllers.DiscussionController.GetDiscussion (Oblig2.API)" in 543.0552ms
2023-11-25 04:49:37.067 +01:00 [Information] Executed endpoint '"Oblig2.API.Controllers.DiscussionController.GetDiscussion (Oblig2.API)"'
2023-11-25 04:49:37.074 +01:00 [Information] Request finished HTTP/1.1 GET http://localhost:5000/api/discussion/1 application/json 68 - 200 - application/json;+charset=utf-8 870.7376ms
2023-11-25 04:50:08.356 +01:00 [Information] Application is shutting down...
