2023-11-25 11:27:49.607 +01:00 [Information] Database query initiated: Register user with username: pavlovicachilleas@gmail.com
2023-11-25 11:27:49.934 +01:00 [Information] Database register operation succesfull with username: pavlovicachilleas@gmail.com
2023-11-25 11:27:49.936 +01:00 [Information] Database query initiated: Register user with username: kincetube30@gmail.com
2023-11-25 11:27:49.945 +01:00 [Information] Database register operation succesfull with username: kincetube30@gmail.com
2023-11-25 11:27:49.945 +01:00 [Information] Database query initiated: Register user with username: lilchilleas@gmail.com
2023-11-25 11:27:49.948 +01:00 [Information] Database register operation succesfull with username: lilchilleas@gmail.com
2023-11-25 11:27:50.339 +01:00 [Information] User profile is available. Using '"C:\Users\pavlo\AppData\Local\ASP.NET\DataProtection-Keys"' as key repository and Windows DPAPI to encrypt keys at rest.
2023-11-25 11:27:50.422 +01:00 [Information] Now listening on: "http://localhost:5000"
2023-11-25 11:27:50.422 +01:00 [Information] Application started. Press Ctrl+C to shut down.
2023-11-25 11:27:50.422 +01:00 [Information] Hosting environment: "Development"
2023-11-25 11:27:50.423 +01:00 [Information] Content root path: "C:\Users\pavlo\Downloads\Oblig-2-1\Oblig2.API"
2023-11-25 11:27:55.429 +01:00 [Information] Request starting HTTP/1.1 OPTIONS http://localhost:5000/api/discussion - -
2023-11-25 11:27:55.515 +01:00 [Information] CORS policy execution successful.
2023-11-25 11:27:55.520 +01:00 [Information] Request finished HTTP/1.1 OPTIONS http://localhost:5000/api/discussion - - - 204 - - 93.7274ms
2023-11-25 11:27:55.531 +01:00 [Information] Request starting HTTP/1.1 GET http://localhost:5000/api/discussion - -
2023-11-25 11:27:55.540 +01:00 [Information] CORS policy execution successful.
2023-11-25 11:27:55.692 +01:00 [Warning] Failed to determine the https port for redirect.
2023-11-25 11:27:55.701 +01:00 [Information] Executing endpoint '"Oblig2.API.Controllers.DiscussionController.GetDiscussions (Oblig2.API)"'
2023-11-25 11:27:55.727 +01:00 [Information] Route matched with "{action = \"GetDiscussions\", controller = \"Discussion\"}". Executing controller action with signature "System.Threading.Tasks.Task`1[Microsoft.AspNetCore.Mvc.ActionResult] GetDiscussions()" on controller "Oblig2.API.Controllers.DiscussionController" ("Oblig2.API").
2023-11-25 11:27:55.806 +01:00 [Information] Acquiring to get all discussions
2023-11-25 11:27:55.808 +01:00 [Information] Database query initiated: Fetching all discussions
2023-11-25 11:27:55.873 +01:00 [Information] Database get operation succesfull
2023-11-25 11:27:55.876 +01:00 [Information] Retrieved all discussions | Amount: 2 discussions
2023-11-25 11:27:55.894 +01:00 [Information] Executing "OkObjectResult", writing value of type '"System.Collections.Generic.List`1[[Oblig2.API.DTO.DiscussionDto, Oblig2.API, Version=1.0.0.0, Culture=neutral, PublicKeyToken=null]]"'.
2023-11-25 11:27:55.951 +01:00 [Information] Executed action "Oblig2.API.Controllers.DiscussionController.GetDiscussions (Oblig2.API)" in 216.1723ms
2023-11-25 11:27:55.951 +01:00 [Information] Executed endpoint '"Oblig2.API.Controllers.DiscussionController.GetDiscussions (Oblig2.API)"'
2023-11-25 11:27:55.958 +01:00 [Information] Request finished HTTP/1.1 GET http://localhost:5000/api/discussion - - - 200 - application/json;+charset=utf-8 426.9203ms
2023-11-25 11:27:56.508 +01:00 [Information] Request starting HTTP/1.1 OPTIONS http://localhost:5000/api/discussion/2 - -
2023-11-25 11:27:56.510 +01:00 [Information] CORS policy execution successful.
2023-11-25 11:27:56.511 +01:00 [Information] Request finished HTTP/1.1 OPTIONS http://localhost:5000/api/discussion/2 - - - 204 - - 2.9934ms
2023-11-25 11:27:56.513 +01:00 [Information] Request starting HTTP/1.1 GET http://localhost:5000/api/discussion/2 - -
2023-11-25 11:27:56.514 +01:00 [Information] CORS policy execution successful.
2023-11-25 11:27:56.525 +01:00 [Information] Executing endpoint '"Oblig2.API.Controllers.DiscussionController.GetDiscussion (Oblig2.API)"'
2023-11-25 11:27:56.538 +01:00 [Information] Route matched with "{action = \"GetDiscussion\", controller = \"Discussion\"}". Executing controller action with signature "System.Threading.Tasks.Task`1[Microsoft.AspNetCore.Mvc.ActionResult`1[Oblig2.API.Models.Discussion]] GetDiscussion(Int32)" on controller "Oblig2.API.Controllers.DiscussionController" ("Oblig2.API").
2023-11-25 11:27:56.550 +01:00 [Information] Acquiring to get discussion with Id: 2
2023-11-25 11:27:56.557 +01:00 [Information] Database query initiated: Fetching discussion with ID: 2
2023-11-25 11:27:56.798 +01:00 [Warning] Compiling a query which loads related collections for more than one collection navigation, either via 'Include' or through projection, but no 'QuerySplittingBehavior' has been configured. By default, Entity Framework will use 'QuerySplittingBehavior.SingleQuery', which can potentially result in slow query performance. See https://go.microsoft.com/fwlink/?linkid=2134277 for more information. To identify the query that's triggering this warning call 'ConfigureWarnings(w => w.Throw(RelationalEventId.MultipleCollectionIncludeWarning))'.
2023-11-25 11:27:56.835 +01:00 [Information] Database get operation succesfull with Id: 2
2023-11-25 11:27:56.837 +01:00 [Information] Retrieved discussion with Id: 2
2023-11-25 11:27:56.838 +01:00 [Information] Executing "OkObjectResult", writing value of type '"Oblig2.API.DTO.DiscussionDto"'.
2023-11-25 11:27:56.846 +01:00 [Information] Executed action "Oblig2.API.Controllers.DiscussionController.GetDiscussion (Oblig2.API)" in 306.8717ms
2023-11-25 11:27:56.846 +01:00 [Information] Executed endpoint '"Oblig2.API.Controllers.DiscussionController.GetDiscussion (Oblig2.API)"'
2023-11-25 11:27:56.847 +01:00 [Information] Request finished HTTP/1.1 GET http://localhost:5000/api/discussion/2 - - - 200 - application/json;+charset=utf-8 333.2697ms
2023-11-25 11:27:58.046 +01:00 [Information] Request starting HTTP/1.1 GET http://localhost:5000/api/discussion/2 - -
2023-11-25 11:27:58.046 +01:00 [Information] CORS policy execution successful.
2023-11-25 11:27:58.050 +01:00 [Information] Executing endpoint '"Oblig2.API.Controllers.DiscussionController.GetDiscussion (Oblig2.API)"'
2023-11-25 11:27:58.050 +01:00 [Information] Route matched with "{action = \"GetDiscussion\", controller = \"Discussion\"}". Executing controller action with signature "System.Threading.Tasks.Task`1[Microsoft.AspNetCore.Mvc.ActionResult`1[Oblig2.API.Models.Discussion]] GetDiscussion(Int32)" on controller "Oblig2.API.Controllers.DiscussionController" ("Oblig2.API").
2023-11-25 11:27:58.060 +01:00 [Information] Acquiring to get discussion with Id: 2
2023-11-25 11:27:58.060 +01:00 [Information] Database query initiated: Fetching discussion with ID: 2
2023-11-25 11:27:58.068 +01:00 [Information] Database get operation succesfull with Id: 2
2023-11-25 11:27:58.069 +01:00 [Information] Retrieved discussion with Id: 2
2023-11-25 11:27:58.072 +01:00 [Information] Executing "OkObjectResult", writing value of type '"Oblig2.API.DTO.DiscussionDto"'.
2023-11-25 11:27:58.074 +01:00 [Information] Executed action "Oblig2.API.Controllers.DiscussionController.GetDiscussion (Oblig2.API)" in 23.7055ms
2023-11-25 11:27:58.074 +01:00 [Information] Executed endpoint '"Oblig2.API.Controllers.DiscussionController.GetDiscussion (Oblig2.API)"'
2023-11-25 11:27:58.075 +01:00 [Information] Request finished HTTP/1.1 GET http://localhost:5000/api/discussion/2 - - - 200 - application/json;+charset=utf-8 29.4843ms
2023-11-25 11:28:35.441 +01:00 [Information] Request starting HTTP/1.1 OPTIONS http://localhost:5000/api/discussion/2 - -
2023-11-25 11:28:35.441 +01:00 [Information] CORS policy execution successful.
2023-11-25 11:28:35.441 +01:00 [Information] Request finished HTTP/1.1 OPTIONS http://localhost:5000/api/discussion/2 - - - 204 - - 0.5576ms
2023-11-25 11:28:35.445 +01:00 [Information] Request starting HTTP/1.1 GET http://localhost:5000/api/discussion/2 - -
2023-11-25 11:28:35.446 +01:00 [Information] CORS policy execution successful.
2023-11-25 11:28:35.447 +01:00 [Information] Executing endpoint '"Oblig2.API.Controllers.DiscussionController.GetDiscussion (Oblig2.API)"'
2023-11-25 11:28:35.447 +01:00 [Information] Route matched with "{action = \"GetDiscussion\", controller = \"Discussion\"}". Executing controller action with signature "System.Threading.Tasks.Task`1[Microsoft.AspNetCore.Mvc.ActionResult`1[Oblig2.API.Models.Discussion]] GetDiscussion(Int32)" on controller "Oblig2.API.Controllers.DiscussionController" ("Oblig2.API").
2023-11-25 11:28:35.447 +01:00 [Information] Acquiring to get discussion with Id: 2
2023-11-25 11:28:35.447 +01:00 [Information] Database query initiated: Fetching discussion with ID: 2
2023-11-25 11:28:35.483 +01:00 [Information] Database get operation succesfull with Id: 2
2023-11-25 11:28:35.483 +01:00 [Information] Retrieved discussion with Id: 2
2023-11-25 11:28:35.483 +01:00 [Information] Executing "OkObjectResult", writing value of type '"Oblig2.API.DTO.DiscussionDto"'.
2023-11-25 11:28:35.487 +01:00 [Information] Executed action "Oblig2.API.Controllers.DiscussionController.GetDiscussion (Oblig2.API)" in 39.7085ms
2023-11-25 11:28:35.487 +01:00 [Information] Executed endpoint '"Oblig2.API.Controllers.DiscussionController.GetDiscussion (Oblig2.API)"'
2023-11-25 11:28:35.488 +01:00 [Information] Request finished HTTP/1.1 GET http://localhost:5000/api/discussion/2 - - - 200 - application/json;+charset=utf-8 42.9633ms
2023-11-25 11:28:46.000 +01:00 [Information] Request starting HTTP/1.1 OPTIONS http://localhost:5000/api/discussion/2 - -
2023-11-25 11:28:46.000 +01:00 [Information] CORS policy execution successful.
2023-11-25 11:28:46.000 +01:00 [Information] Request finished HTTP/1.1 OPTIONS http://localhost:5000/api/discussion/2 - - - 204 - - 0.6295ms
2023-11-25 11:28:46.003 +01:00 [Information] Request starting HTTP/1.1 PUT http://localhost:5000/api/discussion/2 application/json 106
2023-11-25 11:28:46.003 +01:00 [Information] CORS policy execution successful.
2023-11-25 11:28:46.011 +01:00 [Information] Executing endpoint '"Oblig2.API.Controllers.DiscussionController.UpdateDiscussion (Oblig2.API)"'
2023-11-25 11:28:46.016 +01:00 [Information] Route matched with "{action = \"UpdateDiscussion\", controller = \"Discussion\"}". Executing controller action with signature "System.Threading.Tasks.Task`1[Microsoft.AspNetCore.Mvc.ActionResult`1[Oblig2.API.Models.Discussion]] UpdateDiscussion(Int32, Oblig2.API.DTO.UpdateDiscussionDto)" on controller "Oblig2.API.Controllers.DiscussionController" ("Oblig2.API").
2023-11-25 11:28:46.044 +01:00 [Information] Executing "BadRequestObjectResult", writing value of type '"Microsoft.AspNetCore.Mvc.ValidationProblemDetails"'.
2023-11-25 11:28:46.046 +01:00 [Information] Executed action "Oblig2.API.Controllers.DiscussionController.UpdateDiscussion (Oblig2.API)" in 29.4157ms
2023-11-25 11:28:46.046 +01:00 [Information] Executed endpoint '"Oblig2.API.Controllers.DiscussionController.UpdateDiscussion (Oblig2.API)"'
2023-11-25 11:28:46.046 +01:00 [Information] Request finished HTTP/1.1 PUT http://localhost:5000/api/discussion/2 application/json 106 - 400 - application/problem+json;+charset=utf-8 43.0668ms
