2023-11-28 10:35:12.773 +01:00 [Information] Database query initiated: Register user with username: pavlovicachilleas@gmail.com
2023-11-28 10:35:13.191 +01:00 [Information] Database register operation succesfull with username: pavlovicachilleas@gmail.com
2023-11-28 10:35:13.191 +01:00 [Information] Database query initiated: Register user with username: kincetube30@gmail.com
2023-11-28 10:35:13.207 +01:00 [Information] Database register operation succesfull with username: kincetube30@gmail.com
2023-11-28 10:35:13.207 +01:00 [Information] Database query initiated: Register user with username: lilchilleas@gmail.com
2023-11-28 10:35:13.212 +01:00 [Information] Database register operation succesfull with username: lilchilleas@gmail.com
2023-11-28 10:35:13.650 +01:00 [Information] User profile is available. Using '"C:\Users\pavlo\AppData\Local\ASP.NET\DataProtection-Keys"' as key repository and Windows DPAPI to encrypt keys at rest.
2023-11-28 10:35:13.725 +01:00 [Information] Now listening on: "http://localhost:5000"
2023-11-28 10:35:13.725 +01:00 [Information] Application started. Press Ctrl+C to shut down.
2023-11-28 10:35:13.725 +01:00 [Information] Hosting environment: "Development"
2023-11-28 10:35:13.726 +01:00 [Information] Content root path: "C:\Users\pavlo\Downloads\Oblig-2\Oblig-2\Oblig2.API"
2023-11-28 10:35:17.534 +01:00 [Information] Request starting HTTP/1.1 OPTIONS http://localhost:5000/api/discussion/1 - -
2023-11-28 10:35:17.597 +01:00 [Information] CORS policy execution successful.
2023-11-28 10:35:17.602 +01:00 [Information] Request finished HTTP/1.1 OPTIONS http://localhost:5000/api/discussion/1 - - - 204 - - 70.5395ms
2023-11-28 10:35:17.611 +01:00 [Information] Request starting HTTP/1.1 GET http://localhost:5000/api/discussion/1 - -
2023-11-28 10:35:17.621 +01:00 [Information] CORS policy execution successful.
2023-11-28 10:35:17.757 +01:00 [Warning] Failed to determine the https port for redirect.
2023-11-28 10:35:17.762 +01:00 [Information] Executing endpoint '"Oblig2.API.Controllers.DiscussionController.GetDiscussion (Oblig2.API)"'
2023-11-28 10:35:17.790 +01:00 [Information] Route matched with "{action = \"GetDiscussion\", controller = \"Discussion\"}". Executing controller action with signature "System.Threading.Tasks.Task`1[Microsoft.AspNetCore.Mvc.ActionResult`1[Oblig2.API.DTO.DiscussionDto]] GetDiscussion(Int32)" on controller "Oblig2.API.Controllers.DiscussionController" ("Oblig2.API").
2023-11-28 10:35:17.872 +01:00 [Information] Database query initiated: Fetching discussion with ID: 1
2023-11-28 10:35:18.085 +01:00 [Warning] Compiling a query which loads related collections for more than one collection navigation, either via 'Include' or through projection, but no 'QuerySplittingBehavior' has been configured. By default, Entity Framework will use 'QuerySplittingBehavior.SingleQuery', which can potentially result in slow query performance. See https://go.microsoft.com/fwlink/?linkid=2134277 for more information. To identify the query that's triggering this warning call 'ConfigureWarnings(w => w.Throw(RelationalEventId.MultipleCollectionIncludeWarning))'.
2023-11-28 10:35:18.154 +01:00 [Information] Database get operation succesfull with Id: 1
2023-11-28 10:35:18.169 +01:00 [Information] Executing "OkObjectResult", writing value of type '"Oblig2.API.DTO.DiscussionDto"'.
2023-11-28 10:35:18.237 +01:00 [Information] Executed action "Oblig2.API.Controllers.DiscussionController.GetDiscussion (Oblig2.API)" in 439.3414ms
2023-11-28 10:35:18.237 +01:00 [Information] Executed endpoint '"Oblig2.API.Controllers.DiscussionController.GetDiscussion (Oblig2.API)"'
2023-11-28 10:35:18.245 +01:00 [Information] Request finished HTTP/1.1 GET http://localhost:5000/api/discussion/1 - - - 200 - application/json;+charset=utf-8 633.7599ms
2023-11-28 10:35:21.114 +01:00 [Information] Request starting HTTP/1.1 OPTIONS http://localhost:5000/api/discussion/1/CreateComment - -
2023-11-28 10:35:21.115 +01:00 [Information] CORS policy execution successful.
2023-11-28 10:35:21.116 +01:00 [Information] Request finished HTTP/1.1 OPTIONS http://localhost:5000/api/discussion/1/CreateComment - - - 204 - - 1.8900ms
2023-11-28 10:35:21.117 +01:00 [Information] Request starting HTTP/1.1 POST http://localhost:5000/api/discussion/1/CreateComment application/json 52
2023-11-28 10:35:21.118 +01:00 [Information] CORS policy execution successful.
2023-11-28 10:35:21.131 +01:00 [Information] Executing endpoint '"Oblig2.API.Controllers.DiscussionController.CreateComment (Oblig2.API)"'
2023-11-28 10:35:21.139 +01:00 [Information] Route matched with "{action = \"CreateComment\", controller = \"Discussion\"}". Executing controller action with signature "System.Threading.Tasks.Task`1[Microsoft.AspNetCore.Mvc.ActionResult`1[Oblig2.API.Models.Comment]] CreateComment(Int32, Oblig2.API.DTO.CreateCommentDto)" on controller "Oblig2.API.Controllers.DiscussionController" ("Oblig2.API").
2023-11-28 10:35:21.170 +01:00 [Information] Acquiring to create a commment initiated by the UserId: 2
2023-11-28 10:35:21.175 +01:00 [Information] Database query initiated: Creating comment with discussion ID: 1
2023-11-28 10:35:21.301 +01:00 [Information] Database creation of comment operation succesfull for Discussion Id: 1 by User 2
2023-11-28 10:35:21.301 +01:00 [Information] Comment created successfully
2023-11-28 10:35:21.303 +01:00 [Information] Executing "ObjectResult", writing value of type '"Oblig2.API.DTO.CommentDto"'.
2023-11-28 10:35:21.305 +01:00 [Information] Executed action "Oblig2.API.Controllers.DiscussionController.CreateComment (Oblig2.API)" in 165.093ms
2023-11-28 10:35:21.305 +01:00 [Information] Executed endpoint '"Oblig2.API.Controllers.DiscussionController.CreateComment (Oblig2.API)"'
2023-11-28 10:35:21.306 +01:00 [Information] Request finished HTTP/1.1 POST http://localhost:5000/api/discussion/1/CreateComment application/json 52 - 201 - application/json;+charset=utf-8 188.3095ms
2023-11-28 10:35:21.585 +01:00 [Information] Request starting HTTP/1.1 GET http://localhost:5000/api/discussion/1 - -
2023-11-28 10:35:21.585 +01:00 [Information] CORS policy execution successful.
2023-11-28 10:35:21.592 +01:00 [Information] Executing endpoint '"Oblig2.API.Controllers.DiscussionController.GetDiscussion (Oblig2.API)"'
2023-11-28 10:35:21.592 +01:00 [Information] Route matched with "{action = \"GetDiscussion\", controller = \"Discussion\"}". Executing controller action with signature "System.Threading.Tasks.Task`1[Microsoft.AspNetCore.Mvc.ActionResult`1[Oblig2.API.DTO.DiscussionDto]] GetDiscussion(Int32)" on controller "Oblig2.API.Controllers.DiscussionController" ("Oblig2.API").
2023-11-28 10:35:21.597 +01:00 [Information] Database query initiated: Fetching discussion with ID: 1
2023-11-28 10:35:21.620 +01:00 [Information] Database get operation succesfull with Id: 1
2023-11-28 10:35:21.625 +01:00 [Information] Executing "OkObjectResult", writing value of type '"Oblig2.API.DTO.DiscussionDto"'.
2023-11-28 10:35:21.628 +01:00 [Information] Executed action "Oblig2.API.Controllers.DiscussionController.GetDiscussion (Oblig2.API)" in 35.6692ms
2023-11-28 10:35:21.628 +01:00 [Information] Executed endpoint '"Oblig2.API.Controllers.DiscussionController.GetDiscussion (Oblig2.API)"'
2023-11-28 10:35:21.629 +01:00 [Information] Request finished HTTP/1.1 GET http://localhost:5000/api/discussion/1 - - - 200 - application/json;+charset=utf-8 44.0950ms
2023-11-28 10:35:23.777 +01:00 [Information] Request starting HTTP/1.1 POST http://localhost:5000/api/discussion/1/CreateComment application/json 52
2023-11-28 10:35:23.777 +01:00 [Information] CORS policy execution successful.
2023-11-28 10:35:23.779 +01:00 [Information] Executing endpoint '"Oblig2.API.Controllers.DiscussionController.CreateComment (Oblig2.API)"'
2023-11-28 10:35:23.779 +01:00 [Information] Route matched with "{action = \"CreateComment\", controller = \"Discussion\"}". Executing controller action with signature "System.Threading.Tasks.Task`1[Microsoft.AspNetCore.Mvc.ActionResult`1[Oblig2.API.Models.Comment]] CreateComment(Int32, Oblig2.API.DTO.CreateCommentDto)" on controller "Oblig2.API.Controllers.DiscussionController" ("Oblig2.API").
2023-11-28 10:35:23.781 +01:00 [Information] Acquiring to create a commment initiated by the UserId: 2
2023-11-28 10:35:23.781 +01:00 [Information] Database query initiated: Creating comment with discussion ID: 1
2023-11-28 10:35:23.797 +01:00 [Information] Database creation of comment operation succesfull for Discussion Id: 1 by User 2
2023-11-28 10:35:23.797 +01:00 [Information] Comment created successfully
2023-11-28 10:35:23.797 +01:00 [Information] Executing "ObjectResult", writing value of type '"Oblig2.API.DTO.CommentDto"'.
2023-11-28 10:35:23.798 +01:00 [Information] Executed action "Oblig2.API.Controllers.DiscussionController.CreateComment (Oblig2.API)" in 18.5075ms
2023-11-28 10:35:23.798 +01:00 [Information] Executed endpoint '"Oblig2.API.Controllers.DiscussionController.CreateComment (Oblig2.API)"'
2023-11-28 10:35:23.798 +01:00 [Information] Request finished HTTP/1.1 POST http://localhost:5000/api/discussion/1/CreateComment application/json 52 - 201 - application/json;+charset=utf-8 21.0639ms
2023-11-28 10:35:24.050 +01:00 [Information] Request starting HTTP/1.1 OPTIONS http://localhost:5000/api/discussion/1 - -
2023-11-28 10:35:24.050 +01:00 [Information] CORS policy execution successful.
2023-11-28 10:35:24.050 +01:00 [Information] Request finished HTTP/1.1 OPTIONS http://localhost:5000/api/discussion/1 - - - 204 - - 0.4335ms
2023-11-28 10:35:24.054 +01:00 [Information] Request starting HTTP/1.1 GET http://localhost:5000/api/discussion/1 - -
2023-11-28 10:35:24.055 +01:00 [Information] CORS policy execution successful.
2023-11-28 10:35:24.055 +01:00 [Information] Executing endpoint '"Oblig2.API.Controllers.DiscussionController.GetDiscussion (Oblig2.API)"'
2023-11-28 10:35:24.056 +01:00 [Information] Route matched with "{action = \"GetDiscussion\", controller = \"Discussion\"}". Executing controller action with signature "System.Threading.Tasks.Task`1[Microsoft.AspNetCore.Mvc.ActionResult`1[Oblig2.API.DTO.DiscussionDto]] GetDiscussion(Int32)" on controller "Oblig2.API.Controllers.DiscussionController" ("Oblig2.API").
2023-11-28 10:35:24.056 +01:00 [Information] Database query initiated: Fetching discussion with ID: 1
2023-11-28 10:35:24.065 +01:00 [Information] Database get operation succesfull with Id: 1
2023-11-28 10:35:24.065 +01:00 [Information] Executing "OkObjectResult", writing value of type '"Oblig2.API.DTO.DiscussionDto"'.
2023-11-28 10:35:24.066 +01:00 [Information] Executed action "Oblig2.API.Controllers.DiscussionController.GetDiscussion (Oblig2.API)" in 9.8081ms
2023-11-28 10:35:24.066 +01:00 [Information] Executed endpoint '"Oblig2.API.Controllers.DiscussionController.GetDiscussion (Oblig2.API)"'
2023-11-28 10:35:24.066 +01:00 [Information] Request finished HTTP/1.1 GET http://localhost:5000/api/discussion/1 - - - 200 - application/json;+charset=utf-8 12.3581ms
2023-11-28 10:35:26.620 +01:00 [Information] Request starting HTTP/1.1 OPTIONS http://localhost:5000/api/discussion/1/CreateComment - -
2023-11-28 10:35:26.620 +01:00 [Information] CORS policy execution successful.
2023-11-28 10:35:26.620 +01:00 [Information] Request finished HTTP/1.1 OPTIONS http://localhost:5000/api/discussion/1/CreateComment - - - 204 - - 0.5859ms
2023-11-28 10:35:26.622 +01:00 [Information] Request starting HTTP/1.1 POST http://localhost:5000/api/discussion/1/CreateComment application/json 52
2023-11-28 10:35:26.622 +01:00 [Information] CORS policy execution successful.
2023-11-28 10:35:26.623 +01:00 [Information] Executing endpoint '"Oblig2.API.Controllers.DiscussionController.CreateComment (Oblig2.API)"'
2023-11-28 10:35:26.623 +01:00 [Information] Route matched with "{action = \"CreateComment\", controller = \"Discussion\"}". Executing controller action with signature "System.Threading.Tasks.Task`1[Microsoft.AspNetCore.Mvc.ActionResult`1[Oblig2.API.Models.Comment]] CreateComment(Int32, Oblig2.API.DTO.CreateCommentDto)" on controller "Oblig2.API.Controllers.DiscussionController" ("Oblig2.API").
2023-11-28 10:35:26.624 +01:00 [Information] Acquiring to create a commment initiated by the UserId: 2
2023-11-28 10:35:26.624 +01:00 [Information] Database query initiated: Creating comment with discussion ID: 1
2023-11-28 10:35:26.642 +01:00 [Information] Database creation of comment operation succesfull for Discussion Id: 1 by User 2
2023-11-28 10:35:26.643 +01:00 [Information] Comment created successfully
2023-11-28 10:35:26.644 +01:00 [Information] Executing "ObjectResult", writing value of type '"Oblig2.API.DTO.CommentDto"'.
2023-11-28 10:35:26.644 +01:00 [Information] Executed action "Oblig2.API.Controllers.DiscussionController.CreateComment (Oblig2.API)" in 20.8585ms
2023-11-28 10:35:26.644 +01:00 [Information] Executed endpoint '"Oblig2.API.Controllers.DiscussionController.CreateComment (Oblig2.API)"'
2023-11-28 10:35:26.645 +01:00 [Information] Request finished HTTP/1.1 POST http://localhost:5000/api/discussion/1/CreateComment application/json 52 - 201 - application/json;+charset=utf-8 22.2738ms
2023-11-28 10:35:26.870 +01:00 [Information] Request starting HTTP/1.1 GET http://localhost:5000/api/discussion/1 - -
2023-11-28 10:35:26.870 +01:00 [Information] CORS policy execution successful.
2023-11-28 10:35:26.870 +01:00 [Information] Executing endpoint '"Oblig2.API.Controllers.DiscussionController.GetDiscussion (Oblig2.API)"'
2023-11-28 10:35:26.871 +01:00 [Information] Route matched with "{action = \"GetDiscussion\", controller = \"Discussion\"}". Executing controller action with signature "System.Threading.Tasks.Task`1[Microsoft.AspNetCore.Mvc.ActionResult`1[Oblig2.API.DTO.DiscussionDto]] GetDiscussion(Int32)" on controller "Oblig2.API.Controllers.DiscussionController" ("Oblig2.API").
2023-11-28 10:35:26.871 +01:00 [Information] Database query initiated: Fetching discussion with ID: 1
2023-11-28 10:35:26.904 +01:00 [Information] Database get operation succesfull with Id: 1
2023-11-28 10:35:26.905 +01:00 [Information] Executing "OkObjectResult", writing value of type '"Oblig2.API.DTO.DiscussionDto"'.
2023-11-28 10:35:26.907 +01:00 [Information] Executed action "Oblig2.API.Controllers.DiscussionController.GetDiscussion (Oblig2.API)" in 36.3088ms
2023-11-28 10:35:26.907 +01:00 [Information] Executed endpoint '"Oblig2.API.Controllers.DiscussionController.GetDiscussion (Oblig2.API)"'
2023-11-28 10:35:26.908 +01:00 [Information] Request finished HTTP/1.1 GET http://localhost:5000/api/discussion/1 - - - 200 - application/json;+charset=utf-8 38.8329ms
