2023-11-25 05:20:28.837 +01:00 [Information] Database query initiated: Register user with username: pavlovicachilleas@gmail.com
2023-11-25 05:20:29.400 +01:00 [Information] Database register operation succesfull with username: pavlovicachilleas@gmail.com
2023-11-25 05:20:29.401 +01:00 [Information] Database query initiated: Register user with username: kincetube30@gmail.com
2023-11-25 05:20:29.418 +01:00 [Information] Database register operation succesfull with username: kincetube30@gmail.com
2023-11-25 05:20:29.418 +01:00 [Information] Database query initiated: Register user with username: lilchilleas@gmail.com
2023-11-25 05:20:29.424 +01:00 [Information] Database register operation succesfull with username: lilchilleas@gmail.com
2023-11-25 05:20:30.024 +01:00 [Information] User profile is available. Using '"C:\Users\pavlo\AppData\Local\ASP.NET\DataProtection-Keys"' as key repository and Windows DPAPI to encrypt keys at rest.
2023-11-25 05:20:30.140 +01:00 [Information] Now listening on: "http://localhost:5000"
2023-11-25 05:20:30.140 +01:00 [Information] Application started. Press Ctrl+C to shut down.
2023-11-25 05:20:30.141 +01:00 [Information] Hosting environment: "Development"
2023-11-25 05:20:30.141 +01:00 [Information] Content root path: "C:\Users\pavlo\Downloads\Oblig-2\Oblig2.API"
2023-11-25 05:20:49.205 +01:00 [Information] Request starting HTTP/1.1 OPTIONS http://localhost:5000/api/discussion/1 - -
2023-11-25 05:20:49.329 +01:00 [Information] CORS policy execution successful.
2023-11-25 05:20:49.334 +01:00 [Information] Request finished HTTP/1.1 OPTIONS http://localhost:5000/api/discussion/1 - - - 204 - - 135.0386ms
2023-11-25 05:20:49.347 +01:00 [Information] Request starting HTTP/1.1 GET http://localhost:5000/api/discussion/1 - -
2023-11-25 05:20:49.361 +01:00 [Information] CORS policy execution successful.
2023-11-25 05:20:49.616 +01:00 [Warning] Failed to determine the https port for redirect.
2023-11-25 05:20:49.623 +01:00 [Information] Executing endpoint '"Oblig2.API.Controllers.DiscussionController.GetDiscussion (Oblig2.API)"'
2023-11-25 05:20:49.668 +01:00 [Information] Route matched with "{action = \"GetDiscussion\", controller = \"Discussion\"}". Executing controller action with signature "System.Threading.Tasks.Task`1[Microsoft.AspNetCore.Mvc.ActionResult`1[Oblig2.API.Models.Discussion]] GetDiscussion(Int32)" on controller "Oblig2.API.Controllers.DiscussionController" ("Oblig2.API").
2023-11-25 05:20:49.833 +01:00 [Information] Acquiring to get discussion with Id: 1
2023-11-25 05:20:49.838 +01:00 [Information] Database query initiated: Fetching discussion with ID: 1
2023-11-25 05:20:50.069 +01:00 [Warning] Compiling a query which loads related collections for more than one collection navigation, either via 'Include' or through projection, but no 'QuerySplittingBehavior' has been configured. By default, Entity Framework will use 'QuerySplittingBehavior.SingleQuery', which can potentially result in slow query performance. See https://go.microsoft.com/fwlink/?linkid=2134277 for more information. To identify the query that's triggering this warning call 'ConfigureWarnings(w => w.Throw(RelationalEventId.MultipleCollectionIncludeWarning))'.
2023-11-25 05:20:50.151 +01:00 [Information] Database get operation succesfull with Id: 1
2023-11-25 05:20:50.157 +01:00 [Information] Retrieved discussion with Id: 1
2023-11-25 05:20:50.169 +01:00 [Information] Executing "OkObjectResult", writing value of type '"Oblig2.API.DTO.DiscussionDto"'.
2023-11-25 05:20:50.268 +01:00 [Information] Executed action "Oblig2.API.Controllers.DiscussionController.GetDiscussion (Oblig2.API)" in 589.3249ms
2023-11-25 05:20:50.268 +01:00 [Information] Executed endpoint '"Oblig2.API.Controllers.DiscussionController.GetDiscussion (Oblig2.API)"'
2023-11-25 05:20:50.289 +01:00 [Information] Request finished HTTP/1.1 GET http://localhost:5000/api/discussion/1 - - - 200 - application/json;+charset=utf-8 941.4974ms
2023-11-25 05:21:02.236 +01:00 [Information] Request starting HTTP/1.1 OPTIONS http://localhost:5000/api/discussion/1/CreateComment - -
2023-11-25 05:21:02.238 +01:00 [Information] CORS policy execution successful.
2023-11-25 05:21:02.239 +01:00 [Information] Request finished HTTP/1.1 OPTIONS http://localhost:5000/api/discussion/1/CreateComment - - - 204 - - 2.7299ms
2023-11-25 05:21:02.241 +01:00 [Information] Request starting HTTP/1.1 POST http://localhost:5000/api/discussion/1/CreateComment application/json 55
2023-11-25 05:21:02.242 +01:00 [Information] CORS policy execution successful.
2023-11-25 05:21:02.257 +01:00 [Information] Executing endpoint '"Oblig2.API.Controllers.DiscussionController.CreateComment (Oblig2.API)"'
2023-11-25 05:21:02.270 +01:00 [Information] Route matched with "{action = \"CreateComment\", controller = \"Discussion\"}". Executing controller action with signature "System.Threading.Tasks.Task`1[Microsoft.AspNetCore.Mvc.ActionResult`1[Oblig2.API.Models.Comment]] CreateComment(Int32, Oblig2.API.DTO.CreateCommentDto)" on controller "Oblig2.API.Controllers.DiscussionController" ("Oblig2.API").
2023-11-25 05:21:02.313 +01:00 [Information] Acquiring to create a commment initiated by the UserId: 2
2023-11-25 05:21:02.318 +01:00 [Information] Database query initiated: Creating comment with discussion ID: 1
2023-11-25 05:21:02.445 +01:00 [Information] Database creation of comment operation succesfull for Discussion Id: 1 by User 2
2023-11-25 05:21:02.446 +01:00 [Information] Comment created successfully
2023-11-25 05:21:02.449 +01:00 [Information] Executing "ObjectResult", writing value of type '"Oblig2.API.DTO.CommentDto"'.
2023-11-25 05:21:02.451 +01:00 [Information] Executed action "Oblig2.API.Controllers.DiscussionController.CreateComment (Oblig2.API)" in 180.5455ms
2023-11-25 05:21:02.451 +01:00 [Information] Executed endpoint '"Oblig2.API.Controllers.DiscussionController.CreateComment (Oblig2.API)"'
2023-11-25 05:21:02.452 +01:00 [Information] Request finished HTTP/1.1 POST http://localhost:5000/api/discussion/1/CreateComment application/json 55 - 201 - application/json;+charset=utf-8 210.7849ms
2023-11-25 05:21:03.437 +01:00 [Information] Request starting HTTP/1.1 OPTIONS http://localhost:5000/api/discussion/1 - -
2023-11-25 05:21:03.438 +01:00 [Information] CORS policy execution successful.
2023-11-25 05:21:03.438 +01:00 [Information] Request finished HTTP/1.1 OPTIONS http://localhost:5000/api/discussion/1 - - - 204 - - 0.5553ms
2023-11-25 05:21:03.440 +01:00 [Information] Request starting HTTP/1.1 GET http://localhost:5000/api/discussion/1 - -
2023-11-25 05:21:03.441 +01:00 [Information] CORS policy execution successful.
2023-11-25 05:21:03.444 +01:00 [Information] Executing endpoint '"Oblig2.API.Controllers.DiscussionController.GetDiscussion (Oblig2.API)"'
2023-11-25 05:21:03.445 +01:00 [Information] Route matched with "{action = \"GetDiscussion\", controller = \"Discussion\"}". Executing controller action with signature "System.Threading.Tasks.Task`1[Microsoft.AspNetCore.Mvc.ActionResult`1[Oblig2.API.Models.Discussion]] GetDiscussion(Int32)" on controller "Oblig2.API.Controllers.DiscussionController" ("Oblig2.API").
2023-11-25 05:21:03.453 +01:00 [Information] Acquiring to get discussion with Id: 1
2023-11-25 05:21:03.454 +01:00 [Information] Database query initiated: Fetching discussion with ID: 1
2023-11-25 05:21:03.544 +01:00 [Information] Database get operation succesfull with Id: 1
2023-11-25 05:21:03.544 +01:00 [Information] Retrieved discussion with Id: 1
2023-11-25 05:21:03.544 +01:00 [Information] Executing "OkObjectResult", writing value of type '"Oblig2.API.DTO.DiscussionDto"'.
2023-11-25 05:21:03.545 +01:00 [Information] Executed action "Oblig2.API.Controllers.DiscussionController.GetDiscussion (Oblig2.API)" in 100.0841ms
2023-11-25 05:21:03.545 +01:00 [Information] Executed endpoint '"Oblig2.API.Controllers.DiscussionController.GetDiscussion (Oblig2.API)"'
2023-11-25 05:21:03.545 +01:00 [Information] Request finished HTTP/1.1 GET http://localhost:5000/api/discussion/1 - - - 200 - application/json;+charset=utf-8 104.9050ms
2023-11-25 05:21:06.509 +01:00 [Information] Request starting HTTP/1.1 POST http://localhost:5000/api/discussion/1/CreateComment application/json 52
2023-11-25 05:21:06.510 +01:00 [Information] CORS policy execution successful.
2023-11-25 05:21:06.511 +01:00 [Information] Executing endpoint '"Oblig2.API.Controllers.DiscussionController.CreateComment (Oblig2.API)"'
2023-11-25 05:21:06.511 +01:00 [Information] Route matched with "{action = \"CreateComment\", controller = \"Discussion\"}". Executing controller action with signature "System.Threading.Tasks.Task`1[Microsoft.AspNetCore.Mvc.ActionResult`1[Oblig2.API.Models.Comment]] CreateComment(Int32, Oblig2.API.DTO.CreateCommentDto)" on controller "Oblig2.API.Controllers.DiscussionController" ("Oblig2.API").
2023-11-25 05:21:06.514 +01:00 [Information] Acquiring to create a commment initiated by the UserId: 2
2023-11-25 05:21:06.515 +01:00 [Information] Database query initiated: Creating comment with discussion ID: 1
2023-11-25 05:21:06.568 +01:00 [Information] Database creation of comment operation succesfull for Discussion Id: 1 by User 2
2023-11-25 05:21:06.568 +01:00 [Information] Comment created successfully
2023-11-25 05:21:06.569 +01:00 [Information] Executing "ObjectResult", writing value of type '"Oblig2.API.DTO.CommentDto"'.
2023-11-25 05:21:06.572 +01:00 [Information] Executed action "Oblig2.API.Controllers.DiscussionController.CreateComment (Oblig2.API)" in 60.7931ms
2023-11-25 05:21:06.573 +01:00 [Information] Executed endpoint '"Oblig2.API.Controllers.DiscussionController.CreateComment (Oblig2.API)"'
2023-11-25 05:21:06.573 +01:00 [Information] Request finished HTTP/1.1 POST http://localhost:5000/api/discussion/1/CreateComment application/json 52 - 201 - application/json;+charset=utf-8 63.7853ms
2023-11-25 05:21:07.121 +01:00 [Information] Request starting HTTP/1.1 GET http://localhost:5000/api/discussion/1 - -
2023-11-25 05:21:07.121 +01:00 [Information] CORS policy execution successful.
2023-11-25 05:21:07.132 +01:00 [Information] Executing endpoint '"Oblig2.API.Controllers.DiscussionController.GetDiscussion (Oblig2.API)"'
2023-11-25 05:21:07.132 +01:00 [Information] Route matched with "{action = \"GetDiscussion\", controller = \"Discussion\"}". Executing controller action with signature "System.Threading.Tasks.Task`1[Microsoft.AspNetCore.Mvc.ActionResult`1[Oblig2.API.Models.Discussion]] GetDiscussion(Int32)" on controller "Oblig2.API.Controllers.DiscussionController" ("Oblig2.API").
2023-11-25 05:21:07.137 +01:00 [Information] Acquiring to get discussion with Id: 1
2023-11-25 05:21:07.138 +01:00 [Information] Database query initiated: Fetching discussion with ID: 1
2023-11-25 05:21:07.147 +01:00 [Information] Database get operation succesfull with Id: 1
2023-11-25 05:21:07.147 +01:00 [Information] Retrieved discussion with Id: 1
2023-11-25 05:21:07.149 +01:00 [Information] Executing "OkObjectResult", writing value of type '"Oblig2.API.DTO.DiscussionDto"'.
2023-11-25 05:21:07.149 +01:00 [Information] Executed action "Oblig2.API.Controllers.DiscussionController.GetDiscussion (Oblig2.API)" in 16.8029ms
2023-11-25 05:21:07.149 +01:00 [Information] Executed endpoint '"Oblig2.API.Controllers.DiscussionController.GetDiscussion (Oblig2.API)"'
2023-11-25 05:21:07.150 +01:00 [Information] Request finished HTTP/1.1 GET http://localhost:5000/api/discussion/1 - - - 200 - application/json;+charset=utf-8 28.8719ms
2023-11-25 05:21:11.094 +01:00 [Information] Request starting HTTP/1.1 OPTIONS http://localhost:5000/api/discussion/1/CreateComment - -
2023-11-25 05:21:11.094 +01:00 [Information] CORS policy execution successful.
2023-11-25 05:21:11.096 +01:00 [Information] Request finished HTTP/1.1 OPTIONS http://localhost:5000/api/discussion/1/CreateComment - - - 204 - - 1.7821ms
2023-11-25 05:21:11.097 +01:00 [Information] Request starting HTTP/1.1 POST http://localhost:5000/api/discussion/1/CreateComment application/json 52
2023-11-25 05:21:11.097 +01:00 [Information] CORS policy execution successful.
2023-11-25 05:21:11.098 +01:00 [Information] Executing endpoint '"Oblig2.API.Controllers.DiscussionController.CreateComment (Oblig2.API)"'
2023-11-25 05:21:11.098 +01:00 [Information] Route matched with "{action = \"CreateComment\", controller = \"Discussion\"}". Executing controller action with signature "System.Threading.Tasks.Task`1[Microsoft.AspNetCore.Mvc.ActionResult`1[Oblig2.API.Models.Comment]] CreateComment(Int32, Oblig2.API.DTO.CreateCommentDto)" on controller "Oblig2.API.Controllers.DiscussionController" ("Oblig2.API").
2023-11-25 05:21:11.099 +01:00 [Information] Acquiring to create a commment initiated by the UserId: 2
2023-11-25 05:21:11.099 +01:00 [Information] Database query initiated: Creating comment with discussion ID: 1
2023-11-25 05:21:11.115 +01:00 [Information] Database creation of comment operation succesfull for Discussion Id: 1 by User 2
2023-11-25 05:21:11.115 +01:00 [Information] Comment created successfully
2023-11-25 05:21:11.115 +01:00 [Information] Executing "ObjectResult", writing value of type '"Oblig2.API.DTO.CommentDto"'.
2023-11-25 05:21:11.116 +01:00 [Information] Executed action "Oblig2.API.Controllers.DiscussionController.CreateComment (Oblig2.API)" in 17.3865ms
2023-11-25 05:21:11.116 +01:00 [Information] Executed endpoint '"Oblig2.API.Controllers.DiscussionController.CreateComment (Oblig2.API)"'
2023-11-25 05:21:11.116 +01:00 [Information] Request finished HTTP/1.1 POST http://localhost:5000/api/discussion/1/CreateComment application/json 52 - 201 - application/json;+charset=utf-8 18.9647ms
2023-11-25 05:21:11.728 +01:00 [Information] Request starting HTTP/1.1 OPTIONS http://localhost:5000/api/discussion/1 - -
2023-11-25 05:21:11.728 +01:00 [Information] CORS policy execution successful.
2023-11-25 05:21:11.728 +01:00 [Information] Request finished HTTP/1.1 OPTIONS http://localhost:5000/api/discussion/1 - - - 204 - - 1.0670ms
2023-11-25 05:21:11.744 +01:00 [Information] Request starting HTTP/1.1 GET http://localhost:5000/api/discussion/1 - -
2023-11-25 05:21:11.745 +01:00 [Information] CORS policy execution successful.
2023-11-25 05:21:11.745 +01:00 [Information] Executing endpoint '"Oblig2.API.Controllers.DiscussionController.GetDiscussion (Oblig2.API)"'
2023-11-25 05:21:11.745 +01:00 [Information] Route matched with "{action = \"GetDiscussion\", controller = \"Discussion\"}". Executing controller action with signature "System.Threading.Tasks.Task`1[Microsoft.AspNetCore.Mvc.ActionResult`1[Oblig2.API.Models.Discussion]] GetDiscussion(Int32)" on controller "Oblig2.API.Controllers.DiscussionController" ("Oblig2.API").
2023-11-25 05:21:11.746 +01:00 [Information] Acquiring to get discussion with Id: 1
2023-11-25 05:21:11.747 +01:00 [Information] Database query initiated: Fetching discussion with ID: 1
2023-11-25 05:21:11.757 +01:00 [Information] Database get operation succesfull with Id: 1
2023-11-25 05:21:11.757 +01:00 [Information] Retrieved discussion with Id: 1
2023-11-25 05:21:11.758 +01:00 [Information] Executing "OkObjectResult", writing value of type '"Oblig2.API.DTO.DiscussionDto"'.
2023-11-25 05:21:11.758 +01:00 [Information] Executed action "Oblig2.API.Controllers.DiscussionController.GetDiscussion (Oblig2.API)" in 12.8671ms
2023-11-25 05:21:11.758 +01:00 [Information] Executed endpoint '"Oblig2.API.Controllers.DiscussionController.GetDiscussion (Oblig2.API)"'
2023-11-25 05:21:11.759 +01:00 [Information] Request finished HTTP/1.1 GET http://localhost:5000/api/discussion/1 - - - 200 - application/json;+charset=utf-8 14.2085ms
2023-11-25 05:27:06.885 +01:00 [Information] Application is shutting down...
