2023-11-28 23:51:42.064 +01:00 [Information] Database query initiated: Register user with username: pavlovicachilleas@gmail.com
2023-11-28 23:51:42.695 +01:00 [Information] Database register operation succesfull with username: pavlovicachilleas@gmail.com
2023-11-28 23:51:42.696 +01:00 [Information] Database query initiated: Register user with username: kincetube30@gmail.com
2023-11-28 23:51:42.717 +01:00 [Information] Database register operation succesfull with username: kincetube30@gmail.com
2023-11-28 23:51:42.718 +01:00 [Information] Database query initiated: Register user with username: lilchilleas@gmail.com
2023-11-28 23:51:42.725 +01:00 [Information] Database register operation succesfull with username: lilchilleas@gmail.com
2023-11-28 23:51:43.460 +01:00 [Information] User profile is available. Using '"C:\Users\pavlo\AppData\Local\ASP.NET\DataProtection-Keys"' as key repository and Windows DPAPI to encrypt keys at rest.
2023-11-28 23:51:43.580 +01:00 [Information] Now listening on: "http://localhost:5000"
2023-11-28 23:51:43.581 +01:00 [Information] Application started. Press Ctrl+C to shut down.
2023-11-28 23:51:43.582 +01:00 [Information] Hosting environment: "Development"
2023-11-28 23:51:43.583 +01:00 [Information] Content root path: "C:\Users\pavlo\Downloads\Oblig-2\Oblig-2\Oblig2.API"
2023-11-28 23:51:55.863 +01:00 [Information] Request starting HTTP/1.1 GET http://localhost:5000/api/discussion - -
2023-11-28 23:51:55.973 +01:00 [Information] CORS policy execution successful.
2023-11-28 23:51:56.028 +01:00 [Warning] Failed to determine the https port for redirect.
2023-11-28 23:51:56.032 +01:00 [Information] Executing endpoint '"Oblig2.API.Controllers.DiscussionController.GetDiscussions (Oblig2.API)"'
2023-11-28 23:51:56.053 +01:00 [Information] Route matched with "{action = \"GetDiscussions\", controller = \"Discussion\"}". Executing controller action with signature "System.Threading.Tasks.Task`1[Microsoft.AspNetCore.Mvc.ActionResult] GetDiscussions()" on controller "Oblig2.API.Controllers.DiscussionController" ("Oblig2.API").
2023-11-28 23:51:56.067 +01:00 [Information] Executed action "Oblig2.API.Controllers.DiscussionController.GetDiscussions (Oblig2.API)" in 7.9729ms
2023-11-28 23:51:56.068 +01:00 [Information] Executed endpoint '"Oblig2.API.Controllers.DiscussionController.GetDiscussions (Oblig2.API)"'
2023-11-28 23:51:56.215 +01:00 [Error] An unhandled exception has occurred while executing the request.
System.InvalidOperationException: Unable to resolve service for type 'AutoMapper.IMapper' while attempting to activate 'Oblig2.API.Controllers.DiscussionController'.
   at Microsoft.Extensions.DependencyInjection.ActivatorUtilities.GetService(IServiceProvider sp, Type type, Type requiredBy, Boolean isDefaultParameterRequired)
   at lambda_method198(Closure, IServiceProvider, Object[])
   at Microsoft.AspNetCore.Mvc.Controllers.ControllerFactoryProvider.<>c__DisplayClass6_0.<CreateControllerFactory>g__CreateController|0(ControllerContext controllerContext)
   at Microsoft.AspNetCore.Mvc.Infrastructure.ControllerActionInvoker.Next(State& next, Scope& scope, Object& state, Boolean& isCompleted)
   at Microsoft.AspNetCore.Mvc.Infrastructure.ControllerActionInvoker.InvokeInnerFilterAsync()
--- End of stack trace from previous location ---
   at Microsoft.AspNetCore.Mvc.Infrastructure.ResourceInvoker.<InvokeFilterPipelineAsync>g__Awaited|20_0(ResourceInvoker invoker, Task lastTask, State next, Scope scope, Object state, Boolean isCompleted)
   at Microsoft.AspNetCore.Mvc.Infrastructure.ResourceInvoker.<InvokeAsync>g__Logged|17_1(ResourceInvoker invoker)
   at Microsoft.AspNetCore.Mvc.Infrastructure.ResourceInvoker.<InvokeAsync>g__Logged|17_1(ResourceInvoker invoker)
   at Microsoft.AspNetCore.Routing.EndpointMiddleware.<Invoke>g__AwaitRequestTask|6_0(Endpoint endpoint, Task requestTask, ILogger logger)
   at Microsoft.AspNetCore.Authorization.AuthorizationMiddleware.Invoke(HttpContext context)
   at Microsoft.AspNetCore.Authorization.AuthorizationMiddleware.Invoke(HttpContext context)
   at Microsoft.AspNetCore.Authentication.AuthenticationMiddleware.Invoke(HttpContext context)
   at Swashbuckle.AspNetCore.SwaggerUI.SwaggerUIMiddleware.Invoke(HttpContext httpContext)
   at Swashbuckle.AspNetCore.Swagger.SwaggerMiddleware.Invoke(HttpContext httpContext, ISwaggerProvider swaggerProvider)
   at Microsoft.AspNetCore.Diagnostics.DeveloperExceptionPageMiddlewareImpl.Invoke(HttpContext context)
2023-11-28 23:51:56.245 +01:00 [Information] Request finished HTTP/1.1 GET http://localhost:5000/api/discussion - - - 500 - text/plain;+charset=utf-8 383.7339ms
2023-11-28 23:52:05.388 +01:00 [Information] Application is shutting down...
