2023-11-25 09:36:26.426 +01:00 [Information] Database query initiated: Register user with username: pavlovicachilleas@gmail.com
2023-11-25 09:36:26.964 +01:00 [Information] Database register operation succesfull with username: pavlovicachilleas@gmail.com
2023-11-25 09:36:26.965 +01:00 [Information] Database query initiated: Register user with username: kincetube30@gmail.com
2023-11-25 09:36:26.993 +01:00 [Information] Database register operation succesfull with username: kincetube30@gmail.com
2023-11-25 09:36:26.993 +01:00 [Information] Database query initiated: Register user with username: lilchilleas@gmail.com
2023-11-25 09:36:26.997 +01:00 [Information] Database register operation succesfull with username: lilchilleas@gmail.com
2023-11-25 09:36:27.625 +01:00 [Information] User profile is available. Using '"C:\Users\pavlo\AppData\Local\ASP.NET\DataProtection-Keys"' as key repository and Windows DPAPI to encrypt keys at rest.
2023-11-25 09:36:27.751 +01:00 [Information] Now listening on: "http://localhost:5000"
2023-11-25 09:36:27.752 +01:00 [Information] Application started. Press Ctrl+C to shut down.
2023-11-25 09:36:27.752 +01:00 [Information] Hosting environment: "Development"
2023-11-25 09:36:27.752 +01:00 [Information] Content root path: "C:\Users\pavlo\Downloads\Oblig-2-1\Oblig2.API"
2023-11-25 09:37:35.863 +01:00 [Information] Request starting HTTP/1.1 OPTIONS http://localhost:5000/api/auth/login - -
2023-11-25 09:37:35.927 +01:00 [Information] CORS policy execution successful.
2023-11-25 09:37:35.932 +01:00 [Information] Request finished HTTP/1.1 OPTIONS http://localhost:5000/api/auth/login - - - 204 - - 71.5333ms
2023-11-25 09:37:35.941 +01:00 [Information] Request starting HTTP/1.1 POST http://localhost:5000/api/auth/login application/json 59
2023-11-25 09:37:35.944 +01:00 [Information] CORS policy execution successful.
2023-11-25 09:37:35.985 +01:00 [Warning] Failed to determine the https port for redirect.
2023-11-25 09:37:35.988 +01:00 [Information] Executing endpoint '"Oblig2.API.Controllers.AuthController.Login (Oblig2.API)"'
2023-11-25 09:37:36.019 +01:00 [Information] Route matched with "{action = \"Login\", controller = \"Auth\"}". Executing controller action with signature "System.Threading.Tasks.Task`1[Microsoft.AspNetCore.Mvc.IActionResult] Login(Oblig2.API.DTO.UserLoginDto)" on controller "Oblig2.API.Controllers.AuthController" ("Oblig2.API").
2023-11-25 09:37:36.090 +01:00 [Information] Login attempt with Username: kincetube30@gmail.com
2023-11-25 09:37:36.092 +01:00 [Information] Database query initiated: Checking username: kincetube30@gmail.com for existence and mathcing password in database
2023-11-25 09:37:36.164 +01:00 [Warning] Database login operation failed: No matching passowrds in database
2023-11-25 09:37:36.164 +01:00 [Warning] Login failed: Username: kincetube30@gmail.com
2023-11-25 09:37:36.175 +01:00 [Information] Executing "ObjectResult", writing value of type '"Microsoft.AspNetCore.Mvc.ProblemDetails"'.
2023-11-25 09:37:36.190 +01:00 [Information] Executed action "Oblig2.API.Controllers.AuthController.Login (Oblig2.API)" in 162.3563ms
2023-11-25 09:37:36.190 +01:00 [Information] Executed endpoint '"Oblig2.API.Controllers.AuthController.Login (Oblig2.API)"'
2023-11-25 09:37:36.265 +01:00 [Information] Request finished HTTP/1.1 POST http://localhost:5000/api/auth/login application/json 59 - 401 - application/problem+json;+charset=utf-8 323.3944ms
2023-11-25 09:37:47.557 +01:00 [Information] Request starting HTTP/1.1 OPTIONS http://localhost:5000/api/auth/login - -
2023-11-25 09:37:47.559 +01:00 [Information] CORS policy execution successful.
2023-11-25 09:37:47.559 +01:00 [Information] Request finished HTTP/1.1 OPTIONS http://localhost:5000/api/auth/login - - - 204 - - 2.5383ms
2023-11-25 09:37:47.561 +01:00 [Information] Request starting HTTP/1.1 POST http://localhost:5000/api/auth/login application/json 60
2023-11-25 09:37:47.561 +01:00 [Information] CORS policy execution successful.
2023-11-25 09:37:47.563 +01:00 [Information] Executing endpoint '"Oblig2.API.Controllers.AuthController.Login (Oblig2.API)"'
2023-11-25 09:37:47.564 +01:00 [Information] Route matched with "{action = \"Login\", controller = \"Auth\"}". Executing controller action with signature "System.Threading.Tasks.Task`1[Microsoft.AspNetCore.Mvc.IActionResult] Login(Oblig2.API.DTO.UserLoginDto)" on controller "Oblig2.API.Controllers.AuthController" ("Oblig2.API").
2023-11-25 09:37:47.569 +01:00 [Information] Login attempt with Username: kincetube30@gmail.com
2023-11-25 09:37:47.569 +01:00 [Information] Database query initiated: Checking username: kincetube30@gmail.com for existence and mathcing password in database
2023-11-25 09:37:47.665 +01:00 [Information] Database login operation succesfull with username: kincetube30@gmail.com and verified password
2023-11-25 09:37:47.778 +01:00 [Information] User: kincetube30@gmail.com logged in successfully
2023-11-25 09:37:47.781 +01:00 [Information] Executing "OkObjectResult", writing value of type '"<>f__AnonymousType0`1[[System.String, System.Private.CoreLib, Version=7.0.0.0, Culture=neutral, PublicKeyToken=7cec85d7bea7798e]]"'.
2023-11-25 09:37:47.789 +01:00 [Information] Executed action "Oblig2.API.Controllers.AuthController.Login (Oblig2.API)" in 224.76ms
2023-11-25 09:37:47.789 +01:00 [Information] Executed endpoint '"Oblig2.API.Controllers.AuthController.Login (Oblig2.API)"'
2023-11-25 09:37:47.790 +01:00 [Information] Request finished HTTP/1.1 POST http://localhost:5000/api/auth/login application/json 60 - 200 - application/json;+charset=utf-8 228.5227ms
2023-11-25 09:37:47.857 +01:00 [Information] Request starting HTTP/1.1 OPTIONS http://localhost:5000/api/discussion - -
2023-11-25 09:37:47.859 +01:00 [Information] CORS policy execution successful.
2023-11-25 09:37:47.859 +01:00 [Information] Request finished HTTP/1.1 OPTIONS http://localhost:5000/api/discussion - - - 204 - - 2.0329ms
2023-11-25 09:37:47.866 +01:00 [Information] Request starting HTTP/1.1 GET http://localhost:5000/api/discussion - -
2023-11-25 09:37:47.880 +01:00 [Information] CORS policy execution successful.
2023-11-25 09:37:47.958 +01:00 [Information] Executing endpoint '"Oblig2.API.Controllers.DiscussionController.GetDiscussions (Oblig2.API)"'
2023-11-25 09:37:47.964 +01:00 [Information] Route matched with "{action = \"GetDiscussions\", controller = \"Discussion\"}". Executing controller action with signature "System.Threading.Tasks.Task`1[Microsoft.AspNetCore.Mvc.ActionResult] GetDiscussions()" on controller "Oblig2.API.Controllers.DiscussionController" ("Oblig2.API").
2023-11-25 09:37:48.043 +01:00 [Information] Acquiring to get all discussions
2023-11-25 09:37:48.045 +01:00 [Information] Database query initiated: Fetching all discussions
2023-11-25 09:37:48.069 +01:00 [Information] Database get operation succesfull
2023-11-25 09:37:48.071 +01:00 [Information] Retrieved all discussions | Amount: 2 discussions
2023-11-25 09:37:48.072 +01:00 [Information] Executing "OkObjectResult", writing value of type '"System.Collections.Generic.List`1[[Oblig2.API.DTO.DiscussionDto, Oblig2.API, Version=1.0.0.0, Culture=neutral, PublicKeyToken=null]]"'.
2023-11-25 09:37:48.107 +01:00 [Information] Executed action "Oblig2.API.Controllers.DiscussionController.GetDiscussions (Oblig2.API)" in 142.731ms
2023-11-25 09:37:48.107 +01:00 [Information] Executed endpoint '"Oblig2.API.Controllers.DiscussionController.GetDiscussions (Oblig2.API)"'
2023-11-25 09:37:48.107 +01:00 [Information] Request finished HTTP/1.1 GET http://localhost:5000/api/discussion - - - 200 - application/json;+charset=utf-8 240.9042ms
2023-11-25 09:37:50.824 +01:00 [Information] Request starting HTTP/1.1 OPTIONS http://localhost:5000/api/discussion/1 - -
2023-11-25 09:37:50.824 +01:00 [Information] CORS policy execution successful.
2023-11-25 09:37:50.825 +01:00 [Information] Request finished HTTP/1.1 OPTIONS http://localhost:5000/api/discussion/1 - - - 204 - - 0.5292ms
2023-11-25 09:37:50.827 +01:00 [Information] Request starting HTTP/1.1 GET http://localhost:5000/api/discussion/1 - -
2023-11-25 09:37:50.828 +01:00 [Information] CORS policy execution successful.
2023-11-25 09:37:50.834 +01:00 [Information] Executing endpoint '"Oblig2.API.Controllers.DiscussionController.GetDiscussion (Oblig2.API)"'
2023-11-25 09:37:50.845 +01:00 [Information] Route matched with "{action = \"GetDiscussion\", controller = \"Discussion\"}". Executing controller action with signature "System.Threading.Tasks.Task`1[Microsoft.AspNetCore.Mvc.ActionResult`1[Oblig2.API.Models.Discussion]] GetDiscussion(Int32)" on controller "Oblig2.API.Controllers.DiscussionController" ("Oblig2.API").
2023-11-25 09:37:50.850 +01:00 [Information] Acquiring to get discussion with Id: 1
2023-11-25 09:37:50.854 +01:00 [Information] Database query initiated: Fetching discussion with ID: 1
2023-11-25 09:37:51.024 +01:00 [Warning] Compiling a query which loads related collections for more than one collection navigation, either via 'Include' or through projection, but no 'QuerySplittingBehavior' has been configured. By default, Entity Framework will use 'QuerySplittingBehavior.SingleQuery', which can potentially result in slow query performance. See https://go.microsoft.com/fwlink/?linkid=2134277 for more information. To identify the query that's triggering this warning call 'ConfigureWarnings(w => w.Throw(RelationalEventId.MultipleCollectionIncludeWarning))'.
2023-11-25 09:37:51.062 +01:00 [Information] Database get operation succesfull with Id: 1
2023-11-25 09:37:51.065 +01:00 [Information] Retrieved discussion with Id: 1
2023-11-25 09:37:51.065 +01:00 [Information] Executing "OkObjectResult", writing value of type '"Oblig2.API.DTO.DiscussionDto"'.
2023-11-25 09:37:51.072 +01:00 [Information] Executed action "Oblig2.API.Controllers.DiscussionController.GetDiscussion (Oblig2.API)" in 227.3717ms
2023-11-25 09:37:51.072 +01:00 [Information] Executed endpoint '"Oblig2.API.Controllers.DiscussionController.GetDiscussion (Oblig2.API)"'
2023-11-25 09:37:51.073 +01:00 [Information] Request finished HTTP/1.1 GET http://localhost:5000/api/discussion/1 - - - 200 - application/json;+charset=utf-8 245.3428ms
2023-11-25 09:37:53.861 +01:00 [Information] Request starting HTTP/1.1 OPTIONS http://localhost:5000/api/discussion/1/CreateComment - -
2023-11-25 09:37:53.861 +01:00 [Information] CORS policy execution successful.
2023-11-25 09:37:53.861 +01:00 [Information] Request finished HTTP/1.1 OPTIONS http://localhost:5000/api/discussion/1/CreateComment - - - 204 - - 0.5569ms
2023-11-25 09:37:53.864 +01:00 [Information] Request starting HTTP/1.1 POST http://localhost:5000/api/discussion/1/CreateComment application/json 54
2023-11-25 09:37:53.864 +01:00 [Information] CORS policy execution successful.
2023-11-25 09:37:53.869 +01:00 [Information] Executing endpoint '"Oblig2.API.Controllers.DiscussionController.CreateComment (Oblig2.API)"'
2023-11-25 09:37:53.873 +01:00 [Information] Route matched with "{action = \"CreateComment\", controller = \"Discussion\"}". Executing controller action with signature "System.Threading.Tasks.Task`1[Microsoft.AspNetCore.Mvc.ActionResult`1[Oblig2.API.Models.Comment]] CreateComment(Int32, Oblig2.API.DTO.CreateCommentDto)" on controller "Oblig2.API.Controllers.DiscussionController" ("Oblig2.API").
2023-11-25 09:37:53.886 +01:00 [Information] Acquiring to create a commment initiated by the UserId: 2
2023-11-25 09:37:53.889 +01:00 [Information] Database query initiated: Creating comment with discussion ID: 1
2023-11-25 09:37:53.931 +01:00 [Information] Database creation of comment operation succesfull for Discussion Id: 1 by User 2
2023-11-25 09:37:53.931 +01:00 [Information] Comment created successfully
2023-11-25 09:37:53.932 +01:00 [Information] Executing "ObjectResult", writing value of type '"Oblig2.API.DTO.CommentDto"'.
2023-11-25 09:37:53.934 +01:00 [Information] Executed action "Oblig2.API.Controllers.DiscussionController.CreateComment (Oblig2.API)" in 60.9717ms
2023-11-25 09:37:53.935 +01:00 [Information] Executed endpoint '"Oblig2.API.Controllers.DiscussionController.CreateComment (Oblig2.API)"'
2023-11-25 09:37:53.935 +01:00 [Information] Request finished HTTP/1.1 POST http://localhost:5000/api/discussion/1/CreateComment application/json 54 - 201 - application/json;+charset=utf-8 71.2529ms
2023-11-25 09:37:54.936 +01:00 [Information] Request starting HTTP/1.1 GET http://localhost:5000/api/discussion/1 - -
2023-11-25 09:37:54.936 +01:00 [Information] CORS policy execution successful.
2023-11-25 09:37:54.937 +01:00 [Information] Executing endpoint '"Oblig2.API.Controllers.DiscussionController.GetDiscussion (Oblig2.API)"'
2023-11-25 09:37:54.937 +01:00 [Information] Route matched with "{action = \"GetDiscussion\", controller = \"Discussion\"}". Executing controller action with signature "System.Threading.Tasks.Task`1[Microsoft.AspNetCore.Mvc.ActionResult`1[Oblig2.API.Models.Discussion]] GetDiscussion(Int32)" on controller "Oblig2.API.Controllers.DiscussionController" ("Oblig2.API").
2023-11-25 09:37:54.938 +01:00 [Information] Acquiring to get discussion with Id: 1
2023-11-25 09:37:54.940 +01:00 [Information] Database query initiated: Fetching discussion with ID: 1
2023-11-25 09:37:54.961 +01:00 [Information] Database get operation succesfull with Id: 1
2023-11-25 09:37:54.961 +01:00 [Information] Retrieved discussion with Id: 1
2023-11-25 09:37:54.962 +01:00 [Information] Executing "OkObjectResult", writing value of type '"Oblig2.API.DTO.DiscussionDto"'.
2023-11-25 09:37:54.963 +01:00 [Information] Executed action "Oblig2.API.Controllers.DiscussionController.GetDiscussion (Oblig2.API)" in 25.4168ms
2023-11-25 09:37:54.963 +01:00 [Information] Executed endpoint '"Oblig2.API.Controllers.DiscussionController.GetDiscussion (Oblig2.API)"'
2023-11-25 09:37:54.963 +01:00 [Information] Request finished HTTP/1.1 GET http://localhost:5000/api/discussion/1 - - - 200 - application/json;+charset=utf-8 26.7510ms
2023-11-25 09:38:04.228 +01:00 [Information] Request starting HTTP/1.1 OPTIONS http://localhost:5000/api/discussion - -
2023-11-25 09:38:04.229 +01:00 [Information] CORS policy execution successful.
2023-11-25 09:38:04.230 +01:00 [Information] Request finished HTTP/1.1 OPTIONS http://localhost:5000/api/discussion - - - 204 - - 1.5937ms
2023-11-25 09:38:04.234 +01:00 [Information] Request starting HTTP/1.1 GET http://localhost:5000/api/discussion - -
2023-11-25 09:38:04.235 +01:00 [Information] CORS policy execution successful.
2023-11-25 09:38:04.236 +01:00 [Information] Executing endpoint '"Oblig2.API.Controllers.DiscussionController.GetDiscussions (Oblig2.API)"'
2023-11-25 09:38:04.236 +01:00 [Information] Route matched with "{action = \"GetDiscussions\", controller = \"Discussion\"}". Executing controller action with signature "System.Threading.Tasks.Task`1[Microsoft.AspNetCore.Mvc.ActionResult] GetDiscussions()" on controller "Oblig2.API.Controllers.DiscussionController" ("Oblig2.API").
2023-11-25 09:38:04.237 +01:00 [Information] Acquiring to get all discussions
2023-11-25 09:38:04.237 +01:00 [Information] Database query initiated: Fetching all discussions
2023-11-25 09:38:04.239 +01:00 [Information] Database get operation succesfull
2023-11-25 09:38:04.239 +01:00 [Information] Retrieved all discussions | Amount: 2 discussions
2023-11-25 09:38:04.239 +01:00 [Information] Executing "OkObjectResult", writing value of type '"System.Collections.Generic.List`1[[Oblig2.API.DTO.DiscussionDto, Oblig2.API, Version=1.0.0.0, Culture=neutral, PublicKeyToken=null]]"'.
2023-11-25 09:38:04.239 +01:00 [Information] Executed action "Oblig2.API.Controllers.DiscussionController.GetDiscussions (Oblig2.API)" in 2.9109ms
2023-11-25 09:38:04.240 +01:00 [Information] Executed endpoint '"Oblig2.API.Controllers.DiscussionController.GetDiscussions (Oblig2.API)"'
2023-11-25 09:38:04.240 +01:00 [Information] Request finished HTTP/1.1 GET http://localhost:5000/api/discussion - - - 200 - application/json;+charset=utf-8 6.5549ms
2023-11-25 09:38:08.767 +01:00 [Information] Application is shutting down...
