2023-11-25 05:11:33.654 +01:00 [Information] Database query initiated: Register user with username: pavlovicachilleas@gmail.com
2023-11-25 05:11:34.110 +01:00 [Information] Database register operation succesfull with username: pavlovicachilleas@gmail.com
2023-11-25 05:11:34.113 +01:00 [Information] Database query initiated: Register user with username: kincetube30@gmail.com
2023-11-25 05:11:34.154 +01:00 [Information] Database register operation succesfull with username: kincetube30@gmail.com
2023-11-25 05:11:34.155 +01:00 [Information] Database query initiated: Register user with username: lilchilleas@gmail.com
2023-11-25 05:11:34.159 +01:00 [Information] Database register operation succesfull with username: lilchilleas@gmail.com
2023-11-25 05:11:34.822 +01:00 [Information] User profile is available. Using '"C:\Users\pavlo\AppData\Local\ASP.NET\DataProtection-Keys"' as key repository and Windows DPAPI to encrypt keys at rest.
2023-11-25 05:11:34.930 +01:00 [Information] Now listening on: "http://localhost:5000"
2023-11-25 05:11:34.931 +01:00 [Information] Application started. Press Ctrl+C to shut down.
2023-11-25 05:11:34.931 +01:00 [Information] Hosting environment: "Development"
2023-11-25 05:11:34.931 +01:00 [Information] Content root path: "C:\Users\pavlo\Downloads\Oblig-2\Oblig2.API"
2023-11-25 05:11:45.551 +01:00 [Information] Request starting HTTP/1.1 OPTIONS http://localhost:5000/api/discussion/3 - -
2023-11-25 05:11:45.643 +01:00 [Information] CORS policy execution successful.
2023-11-25 05:11:45.648 +01:00 [Information] Request finished HTTP/1.1 OPTIONS http://localhost:5000/api/discussion/3 - - - 204 - - 100.0991ms
2023-11-25 05:11:45.661 +01:00 [Information] Request starting HTTP/1.1 GET http://localhost:5000/api/discussion/3 - -
2023-11-25 05:11:45.669 +01:00 [Information] CORS policy execution successful.
2023-11-25 05:11:45.902 +01:00 [Warning] Failed to determine the https port for redirect.
2023-11-25 05:11:45.907 +01:00 [Information] Executing endpoint '"Oblig2.API.Controllers.DiscussionController.GetDiscussion (Oblig2.API)"'
2023-11-25 05:11:45.942 +01:00 [Information] Route matched with "{action = \"GetDiscussion\", controller = \"Discussion\"}". Executing controller action with signature "System.Threading.Tasks.Task`1[Microsoft.AspNetCore.Mvc.ActionResult`1[Oblig2.API.Models.Discussion]] GetDiscussion(Int32)" on controller "Oblig2.API.Controllers.DiscussionController" ("Oblig2.API").
2023-11-25 05:11:46.065 +01:00 [Information] Acquiring to get discussion with Id: 3
2023-11-25 05:11:46.068 +01:00 [Information] Database query initiated: Fetching discussion with ID: 3
2023-11-25 05:11:46.222 +01:00 [Information] Request starting HTTP/1.1 OPTIONS http://localhost:5000/api/discussion - -
2023-11-25 05:11:46.225 +01:00 [Information] CORS policy execution successful.
2023-11-25 05:11:46.227 +01:00 [Information] Request finished HTTP/1.1 OPTIONS http://localhost:5000/api/discussion - - - 204 - - 5.6558ms
2023-11-25 05:11:46.230 +01:00 [Information] Request starting HTTP/1.1 GET http://localhost:5000/api/discussion - -
2023-11-25 05:11:46.231 +01:00 [Information] CORS policy execution successful.
2023-11-25 05:11:46.239 +01:00 [Information] Executing endpoint '"Oblig2.API.Controllers.DiscussionController.GetDiscussions (Oblig2.API)"'
2023-11-25 05:11:46.255 +01:00 [Information] Route matched with "{action = \"GetDiscussions\", controller = \"Discussion\"}". Executing controller action with signature "System.Threading.Tasks.Task`1[Microsoft.AspNetCore.Mvc.ActionResult] GetDiscussions()" on controller "Oblig2.API.Controllers.DiscussionController" ("Oblig2.API").
2023-11-25 05:11:46.260 +01:00 [Information] Acquiring to get all discussions
2023-11-25 05:11:46.262 +01:00 [Information] Database query initiated: Fetching all discussions
2023-11-25 05:11:46.315 +01:00 [Warning] Compiling a query which loads related collections for more than one collection navigation, either via 'Include' or through projection, but no 'QuerySplittingBehavior' has been configured. By default, Entity Framework will use 'QuerySplittingBehavior.SingleQuery', which can potentially result in slow query performance. See https://go.microsoft.com/fwlink/?linkid=2134277 for more information. To identify the query that's triggering this warning call 'ConfigureWarnings(w => w.Throw(RelationalEventId.MultipleCollectionIncludeWarning))'.
2023-11-25 05:11:46.351 +01:00 [Warning] Database get operation failed: Attempted to get single discussion with null object
2023-11-25 05:11:46.353 +01:00 [Warning] No discussion object found with Id: 3
2023-11-25 05:11:46.371 +01:00 [Information] Executing "ObjectResult", writing value of type '"Microsoft.AspNetCore.Mvc.ProblemDetails"'.
2023-11-25 05:11:46.418 +01:00 [Information] Executed action "Oblig2.API.Controllers.DiscussionController.GetDiscussion (Oblig2.API)" in 462.4506ms
2023-11-25 05:11:46.419 +01:00 [Information] Executed endpoint '"Oblig2.API.Controllers.DiscussionController.GetDiscussion (Oblig2.API)"'
2023-11-25 05:11:46.432 +01:00 [Information] Request finished HTTP/1.1 GET http://localhost:5000/api/discussion/3 - - - 404 - application/problem+json;+charset=utf-8 770.9130ms
2023-11-25 05:11:46.436 +01:00 [Information] Database get operation succesfull
2023-11-25 05:11:46.446 +01:00 [Information] Retrieved all discussions | Amount: 2 discussions
2023-11-25 05:11:46.448 +01:00 [Information] Executing "OkObjectResult", writing value of type '"System.Collections.Generic.List`1[[Oblig2.API.DTO.DiscussionDto, Oblig2.API, Version=1.0.0.0, Culture=neutral, PublicKeyToken=null]]"'.
2023-11-25 05:11:46.500 +01:00 [Information] Executed action "Oblig2.API.Controllers.DiscussionController.GetDiscussions (Oblig2.API)" in 244.6278ms
2023-11-25 05:11:46.500 +01:00 [Information] Executed endpoint '"Oblig2.API.Controllers.DiscussionController.GetDiscussions (Oblig2.API)"'
2023-11-25 05:11:46.501 +01:00 [Information] Request finished HTTP/1.1 GET http://localhost:5000/api/discussion - - - 200 - application/json;+charset=utf-8 270.3523ms
2023-11-25 05:11:51.015 +01:00 [Information] Request starting HTTP/1.1 OPTIONS http://localhost:5000/api/discussion/CreateDiscussion - -
2023-11-25 05:11:51.015 +01:00 [Information] CORS policy execution successful.
2023-11-25 05:11:51.016 +01:00 [Information] Request finished HTTP/1.1 OPTIONS http://localhost:5000/api/discussion/CreateDiscussion - - - 204 - - 1.1048ms
2023-11-25 05:11:51.019 +01:00 [Information] Request starting HTTP/1.1 POST http://localhost:5000/api/discussion/CreateDiscussion application/json 29
2023-11-25 05:11:51.019 +01:00 [Information] CORS policy execution successful.
2023-11-25 05:11:51.036 +01:00 [Information] Executing endpoint '"Oblig2.API.Controllers.DiscussionController.CreateDiscussion (Oblig2.API)"'
2023-11-25 05:11:51.048 +01:00 [Information] Route matched with "{action = \"CreateDiscussion\", controller = \"Discussion\"}". Executing controller action with signature "System.Threading.Tasks.Task`1[Microsoft.AspNetCore.Mvc.ActionResult`1[Oblig2.API.Models.Discussion]] CreateDiscussion(Oblig2.API.DTO.CreateDiscussionDto)" on controller "Oblig2.API.Controllers.DiscussionController" ("Oblig2.API").
2023-11-25 05:11:51.092 +01:00 [Information] Acquiring to create a discussion initiated by the UserId: 2
2023-11-25 05:11:51.095 +01:00 [Information] Database query initiated: Creating discussion with ID: 0
2023-11-25 05:11:51.142 +01:00 [Information] Database creation operation succesfull with Id: 3 and User: kincetube30@gmail.com
2023-11-25 05:11:51.142 +01:00 [Information] Discussion created successfully
2023-11-25 05:11:51.144 +01:00 [Information] Executing "ObjectResult", writing value of type '"Oblig2.API.DTO.DiscussionDto"'.
2023-11-25 05:11:51.144 +01:00 [Information] Executed action "Oblig2.API.Controllers.DiscussionController.CreateDiscussion (Oblig2.API)" in 96.0174ms
2023-11-25 05:11:51.144 +01:00 [Information] Executed endpoint '"Oblig2.API.Controllers.DiscussionController.CreateDiscussion (Oblig2.API)"'
2023-11-25 05:11:51.156 +01:00 [Information] Request finished HTTP/1.1 POST http://localhost:5000/api/discussion/CreateDiscussion application/json 29 - 201 - application/json;+charset=utf-8 131.6137ms
2023-11-25 05:11:51.210 +01:00 [Information] Request starting HTTP/1.1 GET http://localhost:5000/api/discussion - -
2023-11-25 05:11:51.211 +01:00 [Information] CORS policy execution successful.
2023-11-25 05:11:51.213 +01:00 [Information] Executing endpoint '"Oblig2.API.Controllers.DiscussionController.GetDiscussions (Oblig2.API)"'
2023-11-25 05:11:51.213 +01:00 [Information] Route matched with "{action = \"GetDiscussions\", controller = \"Discussion\"}". Executing controller action with signature "System.Threading.Tasks.Task`1[Microsoft.AspNetCore.Mvc.ActionResult] GetDiscussions()" on controller "Oblig2.API.Controllers.DiscussionController" ("Oblig2.API").
2023-11-25 05:11:51.214 +01:00 [Information] Acquiring to get all discussions
2023-11-25 05:11:51.214 +01:00 [Information] Database query initiated: Fetching all discussions
2023-11-25 05:11:51.226 +01:00 [Information] Database get operation succesfull
2023-11-25 05:11:51.226 +01:00 [Information] Retrieved all discussions | Amount: 3 discussions
2023-11-25 05:11:51.231 +01:00 [Information] Executing "OkObjectResult", writing value of type '"System.Collections.Generic.List`1[[Oblig2.API.DTO.DiscussionDto, Oblig2.API, Version=1.0.0.0, Culture=neutral, PublicKeyToken=null]]"'.
2023-11-25 05:11:51.232 +01:00 [Information] Executed action "Oblig2.API.Controllers.DiscussionController.GetDiscussions (Oblig2.API)" in 18.7315ms
2023-11-25 05:11:51.232 +01:00 [Information] Executed endpoint '"Oblig2.API.Controllers.DiscussionController.GetDiscussions (Oblig2.API)"'
2023-11-25 05:11:51.232 +01:00 [Information] Request finished HTTP/1.1 GET http://localhost:5000/api/discussion - - - 200 - application/json;+charset=utf-8 22.2325ms
2023-11-25 05:11:52.794 +01:00 [Information] Request starting HTTP/1.1 OPTIONS http://localhost:5000/api/discussion/3 - -
2023-11-25 05:11:52.794 +01:00 [Information] CORS policy execution successful.
2023-11-25 05:11:52.795 +01:00 [Information] Request finished HTTP/1.1 OPTIONS http://localhost:5000/api/discussion/3 - - - 204 - - 0.5710ms
2023-11-25 05:11:52.800 +01:00 [Information] Request starting HTTP/1.1 GET http://localhost:5000/api/discussion/3 - -
2023-11-25 05:11:52.801 +01:00 [Information] CORS policy execution successful.
2023-11-25 05:11:52.801 +01:00 [Information] Executing endpoint '"Oblig2.API.Controllers.DiscussionController.GetDiscussion (Oblig2.API)"'
2023-11-25 05:11:52.802 +01:00 [Information] Route matched with "{action = \"GetDiscussion\", controller = \"Discussion\"}". Executing controller action with signature "System.Threading.Tasks.Task`1[Microsoft.AspNetCore.Mvc.ActionResult`1[Oblig2.API.Models.Discussion]] GetDiscussion(Int32)" on controller "Oblig2.API.Controllers.DiscussionController" ("Oblig2.API").
2023-11-25 05:11:52.806 +01:00 [Information] Acquiring to get discussion with Id: 3
2023-11-25 05:11:52.807 +01:00 [Information] Database query initiated: Fetching discussion with ID: 3
2023-11-25 05:11:52.853 +01:00 [Information] Database get operation succesfull with Id: 3
2023-11-25 05:11:52.855 +01:00 [Information] Retrieved discussion with Id: 3
2023-11-25 05:11:52.856 +01:00 [Information] Executing "OkObjectResult", writing value of type '"Oblig2.API.DTO.DiscussionDto"'.
2023-11-25 05:11:52.859 +01:00 [Information] Executed action "Oblig2.API.Controllers.DiscussionController.GetDiscussion (Oblig2.API)" in 57.7087ms
2023-11-25 05:11:52.860 +01:00 [Information] Executed endpoint '"Oblig2.API.Controllers.DiscussionController.GetDiscussion (Oblig2.API)"'
2023-11-25 05:11:52.860 +01:00 [Information] Request finished HTTP/1.1 GET http://localhost:5000/api/discussion/3 - - - 200 - application/json;+charset=utf-8 59.9943ms
2023-11-25 05:19:30.206 +01:00 [Information] Application is shutting down...
